2019-08-27 11:31:35,278 INFO (StartupInfoLogger.java:50)- Starting ApiApplication on N9E7I63DAFWHTOH with PID 7540 (D:\workspace_log\Log_Platform\Log_Api\target\classes started by Administrator in D:\workspace_log\Log_Platform\Log_Api)
2019-08-27 11:31:35,287 DEBUG (StartupInfoLogger.java:53)- Running with Spring Boot v2.1.7.RELEASE, Spring v5.1.9.RELEASE
2019-08-27 11:31:35,287 INFO (SpringApplication.java:647)- No active profile set, falling back to default profiles: default
2019-08-27 11:31:38,938 INFO (ElasticsearchConfig.java:55)- Elasticsearch初始化开始。。。。。
2019-08-27 11:31:45,517 INFO (StartupInfoLogger.java:59)- Started ApiApplication in 10.793 seconds (JVM running for 11.302)
2019-08-27 11:43:24,870 INFO (StartupInfoLogger.java:50)- Starting ApiApplication on N9E7I63DAFWHTOH with PID 12004 (D:\workspace_log\Log_Platform\Log_Api\target\classes started by Administrator in D:\workspace_log\Log_Platform\Log_Api)
2019-08-27 11:43:24,875 DEBUG (StartupInfoLogger.java:53)- Running with Spring Boot v2.1.7.RELEASE, Spring v5.1.9.RELEASE
2019-08-27 11:43:24,876 INFO (SpringApplication.java:647)- No active profile set, falling back to default profiles: default
2019-08-27 11:43:28,213 INFO (ElasticsearchConfig.java:55)- Elasticsearch初始化开始。。。。。
2019-08-27 11:43:34,506 INFO (StartupInfoLogger.java:59)- Started ApiApplication in 10.195 seconds (JVM running for 10.704)
2019-08-27 13:42:50,089 INFO (StartupInfoLogger.java:50)- Starting ApiApplication on N9E7I63DAFWHTOH with PID 10220 (D:\workspace_log\Log_Platform\Log_Api\target\classes started by Administrator in D:\workspace_log\Log_Platform\Log_Api)
2019-08-27 13:42:50,093 DEBUG (StartupInfoLogger.java:53)- Running with Spring Boot v2.1.7.RELEASE, Spring v5.1.9.RELEASE
2019-08-27 13:42:50,095 INFO (SpringApplication.java:647)- No active profile set, falling back to default profiles: default
2019-08-27 13:42:53,576 INFO (ElasticsearchConfig.java:55)- Elasticsearch初始化开始。。。。。
2019-08-27 13:43:03,738 INFO (StartupInfoLogger.java:59)- Started ApiApplication in 14.266 seconds (JVM running for 14.931)
2019-08-27 13:44:05,198 INFO (StartupInfoLogger.java:50)- Starting ApiApplication on N9E7I63DAFWHTOH with PID 8732 (D:\workspace_log\Log_Platform\Log_Api\target\classes started by Administrator in D:\workspace_log\Log_Platform\Log_Api)
2019-08-27 13:44:05,204 DEBUG (StartupInfoLogger.java:53)- Running with Spring Boot v2.1.7.RELEASE, Spring v5.1.9.RELEASE
2019-08-27 13:44:05,205 INFO (SpringApplication.java:647)- No active profile set, falling back to default profiles: default
2019-08-27 13:44:08,928 INFO (ElasticsearchConfig.java:55)- Elasticsearch初始化开始。。。。。
2019-08-27 13:44:14,786 INFO (StartupInfoLogger.java:59)- Started ApiApplication in 10.118 seconds (JVM running for 10.814)
2019-08-27 16:17:50,444 INFO (StartupInfoLogger.java:50)- Starting ApiApplication on N9E7I63DAFWHTOH with PID 3724 (D:\workspace_log\Log_Platform\Log_Api\target\classes started by Administrator in D:\workspace_log\Log_Platform\Log_Api)
2019-08-27 16:17:50,451 DEBUG (StartupInfoLogger.java:53)- Running with Spring Boot v2.1.7.RELEASE, Spring v5.1.9.RELEASE
2019-08-27 16:17:50,451 INFO (SpringApplication.java:647)- No active profile set, falling back to default profiles: default
2019-08-27 16:17:55,759 INFO (ElasticsearchConfig.java:55)- Elasticsearch初始化开始。。。。。
2019-08-27 16:18:02,695 INFO (StartupInfoLogger.java:59)- Started ApiApplication in 12.999 seconds (JVM running for 13.888)
2019-08-27 17:00:11,520 INFO (StartupInfoLogger.java:50)- Starting ApiApplication on N9E7I63DAFWHTOH with PID 832 (D:\workspace_log\Log_Platform\Log_Api\target\classes started by Administrator in D:\workspace_log\Log_Platform\Log_Api)
2019-08-27 17:00:11,525 DEBUG (StartupInfoLogger.java:53)- Running with Spring Boot v2.1.7.RELEASE, Spring v5.1.9.RELEASE
2019-08-27 17:00:11,526 INFO (SpringApplication.java:647)- No active profile set, falling back to default profiles: default
2019-08-27 17:00:15,976 INFO (ElasticsearchConfig.java:55)- Elasticsearch初始化开始。。。。。
2019-08-27 17:00:22,189 INFO (StartupInfoLogger.java:59)- Started ApiApplication in 11.287 seconds (JVM running for 12.145)
2019-08-27 17:00:27,768 DEBUG (BaseJdbcLogger.java:159)- ==>  Preparing: insert into log_file_info ( id, device_name, sn, log_type, file_type, file_name, file_path, file_size, create_time ) values ( ?, ?, ?, ?, ?, ?, ?, ?, ? ) 
2019-08-27 17:00:27,792 DEBUG (BaseJdbcLogger.java:159)- ==> Parameters: null, AP03(String), SN125TEST(String), 3(Integer), 2(Integer), content1.txt(String), device_log/AP03/2019/8/content1.txt(String), 1319473(Long), 2019-08-27 17:00:27.747(Timestamp)
2019-08-27 17:00:27,826 DEBUG (BaseJdbcLogger.java:159)- <==    Updates: 1
2019-08-27 17:30:30,292 INFO (StartupInfoLogger.java:50)- Starting ApiApplication on N9E7I63DAFWHTOH with PID 9260 (D:\workspace_log\Log_Platform\Log_Api\target\classes started by Administrator in D:\workspace_log\Log_Platform\Log_Api)
2019-08-27 17:30:30,297 DEBUG (StartupInfoLogger.java:53)- Running with Spring Boot v2.1.7.RELEASE, Spring v5.1.9.RELEASE
2019-08-27 17:30:30,297 INFO (SpringApplication.java:647)- No active profile set, falling back to default profiles: default
2019-08-27 17:30:34,525 INFO (ElasticsearchConfig.java:55)- Elasticsearch初始化开始。。。。。
2019-08-27 17:30:40,328 INFO (StartupInfoLogger.java:59)- Started ApiApplication in 10.578 seconds (JVM running for 11.251)
