2019-08-30 15:13:55,190 INFO (StartupInfoLogger.java:50)- Starting ApiApplication on N9E7I63DAFWHTOH with PID 4940 (D:\workspace_log\Log_Platform\Log_Api\target\classes started by Administrator in D:\workspace_log\Log_Platform\Log_Api)
2019-08-30 15:13:55,200 DEBUG (StartupInfoLogger.java:53)- Running with Spring Boot v2.1.7.RELEASE, Spring v5.1.9.RELEASE
2019-08-30 15:13:55,201 INFO (SpringApplication.java:647)- No active profile set, falling back to default profiles: default
2019-08-30 15:13:59,948 INFO (ElasticsearchConfig.java:55)- Elasticsearch初始化开始。。。。。
2019-08-30 15:14:06,242 INFO (StartupInfoLogger.java:59)- Started ApiApplication in 11.783 seconds (JVM running for 12.943)
2019-08-30 15:21:18,728 INFO (StartupInfoLogger.java:50)- Starting ApiApplication on N9E7I63DAFWHTOH with PID 11704 (D:\workspace_log\Log_Platform\Log_Api\target\classes started by Administrator in D:\workspace_log\Log_Platform\Log_Api)
2019-08-30 15:21:18,734 DEBUG (StartupInfoLogger.java:53)- Running with Spring Boot v2.1.7.RELEASE, Spring v5.1.9.RELEASE
2019-08-30 15:21:18,735 INFO (SpringApplication.java:647)- No active profile set, falling back to default profiles: default
2019-08-30 15:21:23,460 INFO (ElasticsearchConfig.java:55)- Elasticsearch初始化开始。。。。。
2019-08-30 15:21:29,848 INFO (StartupInfoLogger.java:59)- Started ApiApplication in 11.685 seconds (JVM running for 12.367)
2019-08-30 15:22:33,747 INFO (StartupInfoLogger.java:50)- Starting ApiApplication on N9E7I63DAFWHTOH with PID 5208 (D:\workspace_log\Log_Platform\Log_Api\target\classes started by Administrator in D:\workspace_log\Log_Platform\Log_Api)
2019-08-30 15:22:33,754 DEBUG (StartupInfoLogger.java:53)- Running with Spring Boot v2.1.7.RELEASE, Spring v5.1.9.RELEASE
2019-08-30 15:22:33,754 INFO (SpringApplication.java:647)- No active profile set, falling back to default profiles: default
2019-08-30 15:22:38,903 INFO (ElasticsearchConfig.java:55)- Elasticsearch初始化开始。。。。。
2019-08-30 15:22:44,805 INFO (StartupInfoLogger.java:59)- Started ApiApplication in 11.619 seconds (JVM running for 12.328)
2019-08-30 15:48:46,574 DEBUG (BaseJdbcLogger.java:159)- ==>  Preparing: insert into log_file_info ( id, device_name, sn, log_type, file_type, file_name, file_path, file_local_path, file_size, create_time ) values ( ?, ?, ?, ?, ?, ?, ?, ?, ?, ? ) 
2019-08-30 15:48:46,594 DEBUG (BaseJdbcLogger.java:159)- ==> Parameters: null, AP03(String), SN125TEST(String), 1(Integer), 1(Integer), logs.rar(String), device_log/AP03/2019/8/logs.rar(String), D:\workspace_log\Log_Platform\Log_Api\src\main\webapp\file\logFile\device_log\AP03\2019\8\(String), 54081(Long), 2019-08-30 15:48:46.543(Timestamp)
2019-08-30 15:48:46,642 DEBUG (BaseJdbcLogger.java:159)- <==    Updates: 1
2019-08-30 15:48:46,738 INFO (RabbitMqConfig.java:111)- 发送消息:{"logType":1,"fileName":"logs.rar","fileIndex":0,"fileLocalPath":"D:\\workspace_log\\Log_Platform\\Log_Api\\src\\main\\webapp\\file\\logFile\\device_log\\AP03\\2019\\8\\","createTime":1567151326543,"fileSize":54081,"fileTotal":0,"filePath":"device_log/AP03/2019/8/logs.rar","id":63,"sn":"SN125TEST","deviceName":"AP03","fileType":1},
2019-08-30 15:48:46,738 INFO (RabbitMqConfig.java:102)- 发送成功.deliveryTag:1,multiple:false
2019-08-30 16:23:26,702 DEBUG (BaseJdbcLogger.java:159)- ==>  Preparing: insert into log_file_info ( id, device_name, sn, log_type, file_type, file_name, file_path, file_local_path, file_size, create_time ) values ( ?, ?, ?, ?, ?, ?, ?, ?, ?, ? ) 
2019-08-30 16:23:26,705 DEBUG (BaseJdbcLogger.java:159)- ==> Parameters: null, AP03(String), SN125TEST(String), 1(Integer), 1(Integer), logs.zip(String), device_log/AP03/2019/8/logs.zip(String), D:\workspace_log\Log_Platform\Log_Api\src\main\webapp\file\logFile\device_log\AP03\2019\8\(String), 68325(Long), 2019-08-30 16:23:26.685(Timestamp)
2019-08-30 16:23:26,752 DEBUG (BaseJdbcLogger.java:159)- <==    Updates: 1
2019-08-30 16:23:26,760 INFO (RabbitMqConfig.java:111)- 发送消息:{"logType":1,"fileName":"logs.zip","fileIndex":0,"fileLocalPath":"D:\\workspace_log\\Log_Platform\\Log_Api\\src\\main\\webapp\\file\\logFile\\device_log\\AP03\\2019\\8\\","createTime":1567153406685,"fileSize":68325,"fileTotal":0,"filePath":"device_log/AP03/2019/8/logs.zip","id":64,"sn":"SN125TEST","deviceName":"AP03","fileType":1},
2019-08-30 16:23:26,761 INFO (RabbitMqConfig.java:102)- 发送成功.deliveryTag:1,multiple:false
2019-08-30 16:43:51,148 DEBUG (BaseJdbcLogger.java:159)- ==>  Preparing: insert into log_file_info ( id, device_name, sn, log_type, file_type, file_name, file_path, file_local_path, file_size, create_time ) values ( ?, ?, ?, ?, ?, ?, ?, ?, ?, ? ) 
2019-08-30 16:43:51,149 DEBUG (BaseJdbcLogger.java:159)- ==> Parameters: null, AP03(String), SN125TEST(String), 1(Integer), 1(Integer), logs.zip(String), device_log/AP03/2019/8/logs.zip(String), D:\workspace_log\Log_Platform\Log_Api\src\main\webapp\file\logFile\device_log\AP03\2019\8\(String), 68325(Long), 2019-08-30 16:43:51.138(Timestamp)
2019-08-30 16:43:51,192 DEBUG (BaseJdbcLogger.java:159)- <==    Updates: 1
2019-08-30 16:43:51,197 INFO (RabbitMqConfig.java:111)- 发送消息:{"logType":1,"fileName":"logs.zip","fileIndex":0,"fileLocalPath":"D:\\workspace_log\\Log_Platform\\Log_Api\\src\\main\\webapp\\file\\logFile\\device_log\\AP03\\2019\\8\\","createTime":1567154631138,"fileSize":68325,"fileTotal":0,"filePath":"device_log/AP03/2019/8/logs.zip","id":65,"sn":"SN125TEST","deviceName":"AP03","fileType":1},
2019-08-30 16:43:51,198 INFO (RabbitMqConfig.java:102)- 发送成功.deliveryTag:1,multiple:false
2019-08-30 16:54:35,347 DEBUG (BaseJdbcLogger.java:159)- ==>  Preparing: insert into log_file_info ( id, device_name, sn, log_type, file_type, file_name, file_path, file_local_path, file_size, create_time ) values ( ?, ?, ?, ?, ?, ?, ?, ?, ?, ? ) 
2019-08-30 16:54:35,348 DEBUG (BaseJdbcLogger.java:159)- ==> Parameters: null, AP03(String), SN125TEST(String), 1(Integer), 1(Integer), logs.zip(String), device_log/AP03/2019/8/logs.zip(String), D:\workspace_log\Log_Platform\Log_Api\src\main\webapp\file\logFile\device_log\AP03\2019\8\(String), 68325(Long), 2019-08-30 16:54:35.34(Timestamp)
2019-08-30 16:54:35,388 DEBUG (BaseJdbcLogger.java:159)- <==    Updates: 1
2019-08-30 16:54:35,394 INFO (RabbitMqConfig.java:111)- 发送消息:{"logType":1,"fileName":"logs.zip","fileIndex":0,"fileLocalPath":"D:\\workspace_log\\Log_Platform\\Log_Api\\src\\main\\webapp\\file\\logFile\\device_log\\AP03\\2019\\8\\","createTime":1567155275340,"fileSize":68325,"fileTotal":0,"filePath":"device_log/AP03/2019/8/logs.zip","id":66,"sn":"SN125TEST","deviceName":"AP03","fileType":1},
2019-08-30 16:54:35,395 INFO (RabbitMqConfig.java:102)- 发送成功.deliveryTag:1,multiple:false
2019-08-30 16:57:34,370 DEBUG (BaseJdbcLogger.java:159)- ==>  Preparing: insert into log_file_info ( id, device_name, sn, log_type, file_type, file_name, file_path, file_local_path, file_size, create_time ) values ( ?, ?, ?, ?, ?, ?, ?, ?, ?, ? ) 
2019-08-30 16:57:34,370 DEBUG (BaseJdbcLogger.java:159)- ==> Parameters: null, AP03(String), SN125TEST(String), 1(Integer), 1(Integer), logs.zip(String), device_log/AP03/2019/8/logs.zip(String), D:\workspace_log\Log_Platform\Log_Api\src\main\webapp\file\logFile\device_log\AP03\2019\8\(String), 68325(Long), 2019-08-30 16:57:34.362(Timestamp)
2019-08-30 16:57:34,413 DEBUG (BaseJdbcLogger.java:159)- <==    Updates: 1
2019-08-30 16:57:34,420 INFO (RabbitMqConfig.java:111)- 发送消息:{"logType":1,"fileName":"logs.zip","fileIndex":0,"fileLocalPath":"D:\\workspace_log\\Log_Platform\\Log_Api\\src\\main\\webapp\\file\\logFile\\device_log\\AP03\\2019\\8\\","createTime":1567155454362,"fileSize":68325,"fileTotal":0,"filePath":"device_log/AP03/2019/8/logs.zip","id":67,"sn":"SN125TEST","deviceName":"AP03","fileType":1},
2019-08-30 16:57:34,421 INFO (RabbitMqConfig.java:102)- 发送成功.deliveryTag:1,multiple:false
2019-08-30 17:01:44,348 DEBUG (BaseJdbcLogger.java:159)- ==>  Preparing: insert into log_file_info ( id, device_name, sn, log_type, file_type, file_name, file_path, file_local_path, file_size, create_time ) values ( ?, ?, ?, ?, ?, ?, ?, ?, ?, ? ) 
2019-08-30 17:01:44,349 DEBUG (BaseJdbcLogger.java:159)- ==> Parameters: null, AP03(String), SN125TEST(String), 1(Integer), 1(Integer), logs.zip(String), device_log/AP03/2019/8/logs.zip(String), D:\workspace_log\Log_Platform\Log_Api\src\main\webapp\file\logFile\device_log\AP03\2019\8\(String), 68325(Long), 2019-08-30 17:01:44.341(Timestamp)
2019-08-30 17:01:44,382 DEBUG (BaseJdbcLogger.java:159)- <==    Updates: 1
2019-08-30 17:01:44,389 INFO (RabbitMqConfig.java:111)- 发送消息:{"logType":1,"fileName":"logs.zip","fileIndex":0,"fileLocalPath":"D:\\workspace_log\\Log_Platform\\Log_Api\\src\\main\\webapp\\file\\logFile\\device_log\\AP03\\2019\\8\\","createTime":1567155704341,"fileSize":68325,"fileTotal":0,"filePath":"device_log/AP03/2019/8/logs.zip","id":68,"sn":"SN125TEST","deviceName":"AP03","fileType":1},
2019-08-30 17:01:44,390 INFO (RabbitMqConfig.java:102)- 发送成功.deliveryTag:1,multiple:false
2019-08-30 17:02:40,098 DEBUG (BaseJdbcLogger.java:159)- ==>  Preparing: insert into log_file_info ( id, device_name, sn, log_type, file_type, file_name, file_path, file_local_path, file_size, create_time ) values ( ?, ?, ?, ?, ?, ?, ?, ?, ?, ? ) 
2019-08-30 17:02:40,099 DEBUG (BaseJdbcLogger.java:159)- ==> Parameters: null, AP03(String), SN125TEST(String), 1(Integer), 1(Integer), logs.zip(String), device_log/AP03/2019/8/logs.zip(String), D:\workspace_log\Log_Platform\Log_Api\src\main\webapp\file\logFile\device_log\AP03\2019\8\(String), 68325(Long), 2019-08-30 17:02:40.09(Timestamp)
2019-08-30 17:02:40,144 DEBUG (BaseJdbcLogger.java:159)- <==    Updates: 1
2019-08-30 17:02:40,150 INFO (RabbitMqConfig.java:111)- 发送消息:{"logType":1,"fileName":"logs.zip","fileIndex":0,"fileLocalPath":"D:\\workspace_log\\Log_Platform\\Log_Api\\src\\main\\webapp\\file\\logFile\\device_log\\AP03\\2019\\8\\","createTime":1567155760090,"fileSize":68325,"fileTotal":0,"filePath":"device_log/AP03/2019/8/logs.zip","id":69,"sn":"SN125TEST","deviceName":"AP03","fileType":1},
2019-08-30 17:02:40,151 INFO (RabbitMqConfig.java:102)- 发送成功.deliveryTag:1,multiple:false
2019-08-30 17:04:50,522 DEBUG (BaseJdbcLogger.java:159)- ==>  Preparing: insert into log_file_info ( id, device_name, sn, log_type, file_type, file_name, file_path, file_local_path, file_size, create_time ) values ( ?, ?, ?, ?, ?, ?, ?, ?, ?, ? ) 
2019-08-30 17:04:50,523 DEBUG (BaseJdbcLogger.java:159)- ==> Parameters: null, AP03(String), SN125TEST(String), 1(Integer), 1(Integer), logs.zip(String), device_log/AP03/2019/8/logs.zip(String), D:\workspace_log\Log_Platform\Log_Api\src\main\webapp\file\logFile\device_log\AP03\2019\8\(String), 68325(Long), 2019-08-30 17:04:50.515(Timestamp)
2019-08-30 17:04:50,558 DEBUG (BaseJdbcLogger.java:159)- <==    Updates: 1
2019-08-30 17:04:50,564 INFO (RabbitMqConfig.java:111)- 发送消息:{"logType":1,"fileName":"logs.zip","fileIndex":0,"fileLocalPath":"D:\\workspace_log\\Log_Platform\\Log_Api\\src\\main\\webapp\\file\\logFile\\device_log\\AP03\\2019\\8\\","createTime":1567155890515,"fileSize":68325,"fileTotal":0,"filePath":"device_log/AP03/2019/8/logs.zip","id":70,"sn":"SN125TEST","deviceName":"AP03","fileType":1},
2019-08-30 17:04:50,565 INFO (RabbitMqConfig.java:102)- 发送成功.deliveryTag:1,multiple:false
2019-08-30 17:11:35,497 INFO (StartupInfoLogger.java:50)- Starting ApiApplication on N9E7I63DAFWHTOH with PID 13088 (D:\workspace_log\Log_Platform\Log_Api\target\classes started by Administrator in D:\workspace_log\Log_Platform\Log_Api)
2019-08-30 17:11:35,501 DEBUG (StartupInfoLogger.java:53)- Running with Spring Boot v2.1.7.RELEASE, Spring v5.1.9.RELEASE
2019-08-30 17:11:35,502 INFO (SpringApplication.java:647)- No active profile set, falling back to default profiles: default
2019-08-30 17:11:39,766 INFO (ElasticsearchConfig.java:55)- Elasticsearch初始化开始。。。。。
2019-08-30 17:11:45,405 INFO (StartupInfoLogger.java:59)- Started ApiApplication in 10.433 seconds (JVM running for 11.161)
2019-08-30 17:12:09,230 DEBUG (BaseJdbcLogger.java:159)- ==>  Preparing: insert into log_file_info ( id, device_name, sn, log_type, file_type, file_name, file_path, file_local_path, file_size, create_time ) values ( ?, ?, ?, ?, ?, ?, ?, ?, ?, ? ) 
2019-08-30 17:12:09,254 DEBUG (BaseJdbcLogger.java:159)- ==> Parameters: null, AP03(String), SN125TEST(String), 1(Integer), 1(Integer), logs.zip(String), device_log/AP03/2019/8/logs.zip(String), D:\workspace_log\Log_Platform\Log_Api\src\main\webapp\file\logFile\device_log\AP03\2019\8\(String), 68325(Long), 2019-08-30 17:12:09.21(Timestamp)
2019-08-30 17:12:09,299 DEBUG (BaseJdbcLogger.java:159)- <==    Updates: 1
2019-08-30 17:12:09,393 INFO (RabbitMqConfig.java:111)- 发送消息:{"logType":1,"fileName":"logs.zip","fileIndex":0,"fileLocalPath":"D:\\workspace_log\\Log_Platform\\Log_Api\\src\\main\\webapp\\file\\logFile\\device_log\\AP03\\2019\\8\\","createTime":1567156329210,"fileSize":68325,"fileTotal":0,"filePath":"device_log/AP03/2019/8/logs.zip","id":71,"sn":"SN125TEST","deviceName":"AP03","fileType":1},
2019-08-30 17:12:09,394 INFO (RabbitMqConfig.java:102)- 发送成功.deliveryTag:1,multiple:false
2019-08-30 17:17:31,764 DEBUG (BaseJdbcLogger.java:159)- ==>  Preparing: insert into log_file_info ( id, device_name, sn, log_type, file_type, file_name, file_path, file_local_path, file_size, create_time ) values ( ?, ?, ?, ?, ?, ?, ?, ?, ?, ? ) 
2019-08-30 17:17:31,765 DEBUG (BaseJdbcLogger.java:159)- ==> Parameters: null, AP03(String), SN125TEST(String), 1(Integer), 1(Integer), logs.zip(String), device_log/AP03/2019/8/logs.zip(String), D:\workspace_log\Log_Platform\Log_Api\src\main\webapp\file\logFile\device_log\AP03\2019\8\(String), 68325(Long), 2019-08-30 17:17:31.756(Timestamp)
2019-08-30 17:17:31,801 DEBUG (BaseJdbcLogger.java:159)- <==    Updates: 1
2019-08-30 17:17:31,808 INFO (RabbitMqConfig.java:111)- 发送消息:{"logType":1,"fileName":"logs.zip","fileIndex":0,"fileLocalPath":"D:\\workspace_log\\Log_Platform\\Log_Api\\src\\main\\webapp\\file\\logFile\\device_log\\AP03\\2019\\8\\","createTime":1567156651756,"fileSize":68325,"fileTotal":0,"filePath":"device_log/AP03/2019/8/logs.zip","id":72,"sn":"SN125TEST","deviceName":"AP03","fileType":1},
2019-08-30 17:17:31,809 INFO (RabbitMqConfig.java:102)- 发送成功.deliveryTag:1,multiple:false
2019-08-30 17:20:22,936 DEBUG (BaseJdbcLogger.java:159)- ==>  Preparing: insert into log_file_info ( id, device_name, sn, log_type, file_type, file_name, file_path, file_local_path, file_size, create_time ) values ( ?, ?, ?, ?, ?, ?, ?, ?, ?, ? ) 
2019-08-30 17:20:22,937 DEBUG (BaseJdbcLogger.java:159)- ==> Parameters: null, AP03(String), SN125TEST(String), 1(Integer), 1(Integer), logs.zip(String), device_log/AP03/2019/8/logs.zip(String), D:\workspace_log\Log_Platform\Log_Api\src\main\webapp\file\logFile\device_log\AP03\2019\8\(String), 68325(Long), 2019-08-30 17:20:22.929(Timestamp)
2019-08-30 17:20:22,985 DEBUG (BaseJdbcLogger.java:159)- <==    Updates: 1
2019-08-30 17:20:22,991 INFO (RabbitMqConfig.java:111)- 发送消息:{"logType":1,"fileName":"logs.zip","fileIndex":0,"fileLocalPath":"D:\\workspace_log\\Log_Platform\\Log_Api\\src\\main\\webapp\\file\\logFile\\device_log\\AP03\\2019\\8\\","createTime":1567156822929,"fileSize":68325,"fileTotal":0,"filePath":"device_log/AP03/2019/8/logs.zip","id":73,"sn":"SN125TEST","deviceName":"AP03","fileType":1},
2019-08-30 17:20:22,992 INFO (RabbitMqConfig.java:102)- 发送成功.deliveryTag:1,multiple:false
2019-08-30 17:29:02,981 DEBUG (BaseJdbcLogger.java:159)- ==>  Preparing: insert into log_file_info ( id, device_name, sn, log_type, file_type, file_name, file_path, file_local_path, file_size, create_time ) values ( ?, ?, ?, ?, ?, ?, ?, ?, ?, ? ) 
2019-08-30 17:29:02,982 DEBUG (BaseJdbcLogger.java:159)- ==> Parameters: null, AP03(String), SN125TEST(String), 1(Integer), 1(Integer), logs.zip(String), device_log/AP03/2019/8/logs.zip(String), D:\workspace_log\Log_Platform\Log_Api\src\main\webapp\file\logFile\device_log\AP03\2019\8\(String), 68325(Long), 2019-08-30 17:29:02.973(Timestamp)
2019-08-30 17:29:03,022 DEBUG (BaseJdbcLogger.java:159)- <==    Updates: 1
2019-08-30 17:29:03,029 INFO (RabbitMqConfig.java:111)- 发送消息:{"logType":1,"fileName":"logs.zip","fileIndex":0,"fileLocalPath":"D:\\workspace_log\\Log_Platform\\Log_Api\\src\\main\\webapp\\file\\logFile\\device_log\\AP03\\2019\\8\\","createTime":1567157342973,"fileSize":68325,"fileTotal":0,"filePath":"device_log/AP03/2019/8/logs.zip","id":74,"sn":"SN125TEST","deviceName":"AP03","fileType":1},
2019-08-30 17:29:03,030 INFO (RabbitMqConfig.java:102)- 发送成功.deliveryTag:1,multiple:false
2019-08-30 17:30:12,556 DEBUG (BaseJdbcLogger.java:159)- ==>  Preparing: insert into log_file_info ( id, device_name, sn, log_type, file_type, file_name, file_path, file_local_path, file_size, create_time ) values ( ?, ?, ?, ?, ?, ?, ?, ?, ?, ? ) 
2019-08-30 17:30:12,557 DEBUG (BaseJdbcLogger.java:159)- ==> Parameters: null, AP03(String), SN125TEST(String), 1(Integer), 1(Integer), logs.zip(String), device_log/AP03/2019/8/logs.zip(String), D:\workspace_log\Log_Platform\Log_Api\src\main\webapp\file\logFile\device_log\AP03\2019\8\(String), 68325(Long), 2019-08-30 17:30:12.547(Timestamp)
2019-08-30 17:30:12,592 DEBUG (BaseJdbcLogger.java:159)- <==    Updates: 1
2019-08-30 17:30:12,598 INFO (RabbitMqConfig.java:111)- 发送消息:{"logType":1,"fileName":"logs.zip","fileIndex":0,"fileLocalPath":"D:\\workspace_log\\Log_Platform\\Log_Api\\src\\main\\webapp\\file\\logFile\\device_log\\AP03\\2019\\8\\","createTime":1567157412547,"fileSize":68325,"fileTotal":0,"filePath":"device_log/AP03/2019/8/logs.zip","id":75,"sn":"SN125TEST","deviceName":"AP03","fileType":1},
2019-08-30 17:30:12,599 INFO (RabbitMqConfig.java:102)- 发送成功.deliveryTag:1,multiple:false
2019-08-30 17:43:45,114 DEBUG (BaseJdbcLogger.java:159)- ==>  Preparing: insert into log_file_info ( id, device_name, sn, log_type, file_type, file_name, file_path, file_local_path, file_size, create_time ) values ( ?, ?, ?, ?, ?, ?, ?, ?, ?, ? ) 
2019-08-30 17:43:45,115 DEBUG (BaseJdbcLogger.java:159)- ==> Parameters: null, AP03(String), SN125TEST(String), 1(Integer), 1(Integer), logs.zip(String), device_log/AP03/2019/8/logs.zip(String), D:\workspace_log\Log_Platform\Log_Api\src\main\webapp\file\logFile\device_log\AP03\2019\8\(String), 68325(Long), 2019-08-30 17:43:45.106(Timestamp)
2019-08-30 17:43:45,149 DEBUG (BaseJdbcLogger.java:159)- <==    Updates: 1
2019-08-30 17:43:45,154 INFO (RabbitMqConfig.java:111)- 发送消息:{"logType":1,"fileName":"logs.zip","fileIndex":0,"fileLocalPath":"D:\\workspace_log\\Log_Platform\\Log_Api\\src\\main\\webapp\\file\\logFile\\device_log\\AP03\\2019\\8\\","createTime":1567158225106,"fileSize":68325,"fileTotal":0,"filePath":"device_log/AP03/2019/8/logs.zip","id":76,"sn":"SN125TEST","deviceName":"AP03","fileType":1},
2019-08-30 17:43:45,155 INFO (RabbitMqConfig.java:102)- 发送成功.deliveryTag:1,multiple:false
2019-08-30 17:49:43,104 DEBUG (BaseJdbcLogger.java:159)- ==>  Preparing: insert into log_file_info ( id, device_name, sn, log_type, file_type, file_name, file_path, file_local_path, file_size, create_time ) values ( ?, ?, ?, ?, ?, ?, ?, ?, ?, ? ) 
2019-08-30 17:49:43,105 DEBUG (BaseJdbcLogger.java:159)- ==> Parameters: null, AP03(String), SN125TEST(String), 1(Integer), 1(Integer), logs.zip(String), device_log/AP03/2019/8/logs.zip(String), D:\workspace_log\Log_Platform\Log_Api\src\main\webapp\file\logFile\device_log\AP03\2019\8\(String), 68325(Long), 2019-08-30 17:49:43.096(Timestamp)
2019-08-30 17:49:43,156 DEBUG (BaseJdbcLogger.java:159)- <==    Updates: 1
2019-08-30 17:49:43,163 INFO (RabbitMqConfig.java:111)- 发送消息:{"logType":1,"fileName":"logs.zip","fileIndex":0,"fileLocalPath":"D:\\workspace_log\\Log_Platform\\Log_Api\\src\\main\\webapp\\file\\logFile\\device_log\\AP03\\2019\\8\\","createTime":1567158583096,"fileSize":68325,"fileTotal":0,"filePath":"device_log/AP03/2019/8/logs.zip","id":77,"sn":"SN125TEST","deviceName":"AP03","fileType":1},
2019-08-30 17:49:43,163 INFO (RabbitMqConfig.java:102)- 发送成功.deliveryTag:1,multiple:false
2019-08-30 17:50:35,928 DEBUG (BaseJdbcLogger.java:159)- ==>  Preparing: insert into log_file_info ( id, device_name, sn, log_type, file_type, file_name, file_path, file_local_path, file_size, create_time ) values ( ?, ?, ?, ?, ?, ?, ?, ?, ?, ? ) 
2019-08-30 17:50:35,929 DEBUG (BaseJdbcLogger.java:159)- ==> Parameters: null, AP03(String), SN125TEST(String), 1(Integer), 1(Integer), test.zip(String), device_log/AP03/2019/8/test.zip(String), D:\workspace_log\Log_Platform\Log_Api\src\main\webapp\file\logFile\device_log\AP03\2019\8\(String), 2708998(Long), 2019-08-30 17:50:35.919(Timestamp)
2019-08-30 17:50:35,960 DEBUG (BaseJdbcLogger.java:159)- <==    Updates: 1
2019-08-30 17:50:35,970 INFO (RabbitMqConfig.java:111)- 发送消息:{"logType":1,"fileName":"test.zip","fileIndex":0,"fileLocalPath":"D:\\workspace_log\\Log_Platform\\Log_Api\\src\\main\\webapp\\file\\logFile\\device_log\\AP03\\2019\\8\\","createTime":1567158635919,"fileSize":2708998,"fileTotal":0,"filePath":"device_log/AP03/2019/8/test.zip","id":78,"sn":"SN125TEST","deviceName":"AP03","fileType":1},
2019-08-30 17:50:35,970 INFO (RabbitMqConfig.java:102)- 发送成功.deliveryTag:1,multiple:false
