2019-08-28 09:55:12,694 INFO (StartupInfoLogger.java:50)- Starting ApiApplication on N9E7I63DAFWHTOH with PID 3184 (D:\workspace_log\Log_Platform\Log_Api\target\classes started by Administrator in D:\workspace_log\Log_Platform\Log_Api)
2019-08-28 09:55:12,707 DEBUG (StartupInfoLogger.java:53)- Running with Spring Boot v2.1.7.RELEASE, Spring v5.1.9.RELEASE
2019-08-28 09:55:12,708 INFO (SpringApplication.java:647)- No active profile set, falling back to default profiles: default
2019-08-28 09:55:17,089 INFO (ElasticsearchConfig.java:55)- Elasticsearch初始化开始。。。。。
2019-08-28 10:00:39,101 INFO (StartupInfoLogger.java:50)- Starting ApiApplication on N9E7I63DAFWHTOH with PID 4572 (D:\workspace_log\Log_Platform\Log_Api\target\classes started by Administrator in D:\workspace_log\Log_Platform\Log_Api)
2019-08-28 10:00:39,105 DEBUG (StartupInfoLogger.java:53)- Running with Spring Boot v2.1.7.RELEASE, Spring v5.1.9.RELEASE
2019-08-28 10:00:39,106 INFO (SpringApplication.java:647)- No active profile set, falling back to default profiles: default
2019-08-28 10:00:43,277 INFO (ElasticsearchConfig.java:55)- Elasticsearch初始化开始。。。。。
2019-08-28 10:03:44,569 INFO (StartupInfoLogger.java:50)- Starting ApiApplication on N9E7I63DAFWHTOH with PID 820 (D:\workspace_log\Log_Platform\Log_Api\target\classes started by Administrator in D:\workspace_log\Log_Platform\Log_Api)
2019-08-28 10:03:44,575 DEBUG (StartupInfoLogger.java:53)- Running with Spring Boot v2.1.7.RELEASE, Spring v5.1.9.RELEASE
2019-08-28 10:03:44,575 INFO (SpringApplication.java:647)- No active profile set, falling back to default profiles: default
2019-08-28 10:03:48,727 INFO (ElasticsearchConfig.java:55)- Elasticsearch初始化开始。。。。。
2019-08-28 10:04:06,021 INFO (StartupInfoLogger.java:59)- Started ApiApplication in 21.979 seconds (JVM running for 22.664)
2019-08-28 10:06:49,730 DEBUG (BaseJdbcLogger.java:159)- ==>  Preparing: insert into log_file_info ( id, device_name, sn, log_type, file_type, file_name, file_path, file_size, create_time ) values ( ?, ?, ?, ?, ?, ?, ?, ?, ? ) 
2019-08-28 10:06:49,751 DEBUG (BaseJdbcLogger.java:159)- ==> Parameters: null, AP03(String), SN125TEST(String), 3(Integer), 2(Integer), 微软云平台.docx(String), device_log/AP03/2019/8/微软云平台.docx(String), 605907(Long), 2019-08-28 10:06:49.702(Timestamp)
2019-08-28 10:06:49,783 DEBUG (BaseJdbcLogger.java:159)- <==    Updates: 1
2019-08-28 10:06:50,128 INFO (RabbitMqConfig.java:114)- 发送消息:{"logType":3,"fileName":"微软云平台.docx","fileIndex":0,"createTime":1566958009702,"fileSize":605907,"fileTotal":0,"filePath":"device_log/AP03/2019/8/微软云平台.docx","id":2,"sn":"SN125TEST","deviceName":"AP03","fileType":2},
2019-08-28 14:30:33,827 INFO (StartupInfoLogger.java:50)- Starting ApiApplication on N9E7I63DAFWHTOH with PID 13068 (D:\workspace_log\Log_Platform\Log_Api\target\classes started by Administrator in D:\workspace_log\Log_Platform\Log_Api)
2019-08-28 14:30:33,832 DEBUG (StartupInfoLogger.java:53)- Running with Spring Boot v2.1.7.RELEASE, Spring v5.1.9.RELEASE
2019-08-28 14:30:33,833 INFO (SpringApplication.java:647)- No active profile set, falling back to default profiles: default
2019-08-28 14:30:38,318 INFO (ElasticsearchConfig.java:55)- Elasticsearch初始化开始。。。。。
2019-08-28 14:30:44,827 INFO (StartupInfoLogger.java:59)- Started ApiApplication in 11.702 seconds (JVM running for 12.574)
2019-08-28 14:34:45,255 DEBUG (BaseJdbcLogger.java:159)- ==>  Preparing: insert into log_file_info ( id, device_name, sn, log_type, file_type, file_name, file_path, file_size, create_time ) values ( ?, ?, ?, ?, ?, ?, ?, ?, ? ) 
2019-08-28 14:34:45,279 DEBUG (BaseJdbcLogger.java:159)- ==> Parameters: null, AP03(String), SN125TEST(String), 1(Integer), 1(Integer), mongdbScript.rar(String), device_log/AP03/2019/8/mongdbScript.rar(String), 696(Long), 2019-08-28 14:34:45.224(Timestamp)
2019-08-28 14:34:45,313 DEBUG (BaseJdbcLogger.java:159)- <==    Updates: 1
2019-08-28 14:34:45,432 INFO (RabbitMqConfig.java:114)- 发送消息:{"logType":1,"fileName":"mongdbScript.rar","fileIndex":0,"createTime":1566974085224,"fileSize":696,"fileTotal":0,"filePath":"device_log/AP03/2019/8/mongdbScript.rar","id":3,"sn":"SN125TEST","deviceName":"AP03","fileType":1},
2019-08-28 15:07:01,935 DEBUG (BaseJdbcLogger.java:159)- ==>  Preparing: insert into log_file_info ( id, device_name, sn, log_type, file_type, file_name, file_path, file_size, create_time ) values ( ?, ?, ?, ?, ?, ?, ?, ?, ? ) 
2019-08-28 15:07:01,936 DEBUG (BaseJdbcLogger.java:159)- ==> Parameters: null, AP03(String), SN125TEST(String), 1(Integer), 1(Integer), mongdbScript.rar(String), device_log/AP03/2019/8/mongdbScript.rar(String), 696(Long), 2019-08-28 15:07:01.85(Timestamp)
2019-08-28 15:07:01,981 DEBUG (BaseJdbcLogger.java:159)- <==    Updates: 1
2019-08-28 15:07:01,984 ERROR (LogFileController.java:211)- com.rabbitmq.client.AlreadyClosedException: connection is already closed due to clean connection shutdown; protocol method: #method<connection.close>(reply-code=200, reply-text=OK, class-id=0, method-id=0)
	at com.rabbitmq.client.impl.AMQConnection.ensureIsOpen(AMQConnection.java:172)
	at com.rabbitmq.client.impl.AMQConnection.createChannel(AMQConnection.java:550)
	at com.rabbitmq.client.impl.recovery.AutorecoveringConnection.createChannel(AutorecoveringConnection.java:165)
	at snod.com.cn.config.RabbitMqConfig.send(RabbitMqConfig.java:55)
	at snod.com.cn.service.LogFileService.saveFile(LogFileService.java:73)
	at snod.com.cn.controller.LogFileController.logFileUpLoadHttpTest(LogFileController.java:206)
	at sun.reflect.NativeMethodAccessorImpl.invoke0(Native Method)
	at sun.reflect.NativeMethodAccessorImpl.invoke(Unknown Source)
	at sun.reflect.DelegatingMethodAccessorImpl.invoke(Unknown Source)
	at java.lang.reflect.Method.invoke(Unknown Source)
	at org.springframework.web.method.support.InvocableHandlerMethod.doInvoke(InvocableHandlerMethod.java:190)
	at org.springframework.web.method.support.InvocableHandlerMethod.invokeForRequest(InvocableHandlerMethod.java:138)
	at org.springframework.web.servlet.mvc.method.annotation.ServletInvocableHandlerMethod.invokeAndHandle(ServletInvocableHandlerMethod.java:104)
	at org.springframework.web.servlet.mvc.method.annotation.RequestMappingHandlerAdapter.invokeHandlerMethod(RequestMappingHandlerAdapter.java:892)
	at org.springframework.web.servlet.mvc.method.annotation.RequestMappingHandlerAdapter.handleInternal(RequestMappingHandlerAdapter.java:797)
	at org.springframework.web.servlet.mvc.method.AbstractHandlerMethodAdapter.handle(AbstractHandlerMethodAdapter.java:87)
	at org.springframework.web.servlet.DispatcherServlet.doDispatch(DispatcherServlet.java:1039)
	at org.springframework.web.servlet.DispatcherServlet.doService(DispatcherServlet.java:942)
	at org.springframework.web.servlet.FrameworkServlet.processRequest(FrameworkServlet.java:1005)
	at org.springframework.web.servlet.FrameworkServlet.doPost(FrameworkServlet.java:908)
	at javax.servlet.http.HttpServlet.service(HttpServlet.java:660)
	at org.springframework.web.servlet.FrameworkServlet.service(FrameworkServlet.java:882)
	at javax.servlet.http.HttpServlet.service(HttpServlet.java:741)
	at org.apache.catalina.core.ApplicationFilterChain.internalDoFilter(ApplicationFilterChain.java:231)
	at org.apache.catalina.core.ApplicationFilterChain.doFilter(ApplicationFilterChain.java:166)
	at org.apache.tomcat.websocket.server.WsFilter.doFilter(WsFilter.java:53)
	at org.apache.catalina.core.ApplicationFilterChain.internalDoFilter(ApplicationFilterChain.java:193)
	at org.apache.catalina.core.ApplicationFilterChain.doFilter(ApplicationFilterChain.java:166)
	at org.springframework.web.filter.CorsFilter.doFilterInternal(CorsFilter.java:96)
	at org.springframework.web.filter.OncePerRequestFilter.doFilter(OncePerRequestFilter.java:118)
	at org.apache.catalina.core.ApplicationFilterChain.internalDoFilter(ApplicationFilterChain.java:193)
	at org.apache.catalina.core.ApplicationFilterChain.doFilter(ApplicationFilterChain.java:166)
	at org.springframework.web.filter.RequestContextFilter.doFilterInternal(RequestContextFilter.java:99)
	at org.springframework.web.filter.OncePerRequestFilter.doFilter(OncePerRequestFilter.java:118)
	at org.apache.catalina.core.ApplicationFilterChain.internalDoFilter(ApplicationFilterChain.java:193)
	at org.apache.catalina.core.ApplicationFilterChain.doFilter(ApplicationFilterChain.java:166)
	at org.springframework.web.filter.FormContentFilter.doFilterInternal(FormContentFilter.java:92)
	at org.springframework.web.filter.OncePerRequestFilter.doFilter(OncePerRequestFilter.java:118)
	at org.apache.catalina.core.ApplicationFilterChain.internalDoFilter(ApplicationFilterChain.java:193)
	at org.apache.catalina.core.ApplicationFilterChain.doFilter(ApplicationFilterChain.java:166)
	at org.springframework.web.filter.HiddenHttpMethodFilter.doFilterInternal(HiddenHttpMethodFilter.java:93)
	at org.springframework.web.filter.OncePerRequestFilter.doFilter(OncePerRequestFilter.java:118)
	at org.apache.catalina.core.ApplicationFilterChain.internalDoFilter(ApplicationFilterChain.java:193)
	at org.apache.catalina.core.ApplicationFilterChain.doFilter(ApplicationFilterChain.java:166)
	at org.springframework.session.web.http.SessionRepositoryFilter.doFilterInternal(SessionRepositoryFilter.java:151)
	at org.springframework.session.web.http.OncePerRequestFilter.doFilter(OncePerRequestFilter.java:86)
	at org.apache.catalina.core.ApplicationFilterChain.internalDoFilter(ApplicationFilterChain.java:193)
	at org.apache.catalina.core.ApplicationFilterChain.doFilter(ApplicationFilterChain.java:166)
	at org.springframework.web.filter.CharacterEncodingFilter.doFilterInternal(CharacterEncodingFilter.java:200)
	at org.springframework.web.filter.OncePerRequestFilter.doFilter(OncePerRequestFilter.java:118)
	at org.apache.catalina.core.ApplicationFilterChain.internalDoFilter(ApplicationFilterChain.java:193)
	at org.apache.catalina.core.ApplicationFilterChain.doFilter(ApplicationFilterChain.java:166)
	at org.apache.catalina.core.StandardWrapperValve.invoke(StandardWrapperValve.java:202)
	at org.apache.catalina.core.StandardContextValve.invoke(StandardContextValve.java:96)
	at org.apache.catalina.authenticator.AuthenticatorBase.invoke(AuthenticatorBase.java:490)
	at org.apache.catalina.core.StandardHostValve.invoke(StandardHostValve.java:139)
	at org.apache.catalina.valves.ErrorReportValve.invoke(ErrorReportValve.java:92)
	at org.apache.catalina.core.StandardEngineValve.invoke(StandardEngineValve.java:74)
	at org.apache.catalina.connector.CoyoteAdapter.service(CoyoteAdapter.java:343)
	at org.apache.coyote.http11.Http11Processor.service(Http11Processor.java:408)
	at org.apache.coyote.AbstractProcessorLight.process(AbstractProcessorLight.java:66)
	at org.apache.coyote.AbstractProtocol$ConnectionHandler.process(AbstractProtocol.java:853)
	at org.apache.tomcat.util.net.NioEndpoint$SocketProcessor.doRun(NioEndpoint.java:1587)
	at org.apache.tomcat.util.net.SocketProcessorBase.run(SocketProcessorBase.java:49)
	at java.util.concurrent.ThreadPoolExecutor.runWorker(Unknown Source)
	at java.util.concurrent.ThreadPoolExecutor$Worker.run(Unknown Source)
	at org.apache.tomcat.util.threads.TaskThread$WrappingRunnable.run(TaskThread.java:61)
	at java.lang.Thread.run(Unknown Source)

2019-08-28 15:07:51,388 INFO (StartupInfoLogger.java:50)- Starting ApiApplication on N9E7I63DAFWHTOH with PID 13656 (D:\workspace_log\Log_Platform\Log_Api\target\classes started by Administrator in D:\workspace_log\Log_Platform\Log_Api)
2019-08-28 15:07:51,422 DEBUG (StartupInfoLogger.java:53)- Running with Spring Boot v2.1.7.RELEASE, Spring v5.1.9.RELEASE
2019-08-28 15:07:51,423 INFO (SpringApplication.java:647)- No active profile set, falling back to default profiles: default
2019-08-28 15:07:55,951 INFO (ElasticsearchConfig.java:55)- Elasticsearch初始化开始。。。。。
2019-08-28 15:08:06,854 INFO (StartupInfoLogger.java:59)- Started ApiApplication in 16.087 seconds (JVM running for 16.937)
2019-08-28 15:20:42,367 INFO (StartupInfoLogger.java:50)- Starting ApiApplication on N9E7I63DAFWHTOH with PID 11140 (D:\workspace_log\Log_Platform\Log_Api\target\classes started by Administrator in D:\workspace_log\Log_Platform\Log_Api)
2019-08-28 15:20:42,399 DEBUG (StartupInfoLogger.java:53)- Running with Spring Boot v2.1.7.RELEASE, Spring v5.1.9.RELEASE
2019-08-28 15:20:42,400 INFO (SpringApplication.java:647)- No active profile set, falling back to default profiles: default
2019-08-28 15:20:46,793 INFO (ElasticsearchConfig.java:55)- Elasticsearch初始化开始。。。。。
2019-08-28 15:20:57,136 INFO (StartupInfoLogger.java:59)- Started ApiApplication in 15.325 seconds (JVM running for 16.028)
2019-08-28 15:21:05,690 DEBUG (BaseJdbcLogger.java:159)- ==>  Preparing: insert into log_file_info ( id, device_name, sn, log_type, file_type, file_name, file_path, file_size, create_time ) values ( ?, ?, ?, ?, ?, ?, ?, ?, ? ) 
2019-08-28 15:21:05,712 DEBUG (BaseJdbcLogger.java:159)- ==> Parameters: null, AP03(String), SN125TEST(String), 1(Integer), 1(Integer), mongdbScript.rar(String), device_log/AP03/2019/8/mongdbScript.rar(String), 696(Long), 2019-08-28 15:21:05.672(Timestamp)
2019-08-28 15:21:05,774 DEBUG (BaseJdbcLogger.java:159)- <==    Updates: 1
2019-08-28 15:21:05,869 INFO (RabbitMqConfig.java:114)- 发送消息:{"logType":1,"fileName":"mongdbScript.rar","fileIndex":0,"createTime":1566976865672,"fileSize":696,"fileTotal":0,"filePath":"device_log/AP03/2019/8/mongdbScript.rar","id":5,"sn":"SN125TEST","deviceName":"AP03","fileType":1},
2019-08-28 16:01:21,058 INFO (StartupInfoLogger.java:50)- Starting ApiApplication on N9E7I63DAFWHTOH with PID 13276 (D:\workspace_log\Log_Platform\Log_Api\target\classes started by Administrator in D:\workspace_log\Log_Platform\Log_Api)
2019-08-28 16:01:21,070 DEBUG (StartupInfoLogger.java:53)- Running with Spring Boot v2.1.7.RELEASE, Spring v5.1.9.RELEASE
2019-08-28 16:01:21,071 INFO (SpringApplication.java:647)- No active profile set, falling back to default profiles: default
2019-08-28 16:01:28,185 INFO (ElasticsearchConfig.java:55)- Elasticsearch初始化开始。。。。。
2019-08-28 16:01:33,863 INFO (StartupInfoLogger.java:59)- Started ApiApplication in 13.544 seconds (JVM running for 14.386)
2019-08-28 16:04:07,315 DEBUG (BaseJdbcLogger.java:159)- ==>  Preparing: insert into log_file_info ( id, device_name, sn, log_type, file_type, file_name, file_path, file_size, create_time ) values ( ?, ?, ?, ?, ?, ?, ?, ?, ? ) 
2019-08-28 16:04:07,335 DEBUG (BaseJdbcLogger.java:159)- ==> Parameters: null, AP03(String), SN125TEST(String), 1(Integer), 1(Integer), mongdbScript.rar(String), device_log/AP03/2019/8/mongdbScript.rar(String), 696(Long), 2019-08-28 16:04:07.289(Timestamp)
2019-08-28 16:04:07,384 DEBUG (BaseJdbcLogger.java:159)- <==    Updates: 1
2019-08-28 16:04:07,474 INFO (RabbitMqConfig.java:114)- 发送消息:{"logType":1,"fileName":"mongdbScript.rar","fileIndex":0,"createTime":1566979447289,"fileSize":696,"fileTotal":0,"filePath":"device_log/AP03/2019/8/mongdbScript.rar","id":6,"sn":"SN125TEST","deviceName":"AP03","fileType":1},
2019-08-28 16:04:48,853 DEBUG (BaseJdbcLogger.java:159)- ==>  Preparing: insert into log_file_info ( id, device_name, sn, log_type, file_type, file_name, file_path, file_size, create_time ) values ( ?, ?, ?, ?, ?, ?, ?, ?, ? ) 
2019-08-28 16:04:48,854 DEBUG (BaseJdbcLogger.java:159)- ==> Parameters: null, AP03(String), SN125TEST(String), 1(Integer), 1(Integer), mongdbScript.rar(String), device_log/AP03/2019/8/mongdbScript.rar(String), 696(Long), 2019-08-28 16:04:48.845(Timestamp)
2019-08-28 16:04:48,906 DEBUG (BaseJdbcLogger.java:159)- <==    Updates: 1
2019-08-28 16:04:48,908 ERROR (LogFileController.java:211)- com.rabbitmq.client.AlreadyClosedException: connection is already closed due to clean connection shutdown; protocol method: #method<connection.close>(reply-code=200, reply-text=OK, class-id=0, method-id=0)
	at com.rabbitmq.client.impl.AMQConnection.ensureIsOpen(AMQConnection.java:172)
	at com.rabbitmq.client.impl.AMQConnection.createChannel(AMQConnection.java:550)
	at com.rabbitmq.client.impl.recovery.AutorecoveringConnection.createChannel(AutorecoveringConnection.java:165)
	at snod.com.cn.config.RabbitMqConfig.send(RabbitMqConfig.java:55)
	at snod.com.cn.service.LogFileService.saveFile(LogFileService.java:73)
	at snod.com.cn.controller.LogFileController.logFileUpLoadHttpTest(LogFileController.java:206)
	at sun.reflect.NativeMethodAccessorImpl.invoke0(Native Method)
	at sun.reflect.NativeMethodAccessorImpl.invoke(Unknown Source)
	at sun.reflect.DelegatingMethodAccessorImpl.invoke(Unknown Source)
	at java.lang.reflect.Method.invoke(Unknown Source)
	at org.springframework.web.method.support.InvocableHandlerMethod.doInvoke(InvocableHandlerMethod.java:190)
	at org.springframework.web.method.support.InvocableHandlerMethod.invokeForRequest(InvocableHandlerMethod.java:138)
	at org.springframework.web.servlet.mvc.method.annotation.ServletInvocableHandlerMethod.invokeAndHandle(ServletInvocableHandlerMethod.java:104)
	at org.springframework.web.servlet.mvc.method.annotation.RequestMappingHandlerAdapter.invokeHandlerMethod(RequestMappingHandlerAdapter.java:892)
	at org.springframework.web.servlet.mvc.method.annotation.RequestMappingHandlerAdapter.handleInternal(RequestMappingHandlerAdapter.java:797)
	at org.springframework.web.servlet.mvc.method.AbstractHandlerMethodAdapter.handle(AbstractHandlerMethodAdapter.java:87)
	at org.springframework.web.servlet.DispatcherServlet.doDispatch(DispatcherServlet.java:1039)
	at org.springframework.web.servlet.DispatcherServlet.doService(DispatcherServlet.java:942)
	at org.springframework.web.servlet.FrameworkServlet.processRequest(FrameworkServlet.java:1005)
	at org.springframework.web.servlet.FrameworkServlet.doPost(FrameworkServlet.java:908)
	at javax.servlet.http.HttpServlet.service(HttpServlet.java:660)
	at org.springframework.web.servlet.FrameworkServlet.service(FrameworkServlet.java:882)
	at javax.servlet.http.HttpServlet.service(HttpServlet.java:741)
	at org.apache.catalina.core.ApplicationFilterChain.internalDoFilter(ApplicationFilterChain.java:231)
	at org.apache.catalina.core.ApplicationFilterChain.doFilter(ApplicationFilterChain.java:166)
	at org.apache.tomcat.websocket.server.WsFilter.doFilter(WsFilter.java:53)
	at org.apache.catalina.core.ApplicationFilterChain.internalDoFilter(ApplicationFilterChain.java:193)
	at org.apache.catalina.core.ApplicationFilterChain.doFilter(ApplicationFilterChain.java:166)
	at org.springframework.web.filter.CorsFilter.doFilterInternal(CorsFilter.java:96)
	at org.springframework.web.filter.OncePerRequestFilter.doFilter(OncePerRequestFilter.java:118)
	at org.apache.catalina.core.ApplicationFilterChain.internalDoFilter(ApplicationFilterChain.java:193)
	at org.apache.catalina.core.ApplicationFilterChain.doFilter(ApplicationFilterChain.java:166)
	at org.springframework.web.filter.RequestContextFilter.doFilterInternal(RequestContextFilter.java:99)
	at org.springframework.web.filter.OncePerRequestFilter.doFilter(OncePerRequestFilter.java:118)
	at org.apache.catalina.core.ApplicationFilterChain.internalDoFilter(ApplicationFilterChain.java:193)
	at org.apache.catalina.core.ApplicationFilterChain.doFilter(ApplicationFilterChain.java:166)
	at org.springframework.web.filter.FormContentFilter.doFilterInternal(FormContentFilter.java:92)
	at org.springframework.web.filter.OncePerRequestFilter.doFilter(OncePerRequestFilter.java:118)
	at org.apache.catalina.core.ApplicationFilterChain.internalDoFilter(ApplicationFilterChain.java:193)
	at org.apache.catalina.core.ApplicationFilterChain.doFilter(ApplicationFilterChain.java:166)
	at org.springframework.web.filter.HiddenHttpMethodFilter.doFilterInternal(HiddenHttpMethodFilter.java:93)
	at org.springframework.web.filter.OncePerRequestFilter.doFilter(OncePerRequestFilter.java:118)
	at org.apache.catalina.core.ApplicationFilterChain.internalDoFilter(ApplicationFilterChain.java:193)
	at org.apache.catalina.core.ApplicationFilterChain.doFilter(ApplicationFilterChain.java:166)
	at org.springframework.session.web.http.SessionRepositoryFilter.doFilterInternal(SessionRepositoryFilter.java:151)
	at org.springframework.session.web.http.OncePerRequestFilter.doFilter(OncePerRequestFilter.java:86)
	at org.apache.catalina.core.ApplicationFilterChain.internalDoFilter(ApplicationFilterChain.java:193)
	at org.apache.catalina.core.ApplicationFilterChain.doFilter(ApplicationFilterChain.java:166)
	at org.springframework.web.filter.CharacterEncodingFilter.doFilterInternal(CharacterEncodingFilter.java:200)
	at org.springframework.web.filter.OncePerRequestFilter.doFilter(OncePerRequestFilter.java:118)
	at org.apache.catalina.core.ApplicationFilterChain.internalDoFilter(ApplicationFilterChain.java:193)
	at org.apache.catalina.core.ApplicationFilterChain.doFilter(ApplicationFilterChain.java:166)
	at org.apache.catalina.core.StandardWrapperValve.invoke(StandardWrapperValve.java:202)
	at org.apache.catalina.core.StandardContextValve.invoke(StandardContextValve.java:96)
	at org.apache.catalina.authenticator.AuthenticatorBase.invoke(AuthenticatorBase.java:490)
	at org.apache.catalina.core.StandardHostValve.invoke(StandardHostValve.java:139)
	at org.apache.catalina.valves.ErrorReportValve.invoke(ErrorReportValve.java:92)
	at org.apache.catalina.core.StandardEngineValve.invoke(StandardEngineValve.java:74)
	at org.apache.catalina.connector.CoyoteAdapter.service(CoyoteAdapter.java:343)
	at org.apache.coyote.http11.Http11Processor.service(Http11Processor.java:408)
	at org.apache.coyote.AbstractProcessorLight.process(AbstractProcessorLight.java:66)
	at org.apache.coyote.AbstractProtocol$ConnectionHandler.process(AbstractProtocol.java:853)
	at org.apache.tomcat.util.net.NioEndpoint$SocketProcessor.doRun(NioEndpoint.java:1587)
	at org.apache.tomcat.util.net.SocketProcessorBase.run(SocketProcessorBase.java:49)
	at java.util.concurrent.ThreadPoolExecutor.runWorker(Unknown Source)
	at java.util.concurrent.ThreadPoolExecutor$Worker.run(Unknown Source)
	at org.apache.tomcat.util.threads.TaskThread$WrappingRunnable.run(TaskThread.java:61)
	at java.lang.Thread.run(Unknown Source)

2019-08-28 16:05:27,582 DEBUG (BaseJdbcLogger.java:159)- ==>  Preparing: insert into log_file_info ( id, device_name, sn, log_type, file_type, file_name, file_path, file_size, create_time ) values ( ?, ?, ?, ?, ?, ?, ?, ?, ? ) 
2019-08-28 16:05:27,583 DEBUG (BaseJdbcLogger.java:159)- ==> Parameters: null, AP03(String), SN125TEST(String), 1(Integer), 1(Integer), mongdbScript.rar(String), device_log/AP03/2019/8/mongdbScript.rar(String), 696(Long), 2019-08-28 16:05:27.58(Timestamp)
2019-08-28 16:05:27,630 DEBUG (BaseJdbcLogger.java:159)- <==    Updates: 1
2019-08-28 16:05:27,631 ERROR (LogFileController.java:211)- com.rabbitmq.client.AlreadyClosedException: connection is already closed due to clean connection shutdown; protocol method: #method<connection.close>(reply-code=200, reply-text=OK, class-id=0, method-id=0)
	at com.rabbitmq.client.impl.AMQConnection.ensureIsOpen(AMQConnection.java:172)
	at com.rabbitmq.client.impl.AMQConnection.createChannel(AMQConnection.java:550)
	at com.rabbitmq.client.impl.recovery.AutorecoveringConnection.createChannel(AutorecoveringConnection.java:165)
	at snod.com.cn.config.RabbitMqConfig.send(RabbitMqConfig.java:55)
	at snod.com.cn.service.LogFileService.saveFile(LogFileService.java:73)
	at snod.com.cn.controller.LogFileController.logFileUpLoadHttpTest(LogFileController.java:206)
	at sun.reflect.NativeMethodAccessorImpl.invoke0(Native Method)
	at sun.reflect.NativeMethodAccessorImpl.invoke(Unknown Source)
	at sun.reflect.DelegatingMethodAccessorImpl.invoke(Unknown Source)
	at java.lang.reflect.Method.invoke(Unknown Source)
	at org.springframework.web.method.support.InvocableHandlerMethod.doInvoke(InvocableHandlerMethod.java:190)
	at org.springframework.web.method.support.InvocableHandlerMethod.invokeForRequest(InvocableHandlerMethod.java:138)
	at org.springframework.web.servlet.mvc.method.annotation.ServletInvocableHandlerMethod.invokeAndHandle(ServletInvocableHandlerMethod.java:104)
	at org.springframework.web.servlet.mvc.method.annotation.RequestMappingHandlerAdapter.invokeHandlerMethod(RequestMappingHandlerAdapter.java:892)
	at org.springframework.web.servlet.mvc.method.annotation.RequestMappingHandlerAdapter.handleInternal(RequestMappingHandlerAdapter.java:797)
	at org.springframework.web.servlet.mvc.method.AbstractHandlerMethodAdapter.handle(AbstractHandlerMethodAdapter.java:87)
	at org.springframework.web.servlet.DispatcherServlet.doDispatch(DispatcherServlet.java:1039)
	at org.springframework.web.servlet.DispatcherServlet.doService(DispatcherServlet.java:942)
	at org.springframework.web.servlet.FrameworkServlet.processRequest(FrameworkServlet.java:1005)
	at org.springframework.web.servlet.FrameworkServlet.doPost(FrameworkServlet.java:908)
	at javax.servlet.http.HttpServlet.service(HttpServlet.java:660)
	at org.springframework.web.servlet.FrameworkServlet.service(FrameworkServlet.java:882)
	at javax.servlet.http.HttpServlet.service(HttpServlet.java:741)
	at org.apache.catalina.core.ApplicationFilterChain.internalDoFilter(ApplicationFilterChain.java:231)
	at org.apache.catalina.core.ApplicationFilterChain.doFilter(ApplicationFilterChain.java:166)
	at org.apache.tomcat.websocket.server.WsFilter.doFilter(WsFilter.java:53)
	at org.apache.catalina.core.ApplicationFilterChain.internalDoFilter(ApplicationFilterChain.java:193)
	at org.apache.catalina.core.ApplicationFilterChain.doFilter(ApplicationFilterChain.java:166)
	at org.springframework.web.filter.CorsFilter.doFilterInternal(CorsFilter.java:96)
	at org.springframework.web.filter.OncePerRequestFilter.doFilter(OncePerRequestFilter.java:118)
	at org.apache.catalina.core.ApplicationFilterChain.internalDoFilter(ApplicationFilterChain.java:193)
	at org.apache.catalina.core.ApplicationFilterChain.doFilter(ApplicationFilterChain.java:166)
	at org.springframework.web.filter.RequestContextFilter.doFilterInternal(RequestContextFilter.java:99)
	at org.springframework.web.filter.OncePerRequestFilter.doFilter(OncePerRequestFilter.java:118)
	at org.apache.catalina.core.ApplicationFilterChain.internalDoFilter(ApplicationFilterChain.java:193)
	at org.apache.catalina.core.ApplicationFilterChain.doFilter(ApplicationFilterChain.java:166)
	at org.springframework.web.filter.FormContentFilter.doFilterInternal(FormContentFilter.java:92)
	at org.springframework.web.filter.OncePerRequestFilter.doFilter(OncePerRequestFilter.java:118)
	at org.apache.catalina.core.ApplicationFilterChain.internalDoFilter(ApplicationFilterChain.java:193)
	at org.apache.catalina.core.ApplicationFilterChain.doFilter(ApplicationFilterChain.java:166)
	at org.springframework.web.filter.HiddenHttpMethodFilter.doFilterInternal(HiddenHttpMethodFilter.java:93)
	at org.springframework.web.filter.OncePerRequestFilter.doFilter(OncePerRequestFilter.java:118)
	at org.apache.catalina.core.ApplicationFilterChain.internalDoFilter(ApplicationFilterChain.java:193)
	at org.apache.catalina.core.ApplicationFilterChain.doFilter(ApplicationFilterChain.java:166)
	at org.springframework.session.web.http.SessionRepositoryFilter.doFilterInternal(SessionRepositoryFilter.java:151)
	at org.springframework.session.web.http.OncePerRequestFilter.doFilter(OncePerRequestFilter.java:86)
	at org.apache.catalina.core.ApplicationFilterChain.internalDoFilter(ApplicationFilterChain.java:193)
	at org.apache.catalina.core.ApplicationFilterChain.doFilter(ApplicationFilterChain.java:166)
	at org.springframework.web.filter.CharacterEncodingFilter.doFilterInternal(CharacterEncodingFilter.java:200)
	at org.springframework.web.filter.OncePerRequestFilter.doFilter(OncePerRequestFilter.java:118)
	at org.apache.catalina.core.ApplicationFilterChain.internalDoFilter(ApplicationFilterChain.java:193)
	at org.apache.catalina.core.ApplicationFilterChain.doFilter(ApplicationFilterChain.java:166)
	at org.apache.catalina.core.StandardWrapperValve.invoke(StandardWrapperValve.java:202)
	at org.apache.catalina.core.StandardContextValve.invoke(StandardContextValve.java:96)
	at org.apache.catalina.authenticator.AuthenticatorBase.invoke(AuthenticatorBase.java:490)
	at org.apache.catalina.core.StandardHostValve.invoke(StandardHostValve.java:139)
	at org.apache.catalina.valves.ErrorReportValve.invoke(ErrorReportValve.java:92)
	at org.apache.catalina.core.StandardEngineValve.invoke(StandardEngineValve.java:74)
	at org.apache.catalina.connector.CoyoteAdapter.service(CoyoteAdapter.java:343)
	at org.apache.coyote.http11.Http11Processor.service(Http11Processor.java:408)
	at org.apache.coyote.AbstractProcessorLight.process(AbstractProcessorLight.java:66)
	at org.apache.coyote.AbstractProtocol$ConnectionHandler.process(AbstractProtocol.java:853)
	at org.apache.tomcat.util.net.NioEndpoint$SocketProcessor.doRun(NioEndpoint.java:1587)
	at org.apache.tomcat.util.net.SocketProcessorBase.run(SocketProcessorBase.java:49)
	at java.util.concurrent.ThreadPoolExecutor.runWorker(Unknown Source)
	at java.util.concurrent.ThreadPoolExecutor$Worker.run(Unknown Source)
	at org.apache.tomcat.util.threads.TaskThread$WrappingRunnable.run(TaskThread.java:61)
	at java.lang.Thread.run(Unknown Source)

2019-08-28 16:09:13,125 DEBUG (BaseJdbcLogger.java:159)- ==>  Preparing: insert into log_file_info ( id, device_name, sn, log_type, file_type, file_name, file_path, file_size, create_time ) values ( ?, ?, ?, ?, ?, ?, ?, ?, ? ) 
2019-08-28 16:09:13,126 DEBUG (BaseJdbcLogger.java:159)- ==> Parameters: null, AP03(String), SN125TEST(String), 1(Integer), 1(Integer), mongdbScript.rar(String), device_log/AP03/2019/8/mongdbScript.rar(String), 696(Long), 2019-08-28 16:09:13.117(Timestamp)
2019-08-28 16:09:13,161 DEBUG (BaseJdbcLogger.java:159)- <==    Updates: 1
2019-08-28 16:09:19,514 ERROR (LogFileController.java:211)- com.rabbitmq.client.AlreadyClosedException: connection is already closed due to clean connection shutdown; protocol method: #method<connection.close>(reply-code=200, reply-text=OK, class-id=0, method-id=0)
	at com.rabbitmq.client.impl.AMQConnection.ensureIsOpen(AMQConnection.java:172)
	at com.rabbitmq.client.impl.AMQConnection.createChannel(AMQConnection.java:550)
	at com.rabbitmq.client.impl.recovery.AutorecoveringConnection.createChannel(AutorecoveringConnection.java:165)
	at snod.com.cn.config.RabbitMqConfig.send(RabbitMqConfig.java:55)
	at snod.com.cn.service.LogFileService.saveFile(LogFileService.java:73)
	at snod.com.cn.controller.LogFileController.logFileUpLoadHttpTest(LogFileController.java:206)
	at sun.reflect.NativeMethodAccessorImpl.invoke0(Native Method)
	at sun.reflect.NativeMethodAccessorImpl.invoke(Unknown Source)
	at sun.reflect.DelegatingMethodAccessorImpl.invoke(Unknown Source)
	at java.lang.reflect.Method.invoke(Unknown Source)
	at org.springframework.web.method.support.InvocableHandlerMethod.doInvoke(InvocableHandlerMethod.java:190)
	at org.springframework.web.method.support.InvocableHandlerMethod.invokeForRequest(InvocableHandlerMethod.java:138)
	at org.springframework.web.servlet.mvc.method.annotation.ServletInvocableHandlerMethod.invokeAndHandle(ServletInvocableHandlerMethod.java:104)
	at org.springframework.web.servlet.mvc.method.annotation.RequestMappingHandlerAdapter.invokeHandlerMethod(RequestMappingHandlerAdapter.java:892)
	at org.springframework.web.servlet.mvc.method.annotation.RequestMappingHandlerAdapter.handleInternal(RequestMappingHandlerAdapter.java:797)
	at org.springframework.web.servlet.mvc.method.AbstractHandlerMethodAdapter.handle(AbstractHandlerMethodAdapter.java:87)
	at org.springframework.web.servlet.DispatcherServlet.doDispatch(DispatcherServlet.java:1039)
	at org.springframework.web.servlet.DispatcherServlet.doService(DispatcherServlet.java:942)
	at org.springframework.web.servlet.FrameworkServlet.processRequest(FrameworkServlet.java:1005)
	at org.springframework.web.servlet.FrameworkServlet.doPost(FrameworkServlet.java:908)
	at javax.servlet.http.HttpServlet.service(HttpServlet.java:660)
	at org.springframework.web.servlet.FrameworkServlet.service(FrameworkServlet.java:882)
	at javax.servlet.http.HttpServlet.service(HttpServlet.java:741)
	at org.apache.catalina.core.ApplicationFilterChain.internalDoFilter(ApplicationFilterChain.java:231)
	at org.apache.catalina.core.ApplicationFilterChain.doFilter(ApplicationFilterChain.java:166)
	at org.apache.tomcat.websocket.server.WsFilter.doFilter(WsFilter.java:53)
	at org.apache.catalina.core.ApplicationFilterChain.internalDoFilter(ApplicationFilterChain.java:193)
	at org.apache.catalina.core.ApplicationFilterChain.doFilter(ApplicationFilterChain.java:166)
	at org.springframework.web.filter.CorsFilter.doFilterInternal(CorsFilter.java:96)
	at org.springframework.web.filter.OncePerRequestFilter.doFilter(OncePerRequestFilter.java:118)
	at org.apache.catalina.core.ApplicationFilterChain.internalDoFilter(ApplicationFilterChain.java:193)
	at org.apache.catalina.core.ApplicationFilterChain.doFilter(ApplicationFilterChain.java:166)
	at org.springframework.web.filter.RequestContextFilter.doFilterInternal(RequestContextFilter.java:99)
	at org.springframework.web.filter.OncePerRequestFilter.doFilter(OncePerRequestFilter.java:118)
	at org.apache.catalina.core.ApplicationFilterChain.internalDoFilter(ApplicationFilterChain.java:193)
	at org.apache.catalina.core.ApplicationFilterChain.doFilter(ApplicationFilterChain.java:166)
	at org.springframework.web.filter.FormContentFilter.doFilterInternal(FormContentFilter.java:92)
	at org.springframework.web.filter.OncePerRequestFilter.doFilter(OncePerRequestFilter.java:118)
	at org.apache.catalina.core.ApplicationFilterChain.internalDoFilter(ApplicationFilterChain.java:193)
	at org.apache.catalina.core.ApplicationFilterChain.doFilter(ApplicationFilterChain.java:166)
	at org.springframework.web.filter.HiddenHttpMethodFilter.doFilterInternal(HiddenHttpMethodFilter.java:93)
	at org.springframework.web.filter.OncePerRequestFilter.doFilter(OncePerRequestFilter.java:118)
	at org.apache.catalina.core.ApplicationFilterChain.internalDoFilter(ApplicationFilterChain.java:193)
	at org.apache.catalina.core.ApplicationFilterChain.doFilter(ApplicationFilterChain.java:166)
	at org.springframework.session.web.http.SessionRepositoryFilter.doFilterInternal(SessionRepositoryFilter.java:151)
	at org.springframework.session.web.http.OncePerRequestFilter.doFilter(OncePerRequestFilter.java:86)
	at org.apache.catalina.core.ApplicationFilterChain.internalDoFilter(ApplicationFilterChain.java:193)
	at org.apache.catalina.core.ApplicationFilterChain.doFilter(ApplicationFilterChain.java:166)
	at org.springframework.web.filter.CharacterEncodingFilter.doFilterInternal(CharacterEncodingFilter.java:200)
	at org.springframework.web.filter.OncePerRequestFilter.doFilter(OncePerRequestFilter.java:118)
	at org.apache.catalina.core.ApplicationFilterChain.internalDoFilter(ApplicationFilterChain.java:193)
	at org.apache.catalina.core.ApplicationFilterChain.doFilter(ApplicationFilterChain.java:166)
	at org.apache.catalina.core.StandardWrapperValve.invoke(StandardWrapperValve.java:202)
	at org.apache.catalina.core.StandardContextValve.invoke(StandardContextValve.java:96)
	at org.apache.catalina.authenticator.AuthenticatorBase.invoke(AuthenticatorBase.java:490)
	at org.apache.catalina.core.StandardHostValve.invoke(StandardHostValve.java:139)
	at org.apache.catalina.valves.ErrorReportValve.invoke(ErrorReportValve.java:92)
	at org.apache.catalina.core.StandardEngineValve.invoke(StandardEngineValve.java:74)
	at org.apache.catalina.connector.CoyoteAdapter.service(CoyoteAdapter.java:343)
	at org.apache.coyote.http11.Http11Processor.service(Http11Processor.java:408)
	at org.apache.coyote.AbstractProcessorLight.process(AbstractProcessorLight.java:66)
	at org.apache.coyote.AbstractProtocol$ConnectionHandler.process(AbstractProtocol.java:853)
	at org.apache.tomcat.util.net.NioEndpoint$SocketProcessor.doRun(NioEndpoint.java:1587)
	at org.apache.tomcat.util.net.SocketProcessorBase.run(SocketProcessorBase.java:49)
	at java.util.concurrent.ThreadPoolExecutor.runWorker(Unknown Source)
	at java.util.concurrent.ThreadPoolExecutor$Worker.run(Unknown Source)
	at org.apache.tomcat.util.threads.TaskThread$WrappingRunnable.run(TaskThread.java:61)
	at java.lang.Thread.run(Unknown Source)

2019-08-28 16:12:51,738 DEBUG (BaseJdbcLogger.java:159)- ==>  Preparing: insert into log_file_info ( id, device_name, sn, log_type, file_type, file_name, file_path, file_size, create_time ) values ( ?, ?, ?, ?, ?, ?, ?, ?, ? ) 
2019-08-28 16:12:51,740 DEBUG (BaseJdbcLogger.java:159)- ==> Parameters: null, AP03(String), SN125TEST(String), 1(Integer), 1(Integer), mongdbScript.rar(String), device_log/AP03/2019/8/mongdbScript.rar(String), 696(Long), 2019-08-28 16:12:51.73(Timestamp)
2019-08-28 16:12:51,775 DEBUG (BaseJdbcLogger.java:159)- <==    Updates: 1
2019-08-28 16:12:56,201 ERROR (LogFileController.java:211)- com.rabbitmq.client.AlreadyClosedException: connection is already closed due to clean connection shutdown; protocol method: #method<connection.close>(reply-code=200, reply-text=OK, class-id=0, method-id=0)
	at com.rabbitmq.client.impl.AMQConnection.ensureIsOpen(AMQConnection.java:172)
	at com.rabbitmq.client.impl.AMQConnection.createChannel(AMQConnection.java:550)
	at com.rabbitmq.client.impl.recovery.AutorecoveringConnection.createChannel(AutorecoveringConnection.java:165)
	at snod.com.cn.config.RabbitMqConfig.send(RabbitMqConfig.java:55)
	at snod.com.cn.service.LogFileService.saveFile(LogFileService.java:73)
	at snod.com.cn.controller.LogFileController.logFileUpLoadHttpTest(LogFileController.java:206)
	at sun.reflect.NativeMethodAccessorImpl.invoke0(Native Method)
	at sun.reflect.NativeMethodAccessorImpl.invoke(Unknown Source)
	at sun.reflect.DelegatingMethodAccessorImpl.invoke(Unknown Source)
	at java.lang.reflect.Method.invoke(Unknown Source)
	at org.springframework.web.method.support.InvocableHandlerMethod.doInvoke(InvocableHandlerMethod.java:190)
	at org.springframework.web.method.support.InvocableHandlerMethod.invokeForRequest(InvocableHandlerMethod.java:138)
	at org.springframework.web.servlet.mvc.method.annotation.ServletInvocableHandlerMethod.invokeAndHandle(ServletInvocableHandlerMethod.java:104)
	at org.springframework.web.servlet.mvc.method.annotation.RequestMappingHandlerAdapter.invokeHandlerMethod(RequestMappingHandlerAdapter.java:892)
	at org.springframework.web.servlet.mvc.method.annotation.RequestMappingHandlerAdapter.handleInternal(RequestMappingHandlerAdapter.java:797)
	at org.springframework.web.servlet.mvc.method.AbstractHandlerMethodAdapter.handle(AbstractHandlerMethodAdapter.java:87)
	at org.springframework.web.servlet.DispatcherServlet.doDispatch(DispatcherServlet.java:1039)
	at org.springframework.web.servlet.DispatcherServlet.doService(DispatcherServlet.java:942)
	at org.springframework.web.servlet.FrameworkServlet.processRequest(FrameworkServlet.java:1005)
	at org.springframework.web.servlet.FrameworkServlet.doPost(FrameworkServlet.java:908)
	at javax.servlet.http.HttpServlet.service(HttpServlet.java:660)
	at org.springframework.web.servlet.FrameworkServlet.service(FrameworkServlet.java:882)
	at javax.servlet.http.HttpServlet.service(HttpServlet.java:741)
	at org.apache.catalina.core.ApplicationFilterChain.internalDoFilter(ApplicationFilterChain.java:231)
	at org.apache.catalina.core.ApplicationFilterChain.doFilter(ApplicationFilterChain.java:166)
	at org.apache.tomcat.websocket.server.WsFilter.doFilter(WsFilter.java:53)
	at org.apache.catalina.core.ApplicationFilterChain.internalDoFilter(ApplicationFilterChain.java:193)
	at org.apache.catalina.core.ApplicationFilterChain.doFilter(ApplicationFilterChain.java:166)
	at org.springframework.web.filter.CorsFilter.doFilterInternal(CorsFilter.java:96)
	at org.springframework.web.filter.OncePerRequestFilter.doFilter(OncePerRequestFilter.java:118)
	at org.apache.catalina.core.ApplicationFilterChain.internalDoFilter(ApplicationFilterChain.java:193)
	at org.apache.catalina.core.ApplicationFilterChain.doFilter(ApplicationFilterChain.java:166)
	at org.springframework.web.filter.RequestContextFilter.doFilterInternal(RequestContextFilter.java:99)
	at org.springframework.web.filter.OncePerRequestFilter.doFilter(OncePerRequestFilter.java:118)
	at org.apache.catalina.core.ApplicationFilterChain.internalDoFilter(ApplicationFilterChain.java:193)
	at org.apache.catalina.core.ApplicationFilterChain.doFilter(ApplicationFilterChain.java:166)
	at org.springframework.web.filter.FormContentFilter.doFilterInternal(FormContentFilter.java:92)
	at org.springframework.web.filter.OncePerRequestFilter.doFilter(OncePerRequestFilter.java:118)
	at org.apache.catalina.core.ApplicationFilterChain.internalDoFilter(ApplicationFilterChain.java:193)
	at org.apache.catalina.core.ApplicationFilterChain.doFilter(ApplicationFilterChain.java:166)
	at org.springframework.web.filter.HiddenHttpMethodFilter.doFilterInternal(HiddenHttpMethodFilter.java:93)
	at org.springframework.web.filter.OncePerRequestFilter.doFilter(OncePerRequestFilter.java:118)
	at org.apache.catalina.core.ApplicationFilterChain.internalDoFilter(ApplicationFilterChain.java:193)
	at org.apache.catalina.core.ApplicationFilterChain.doFilter(ApplicationFilterChain.java:166)
	at org.springframework.session.web.http.SessionRepositoryFilter.doFilterInternal(SessionRepositoryFilter.java:151)
	at org.springframework.session.web.http.OncePerRequestFilter.doFilter(OncePerRequestFilter.java:86)
	at org.apache.catalina.core.ApplicationFilterChain.internalDoFilter(ApplicationFilterChain.java:193)
	at org.apache.catalina.core.ApplicationFilterChain.doFilter(ApplicationFilterChain.java:166)
	at org.springframework.web.filter.CharacterEncodingFilter.doFilterInternal(CharacterEncodingFilter.java:200)
	at org.springframework.web.filter.OncePerRequestFilter.doFilter(OncePerRequestFilter.java:118)
	at org.apache.catalina.core.ApplicationFilterChain.internalDoFilter(ApplicationFilterChain.java:193)
	at org.apache.catalina.core.ApplicationFilterChain.doFilter(ApplicationFilterChain.java:166)
	at org.apache.catalina.core.StandardWrapperValve.invoke(StandardWrapperValve.java:202)
	at org.apache.catalina.core.StandardContextValve.invoke(StandardContextValve.java:96)
	at org.apache.catalina.authenticator.AuthenticatorBase.invoke(AuthenticatorBase.java:490)
	at org.apache.catalina.core.StandardHostValve.invoke(StandardHostValve.java:139)
	at org.apache.catalina.valves.ErrorReportValve.invoke(ErrorReportValve.java:92)
	at org.apache.catalina.core.StandardEngineValve.invoke(StandardEngineValve.java:74)
	at org.apache.catalina.connector.CoyoteAdapter.service(CoyoteAdapter.java:343)
	at org.apache.coyote.http11.Http11Processor.service(Http11Processor.java:408)
	at org.apache.coyote.AbstractProcessorLight.process(AbstractProcessorLight.java:66)
	at org.apache.coyote.AbstractProtocol$ConnectionHandler.process(AbstractProtocol.java:853)
	at org.apache.tomcat.util.net.NioEndpoint$SocketProcessor.doRun(NioEndpoint.java:1587)
	at org.apache.tomcat.util.net.SocketProcessorBase.run(SocketProcessorBase.java:49)
	at java.util.concurrent.ThreadPoolExecutor.runWorker(Unknown Source)
	at java.util.concurrent.ThreadPoolExecutor$Worker.run(Unknown Source)
	at org.apache.tomcat.util.threads.TaskThread$WrappingRunnable.run(TaskThread.java:61)
	at java.lang.Thread.run(Unknown Source)

2019-08-28 16:13:21,191 DEBUG (BaseJdbcLogger.java:159)- ==>  Preparing: insert into log_file_info ( id, device_name, sn, log_type, file_type, file_name, file_path, file_size, create_time ) values ( ?, ?, ?, ?, ?, ?, ?, ?, ? ) 
2019-08-28 16:13:21,192 DEBUG (BaseJdbcLogger.java:159)- ==> Parameters: null, AP03(String), SN125TEST(String), 1(Integer), 1(Integer), mongdbScript.rar(String), device_log/AP03/2019/8/mongdbScript.rar(String), 696(Long), 2019-08-28 16:13:21.189(Timestamp)
2019-08-28 16:13:21,242 DEBUG (BaseJdbcLogger.java:159)- <==    Updates: 1
2019-08-28 16:13:21,243 ERROR (LogFileController.java:211)- com.rabbitmq.client.AlreadyClosedException: connection is already closed due to clean connection shutdown; protocol method: #method<connection.close>(reply-code=200, reply-text=OK, class-id=0, method-id=0)
	at com.rabbitmq.client.impl.AMQConnection.ensureIsOpen(AMQConnection.java:172)
	at com.rabbitmq.client.impl.AMQConnection.createChannel(AMQConnection.java:550)
	at com.rabbitmq.client.impl.recovery.AutorecoveringConnection.createChannel(AutorecoveringConnection.java:165)
	at snod.com.cn.config.RabbitMqConfig.send(RabbitMqConfig.java:55)
	at snod.com.cn.service.LogFileService.saveFile(LogFileService.java:73)
	at snod.com.cn.controller.LogFileController.logFileUpLoadHttpTest(LogFileController.java:206)
	at sun.reflect.NativeMethodAccessorImpl.invoke0(Native Method)
	at sun.reflect.NativeMethodAccessorImpl.invoke(Unknown Source)
	at sun.reflect.DelegatingMethodAccessorImpl.invoke(Unknown Source)
	at java.lang.reflect.Method.invoke(Unknown Source)
	at org.springframework.web.method.support.InvocableHandlerMethod.doInvoke(InvocableHandlerMethod.java:190)
	at org.springframework.web.method.support.InvocableHandlerMethod.invokeForRequest(InvocableHandlerMethod.java:138)
	at org.springframework.web.servlet.mvc.method.annotation.ServletInvocableHandlerMethod.invokeAndHandle(ServletInvocableHandlerMethod.java:104)
	at org.springframework.web.servlet.mvc.method.annotation.RequestMappingHandlerAdapter.invokeHandlerMethod(RequestMappingHandlerAdapter.java:892)
	at org.springframework.web.servlet.mvc.method.annotation.RequestMappingHandlerAdapter.handleInternal(RequestMappingHandlerAdapter.java:797)
	at org.springframework.web.servlet.mvc.method.AbstractHandlerMethodAdapter.handle(AbstractHandlerMethodAdapter.java:87)
	at org.springframework.web.servlet.DispatcherServlet.doDispatch(DispatcherServlet.java:1039)
	at org.springframework.web.servlet.DispatcherServlet.doService(DispatcherServlet.java:942)
	at org.springframework.web.servlet.FrameworkServlet.processRequest(FrameworkServlet.java:1005)
	at org.springframework.web.servlet.FrameworkServlet.doPost(FrameworkServlet.java:908)
	at javax.servlet.http.HttpServlet.service(HttpServlet.java:660)
	at org.springframework.web.servlet.FrameworkServlet.service(FrameworkServlet.java:882)
	at javax.servlet.http.HttpServlet.service(HttpServlet.java:741)
	at org.apache.catalina.core.ApplicationFilterChain.internalDoFilter(ApplicationFilterChain.java:231)
	at org.apache.catalina.core.ApplicationFilterChain.doFilter(ApplicationFilterChain.java:166)
	at org.apache.tomcat.websocket.server.WsFilter.doFilter(WsFilter.java:53)
	at org.apache.catalina.core.ApplicationFilterChain.internalDoFilter(ApplicationFilterChain.java:193)
	at org.apache.catalina.core.ApplicationFilterChain.doFilter(ApplicationFilterChain.java:166)
	at org.springframework.web.filter.CorsFilter.doFilterInternal(CorsFilter.java:96)
	at org.springframework.web.filter.OncePerRequestFilter.doFilter(OncePerRequestFilter.java:118)
	at org.apache.catalina.core.ApplicationFilterChain.internalDoFilter(ApplicationFilterChain.java:193)
	at org.apache.catalina.core.ApplicationFilterChain.doFilter(ApplicationFilterChain.java:166)
	at org.springframework.web.filter.RequestContextFilter.doFilterInternal(RequestContextFilter.java:99)
	at org.springframework.web.filter.OncePerRequestFilter.doFilter(OncePerRequestFilter.java:118)
	at org.apache.catalina.core.ApplicationFilterChain.internalDoFilter(ApplicationFilterChain.java:193)
	at org.apache.catalina.core.ApplicationFilterChain.doFilter(ApplicationFilterChain.java:166)
	at org.springframework.web.filter.FormContentFilter.doFilterInternal(FormContentFilter.java:92)
	at org.springframework.web.filter.OncePerRequestFilter.doFilter(OncePerRequestFilter.java:118)
	at org.apache.catalina.core.ApplicationFilterChain.internalDoFilter(ApplicationFilterChain.java:193)
	at org.apache.catalina.core.ApplicationFilterChain.doFilter(ApplicationFilterChain.java:166)
	at org.springframework.web.filter.HiddenHttpMethodFilter.doFilterInternal(HiddenHttpMethodFilter.java:93)
	at org.springframework.web.filter.OncePerRequestFilter.doFilter(OncePerRequestFilter.java:118)
	at org.apache.catalina.core.ApplicationFilterChain.internalDoFilter(ApplicationFilterChain.java:193)
	at org.apache.catalina.core.ApplicationFilterChain.doFilter(ApplicationFilterChain.java:166)
	at org.springframework.session.web.http.SessionRepositoryFilter.doFilterInternal(SessionRepositoryFilter.java:151)
	at org.springframework.session.web.http.OncePerRequestFilter.doFilter(OncePerRequestFilter.java:86)
	at org.apache.catalina.core.ApplicationFilterChain.internalDoFilter(ApplicationFilterChain.java:193)
	at org.apache.catalina.core.ApplicationFilterChain.doFilter(ApplicationFilterChain.java:166)
	at org.springframework.web.filter.CharacterEncodingFilter.doFilterInternal(CharacterEncodingFilter.java:200)
	at org.springframework.web.filter.OncePerRequestFilter.doFilter(OncePerRequestFilter.java:118)
	at org.apache.catalina.core.ApplicationFilterChain.internalDoFilter(ApplicationFilterChain.java:193)
	at org.apache.catalina.core.ApplicationFilterChain.doFilter(ApplicationFilterChain.java:166)
	at org.apache.catalina.core.StandardWrapperValve.invoke(StandardWrapperValve.java:202)
	at org.apache.catalina.core.StandardContextValve.invoke(StandardContextValve.java:96)
	at org.apache.catalina.authenticator.AuthenticatorBase.invoke(AuthenticatorBase.java:490)
	at org.apache.catalina.core.StandardHostValve.invoke(StandardHostValve.java:139)
	at org.apache.catalina.valves.ErrorReportValve.invoke(ErrorReportValve.java:92)
	at org.apache.catalina.core.StandardEngineValve.invoke(StandardEngineValve.java:74)
	at org.apache.catalina.connector.CoyoteAdapter.service(CoyoteAdapter.java:343)
	at org.apache.coyote.http11.Http11Processor.service(Http11Processor.java:408)
	at org.apache.coyote.AbstractProcessorLight.process(AbstractProcessorLight.java:66)
	at org.apache.coyote.AbstractProtocol$ConnectionHandler.process(AbstractProtocol.java:853)
	at org.apache.tomcat.util.net.NioEndpoint$SocketProcessor.doRun(NioEndpoint.java:1587)
	at org.apache.tomcat.util.net.SocketProcessorBase.run(SocketProcessorBase.java:49)
	at java.util.concurrent.ThreadPoolExecutor.runWorker(Unknown Source)
	at java.util.concurrent.ThreadPoolExecutor$Worker.run(Unknown Source)
	at org.apache.tomcat.util.threads.TaskThread$WrappingRunnable.run(TaskThread.java:61)
	at java.lang.Thread.run(Unknown Source)

2019-08-28 16:14:48,845 DEBUG (BaseJdbcLogger.java:159)- ==>  Preparing: insert into log_file_info ( id, device_name, sn, log_type, file_type, file_name, file_path, file_size, create_time ) values ( ?, ?, ?, ?, ?, ?, ?, ?, ? ) 
2019-08-28 16:14:48,845 DEBUG (BaseJdbcLogger.java:159)- ==> Parameters: null, AP03(String), SN125TEST(String), 1(Integer), 1(Integer), mongdbScript.rar(String), device_log/AP03/2019/8/mongdbScript.rar(String), 696(Long), 2019-08-28 16:14:48.836(Timestamp)
2019-08-28 16:14:48,877 DEBUG (BaseJdbcLogger.java:159)- <==    Updates: 1
2019-08-28 16:14:48,879 ERROR (LogFileController.java:211)- com.rabbitmq.client.AlreadyClosedException: connection is already closed due to clean connection shutdown; protocol method: #method<connection.close>(reply-code=200, reply-text=OK, class-id=0, method-id=0)
	at com.rabbitmq.client.impl.AMQConnection.ensureIsOpen(AMQConnection.java:172)
	at com.rabbitmq.client.impl.AMQConnection.createChannel(AMQConnection.java:550)
	at com.rabbitmq.client.impl.recovery.AutorecoveringConnection.createChannel(AutorecoveringConnection.java:165)
	at snod.com.cn.config.RabbitMqConfig.send(RabbitMqConfig.java:55)
	at snod.com.cn.service.LogFileService.saveFile(LogFileService.java:73)
	at snod.com.cn.controller.LogFileController.logFileUpLoadHttpTest(LogFileController.java:206)
	at sun.reflect.NativeMethodAccessorImpl.invoke0(Native Method)
	at sun.reflect.NativeMethodAccessorImpl.invoke(Unknown Source)
	at sun.reflect.DelegatingMethodAccessorImpl.invoke(Unknown Source)
	at java.lang.reflect.Method.invoke(Unknown Source)
	at org.springframework.web.method.support.InvocableHandlerMethod.doInvoke(InvocableHandlerMethod.java:190)
	at org.springframework.web.method.support.InvocableHandlerMethod.invokeForRequest(InvocableHandlerMethod.java:138)
	at org.springframework.web.servlet.mvc.method.annotation.ServletInvocableHandlerMethod.invokeAndHandle(ServletInvocableHandlerMethod.java:104)
	at org.springframework.web.servlet.mvc.method.annotation.RequestMappingHandlerAdapter.invokeHandlerMethod(RequestMappingHandlerAdapter.java:892)
	at org.springframework.web.servlet.mvc.method.annotation.RequestMappingHandlerAdapter.handleInternal(RequestMappingHandlerAdapter.java:797)
	at org.springframework.web.servlet.mvc.method.AbstractHandlerMethodAdapter.handle(AbstractHandlerMethodAdapter.java:87)
	at org.springframework.web.servlet.DispatcherServlet.doDispatch(DispatcherServlet.java:1039)
	at org.springframework.web.servlet.DispatcherServlet.doService(DispatcherServlet.java:942)
	at org.springframework.web.servlet.FrameworkServlet.processRequest(FrameworkServlet.java:1005)
	at org.springframework.web.servlet.FrameworkServlet.doPost(FrameworkServlet.java:908)
	at javax.servlet.http.HttpServlet.service(HttpServlet.java:660)
	at org.springframework.web.servlet.FrameworkServlet.service(FrameworkServlet.java:882)
	at javax.servlet.http.HttpServlet.service(HttpServlet.java:741)
	at org.apache.catalina.core.ApplicationFilterChain.internalDoFilter(ApplicationFilterChain.java:231)
	at org.apache.catalina.core.ApplicationFilterChain.doFilter(ApplicationFilterChain.java:166)
	at org.apache.tomcat.websocket.server.WsFilter.doFilter(WsFilter.java:53)
	at org.apache.catalina.core.ApplicationFilterChain.internalDoFilter(ApplicationFilterChain.java:193)
	at org.apache.catalina.core.ApplicationFilterChain.doFilter(ApplicationFilterChain.java:166)
	at org.springframework.web.filter.CorsFilter.doFilterInternal(CorsFilter.java:96)
	at org.springframework.web.filter.OncePerRequestFilter.doFilter(OncePerRequestFilter.java:118)
	at org.apache.catalina.core.ApplicationFilterChain.internalDoFilter(ApplicationFilterChain.java:193)
	at org.apache.catalina.core.ApplicationFilterChain.doFilter(ApplicationFilterChain.java:166)
	at org.springframework.web.filter.RequestContextFilter.doFilterInternal(RequestContextFilter.java:99)
	at org.springframework.web.filter.OncePerRequestFilter.doFilter(OncePerRequestFilter.java:118)
	at org.apache.catalina.core.ApplicationFilterChain.internalDoFilter(ApplicationFilterChain.java:193)
	at org.apache.catalina.core.ApplicationFilterChain.doFilter(ApplicationFilterChain.java:166)
	at org.springframework.web.filter.FormContentFilter.doFilterInternal(FormContentFilter.java:92)
	at org.springframework.web.filter.OncePerRequestFilter.doFilter(OncePerRequestFilter.java:118)
	at org.apache.catalina.core.ApplicationFilterChain.internalDoFilter(ApplicationFilterChain.java:193)
	at org.apache.catalina.core.ApplicationFilterChain.doFilter(ApplicationFilterChain.java:166)
	at org.springframework.web.filter.HiddenHttpMethodFilter.doFilterInternal(HiddenHttpMethodFilter.java:93)
	at org.springframework.web.filter.OncePerRequestFilter.doFilter(OncePerRequestFilter.java:118)
	at org.apache.catalina.core.ApplicationFilterChain.internalDoFilter(ApplicationFilterChain.java:193)
	at org.apache.catalina.core.ApplicationFilterChain.doFilter(ApplicationFilterChain.java:166)
	at org.springframework.session.web.http.SessionRepositoryFilter.doFilterInternal(SessionRepositoryFilter.java:151)
	at org.springframework.session.web.http.OncePerRequestFilter.doFilter(OncePerRequestFilter.java:86)
	at org.apache.catalina.core.ApplicationFilterChain.internalDoFilter(ApplicationFilterChain.java:193)
	at org.apache.catalina.core.ApplicationFilterChain.doFilter(ApplicationFilterChain.java:166)
	at org.springframework.web.filter.CharacterEncodingFilter.doFilterInternal(CharacterEncodingFilter.java:200)
	at org.springframework.web.filter.OncePerRequestFilter.doFilter(OncePerRequestFilter.java:118)
	at org.apache.catalina.core.ApplicationFilterChain.internalDoFilter(ApplicationFilterChain.java:193)
	at org.apache.catalina.core.ApplicationFilterChain.doFilter(ApplicationFilterChain.java:166)
	at org.apache.catalina.core.StandardWrapperValve.invoke(StandardWrapperValve.java:202)
	at org.apache.catalina.core.StandardContextValve.invoke(StandardContextValve.java:96)
	at org.apache.catalina.authenticator.AuthenticatorBase.invoke(AuthenticatorBase.java:490)
	at org.apache.catalina.core.StandardHostValve.invoke(StandardHostValve.java:139)
	at org.apache.catalina.valves.ErrorReportValve.invoke(ErrorReportValve.java:92)
	at org.apache.catalina.core.StandardEngineValve.invoke(StandardEngineValve.java:74)
	at org.apache.catalina.connector.CoyoteAdapter.service(CoyoteAdapter.java:343)
	at org.apache.coyote.http11.Http11Processor.service(Http11Processor.java:408)
	at org.apache.coyote.AbstractProcessorLight.process(AbstractProcessorLight.java:66)
	at org.apache.coyote.AbstractProtocol$ConnectionHandler.process(AbstractProtocol.java:853)
	at org.apache.tomcat.util.net.NioEndpoint$SocketProcessor.doRun(NioEndpoint.java:1587)
	at org.apache.tomcat.util.net.SocketProcessorBase.run(SocketProcessorBase.java:49)
	at java.util.concurrent.ThreadPoolExecutor.runWorker(Unknown Source)
	at java.util.concurrent.ThreadPoolExecutor$Worker.run(Unknown Source)
	at org.apache.tomcat.util.threads.TaskThread$WrappingRunnable.run(TaskThread.java:61)
	at java.lang.Thread.run(Unknown Source)

2019-08-28 16:30:11,920 INFO (StartupInfoLogger.java:50)- Starting ApiApplication on N9E7I63DAFWHTOH with PID 12064 (D:\workspace_log\Log_Platform\Log_Api\target\classes started by Administrator in D:\workspace_log\Log_Platform\Log_Api)
2019-08-28 16:30:11,952 DEBUG (StartupInfoLogger.java:53)- Running with Spring Boot v2.1.7.RELEASE, Spring v5.1.9.RELEASE
2019-08-28 16:30:11,952 INFO (SpringApplication.java:647)- No active profile set, falling back to default profiles: default
2019-08-28 16:30:16,259 INFO (ElasticsearchConfig.java:55)- Elasticsearch初始化开始。。。。。
2019-08-28 16:30:25,643 INFO (StartupInfoLogger.java:59)- Started ApiApplication in 14.298 seconds (JVM running for 14.974)
2019-08-28 16:30:28,203 DEBUG (BaseJdbcLogger.java:159)- ==>  Preparing: insert into log_file_info ( id, device_name, sn, log_type, file_type, file_name, file_path, file_size, create_time ) values ( ?, ?, ?, ?, ?, ?, ?, ?, ? ) 
2019-08-28 16:30:28,222 DEBUG (BaseJdbcLogger.java:159)- ==> Parameters: null, AP03(String), SN125TEST(String), 1(Integer), 1(Integer), mongdbScript.rar(String), device_log/AP03/2019/8/mongdbScript.rar(String), 696(Long), 2019-08-28 16:30:28.182(Timestamp)
2019-08-28 16:30:28,258 DEBUG (BaseJdbcLogger.java:159)- <==    Updates: 1
2019-08-28 16:30:28,345 INFO (RabbitMqConfig.java:114)- 发送消息:{"logType":1,"fileName":"mongdbScript.rar","fileIndex":0,"createTime":1566981028182,"fileSize":696,"fileTotal":0,"filePath":"device_log/AP03/2019/8/mongdbScript.rar","id":14,"sn":"SN125TEST","deviceName":"AP03","fileType":1},
2019-08-28 16:30:28,348 INFO (RabbitMqConfig.java:102)- 发送成功.deliveryTag:1,multiple:false
2019-08-28 16:31:25,498 DEBUG (BaseJdbcLogger.java:159)- ==>  Preparing: insert into log_file_info ( id, device_name, sn, log_type, file_type, file_name, file_path, file_size, create_time ) values ( ?, ?, ?, ?, ?, ?, ?, ?, ? ) 
2019-08-28 16:31:25,499 DEBUG (BaseJdbcLogger.java:159)- ==> Parameters: null, AP03(String), SN125TEST(String), 1(Integer), 1(Integer), mongdbScript.rar(String), device_log/AP03/2019/8/mongdbScript.rar(String), 696(Long), 2019-08-28 16:31:25.486(Timestamp)
2019-08-28 16:31:25,532 DEBUG (BaseJdbcLogger.java:159)- <==    Updates: 1
2019-08-28 16:31:25,538 INFO (RabbitMqConfig.java:114)- 发送消息:{"logType":1,"fileName":"mongdbScript.rar","fileIndex":0,"createTime":1566981085486,"fileSize":696,"fileTotal":0,"filePath":"device_log/AP03/2019/8/mongdbScript.rar","id":15,"sn":"SN125TEST","deviceName":"AP03","fileType":1},
2019-08-28 16:31:25,539 INFO (RabbitMqConfig.java:102)- 发送成功.deliveryTag:1,multiple:false
2019-08-28 16:31:39,312 DEBUG (BaseJdbcLogger.java:159)- ==>  Preparing: insert into log_file_info ( id, device_name, sn, log_type, file_type, file_name, file_path, file_size, create_time ) values ( ?, ?, ?, ?, ?, ?, ?, ?, ? ) 
2019-08-28 16:31:39,313 DEBUG (BaseJdbcLogger.java:159)- ==> Parameters: null, AP03(String), SN125TEST(String), 1(Integer), 1(Integer), mongdbScript.rar(String), device_log/AP03/2019/8/mongdbScript.rar(String), 696(Long), 2019-08-28 16:31:39.31(Timestamp)
2019-08-28 16:31:39,349 DEBUG (BaseJdbcLogger.java:159)- <==    Updates: 1
2019-08-28 16:31:39,354 INFO (RabbitMqConfig.java:114)- 发送消息:{"logType":1,"fileName":"mongdbScript.rar","fileIndex":0,"createTime":1566981099310,"fileSize":696,"fileTotal":0,"filePath":"device_log/AP03/2019/8/mongdbScript.rar","id":16,"sn":"SN125TEST","deviceName":"AP03","fileType":1},
2019-08-28 16:31:39,355 INFO (RabbitMqConfig.java:102)- 发送成功.deliveryTag:1,multiple:false
2019-08-28 17:34:19,789 INFO (StartupInfoLogger.java:50)- Starting ApiApplication on N9E7I63DAFWHTOH with PID 10660 (D:\workspace_log\Log_Platform\Log_Api\target\classes started by Administrator in D:\workspace_log\Log_Platform\Log_Api)
2019-08-28 17:34:19,794 DEBUG (StartupInfoLogger.java:53)- Running with Spring Boot v2.1.7.RELEASE, Spring v5.1.9.RELEASE
2019-08-28 17:34:19,794 INFO (SpringApplication.java:647)- No active profile set, falling back to default profiles: default
2019-08-28 17:34:24,169 INFO (ElasticsearchConfig.java:55)- Elasticsearch初始化开始。。。。。
2019-08-28 17:34:33,549 INFO (StartupInfoLogger.java:59)- Started ApiApplication in 14.301 seconds (JVM running for 14.977)
