2019-08-29 09:36:37,768 INFO (StartupInfoLogger.java:50)- Starting ApiApplication on N9E7I63DAFWHTOH with PID 3508 (D:\workspace_log\Log_Platform\Log_Api\target\classes started by Administrator in D:\workspace_log\Log_Platform\Log_Api)
2019-08-29 09:36:37,780 DEBUG (StartupInfoLogger.java:53)- Running with Spring Boot v2.1.7.RELEASE, Spring v5.1.9.RELEASE
2019-08-29 09:36:37,781 INFO (SpringApplication.java:647)- No active profile set, falling back to default profiles: default
2019-08-29 09:36:42,220 INFO (ElasticsearchConfig.java:55)- Elasticsearch初始化开始。。。。。
2019-08-29 09:36:48,199 INFO (StartupInfoLogger.java:59)- Started ApiApplication in 11.029 seconds (JVM running for 11.917)
2019-08-29 09:38:13,494 DEBUG (BaseJdbcLogger.java:159)- ==>  Preparing: insert into log_file_info ( id, device_name, sn, log_type, file_type, file_name, file_path, file_size, create_time ) values ( ?, ?, ?, ?, ?, ?, ?, ?, ? ) 
2019-08-29 09:38:13,514 DEBUG (BaseJdbcLogger.java:159)- ==> Parameters: null, AP03(String), SN125TEST(String), 1(Integer), 1(Integer), mongdbScript.zip(String), device_log/AP03/2019/8/mongdbScript.zip(String), 758(Long), 2019-08-29 09:38:13.464(Timestamp)
2019-08-29 09:38:13,571 DEBUG (BaseJdbcLogger.java:159)- <==    Updates: 1
2019-08-29 09:38:13,681 INFO (RabbitMqConfig.java:114)- 发送消息:{"logType":1,"fileName":"mongdbScript.zip","fileIndex":0,"createTime":1567042693464,"fileSize":758,"fileTotal":0,"filePath":"device_log/AP03/2019/8/mongdbScript.zip","id":21,"sn":"SN125TEST","deviceName":"AP03","fileType":1},
2019-08-29 09:38:13,684 ERROR (LogFileController.java:218)- java.io.IOException: java.io.FileNotFoundException: D:\workspace_log\Log_Platform\Log_Api\src\main\webapp\file\logFiledevice_log\AP03\2019\8\mongdbScript.zip\mongdbScript.zip (系统找不到指定的路径。)
	at org.apache.catalina.core.ApplicationPart.write(ApplicationPart.java:122)
	at org.springframework.web.multipart.support.StandardMultipartHttpServletRequest$StandardMultipartFile.transferTo(StandardMultipartHttpServletRequest.java:255)
	at snod.com.cn.controller.LogFileController.logFileUpLoadHttpTest(LogFileController.java:213)
	at sun.reflect.NativeMethodAccessorImpl.invoke0(Native Method)
	at sun.reflect.NativeMethodAccessorImpl.invoke(Unknown Source)
	at sun.reflect.DelegatingMethodAccessorImpl.invoke(Unknown Source)
	at java.lang.reflect.Method.invoke(Unknown Source)
	at org.springframework.web.method.support.InvocableHandlerMethod.doInvoke(InvocableHandlerMethod.java:190)
	at org.springframework.web.method.support.InvocableHandlerMethod.invokeForRequest(InvocableHandlerMethod.java:138)
	at org.springframework.web.servlet.mvc.method.annotation.ServletInvocableHandlerMethod.invokeAndHandle(ServletInvocableHandlerMethod.java:104)
	at org.springframework.web.servlet.mvc.method.annotation.RequestMappingHandlerAdapter.invokeHandlerMethod(RequestMappingHandlerAdapter.java:892)
	at org.springframework.web.servlet.mvc.method.annotation.RequestMappingHandlerAdapter.handleInternal(RequestMappingHandlerAdapter.java:797)
	at org.springframework.web.servlet.mvc.method.AbstractHandlerMethodAdapter.handle(AbstractHandlerMethodAdapter.java:87)
	at org.springframework.web.servlet.DispatcherServlet.doDispatch(DispatcherServlet.java:1039)
	at org.springframework.web.servlet.DispatcherServlet.doService(DispatcherServlet.java:942)
	at org.springframework.web.servlet.FrameworkServlet.processRequest(FrameworkServlet.java:1005)
	at org.springframework.web.servlet.FrameworkServlet.doPost(FrameworkServlet.java:908)
	at javax.servlet.http.HttpServlet.service(HttpServlet.java:660)
	at org.springframework.web.servlet.FrameworkServlet.service(FrameworkServlet.java:882)
	at javax.servlet.http.HttpServlet.service(HttpServlet.java:741)
	at org.apache.catalina.core.ApplicationFilterChain.internalDoFilter(ApplicationFilterChain.java:231)
	at org.apache.catalina.core.ApplicationFilterChain.doFilter(ApplicationFilterChain.java:166)
	at org.apache.tomcat.websocket.server.WsFilter.doFilter(WsFilter.java:53)
	at org.apache.catalina.core.ApplicationFilterChain.internalDoFilter(ApplicationFilterChain.java:193)
	at org.apache.catalina.core.ApplicationFilterChain.doFilter(ApplicationFilterChain.java:166)
	at org.springframework.web.filter.CorsFilter.doFilterInternal(CorsFilter.java:96)
	at org.springframework.web.filter.OncePerRequestFilter.doFilter(OncePerRequestFilter.java:118)
	at org.apache.catalina.core.ApplicationFilterChain.internalDoFilter(ApplicationFilterChain.java:193)
	at org.apache.catalina.core.ApplicationFilterChain.doFilter(ApplicationFilterChain.java:166)
	at org.springframework.web.filter.RequestContextFilter.doFilterInternal(RequestContextFilter.java:99)
	at org.springframework.web.filter.OncePerRequestFilter.doFilter(OncePerRequestFilter.java:118)
	at org.apache.catalina.core.ApplicationFilterChain.internalDoFilter(ApplicationFilterChain.java:193)
	at org.apache.catalina.core.ApplicationFilterChain.doFilter(ApplicationFilterChain.java:166)
	at org.springframework.web.filter.FormContentFilter.doFilterInternal(FormContentFilter.java:92)
	at org.springframework.web.filter.OncePerRequestFilter.doFilter(OncePerRequestFilter.java:118)
	at org.apache.catalina.core.ApplicationFilterChain.internalDoFilter(ApplicationFilterChain.java:193)
	at org.apache.catalina.core.ApplicationFilterChain.doFilter(ApplicationFilterChain.java:166)
	at org.springframework.web.filter.HiddenHttpMethodFilter.doFilterInternal(HiddenHttpMethodFilter.java:93)
	at org.springframework.web.filter.OncePerRequestFilter.doFilter(OncePerRequestFilter.java:118)
	at org.apache.catalina.core.ApplicationFilterChain.internalDoFilter(ApplicationFilterChain.java:193)
	at org.apache.catalina.core.ApplicationFilterChain.doFilter(ApplicationFilterChain.java:166)
	at org.springframework.session.web.http.SessionRepositoryFilter.doFilterInternal(SessionRepositoryFilter.java:151)
	at org.springframework.session.web.http.OncePerRequestFilter.doFilter(OncePerRequestFilter.java:86)
	at org.apache.catalina.core.ApplicationFilterChain.internalDoFilter(ApplicationFilterChain.java:193)
	at org.apache.catalina.core.ApplicationFilterChain.doFilter(ApplicationFilterChain.java:166)
	at org.springframework.web.filter.CharacterEncodingFilter.doFilterInternal(CharacterEncodingFilter.java:200)
	at org.springframework.web.filter.OncePerRequestFilter.doFilter(OncePerRequestFilter.java:118)
	at org.apache.catalina.core.ApplicationFilterChain.internalDoFilter(ApplicationFilterChain.java:193)
	at org.apache.catalina.core.ApplicationFilterChain.doFilter(ApplicationFilterChain.java:166)
	at org.apache.catalina.core.StandardWrapperValve.invoke(StandardWrapperValve.java:202)
	at org.apache.catalina.core.StandardContextValve.invoke(StandardContextValve.java:96)
	at org.apache.catalina.authenticator.AuthenticatorBase.invoke(AuthenticatorBase.java:490)
	at org.apache.catalina.core.StandardHostValve.invoke(StandardHostValve.java:139)
	at org.apache.catalina.valves.ErrorReportValve.invoke(ErrorReportValve.java:92)
	at org.apache.catalina.core.StandardEngineValve.invoke(StandardEngineValve.java:74)
	at org.apache.catalina.connector.CoyoteAdapter.service(CoyoteAdapter.java:343)
	at org.apache.coyote.http11.Http11Processor.service(Http11Processor.java:408)
	at org.apache.coyote.AbstractProcessorLight.process(AbstractProcessorLight.java:66)
	at org.apache.coyote.AbstractProtocol$ConnectionHandler.process(AbstractProtocol.java:853)
	at org.apache.tomcat.util.net.NioEndpoint$SocketProcessor.doRun(NioEndpoint.java:1587)
	at org.apache.tomcat.util.net.SocketProcessorBase.run(SocketProcessorBase.java:49)
	at java.util.concurrent.ThreadPoolExecutor.runWorker(Unknown Source)
	at java.util.concurrent.ThreadPoolExecutor$Worker.run(Unknown Source)
	at org.apache.tomcat.util.threads.TaskThread$WrappingRunnable.run(TaskThread.java:61)
	at java.lang.Thread.run(Unknown Source)
Caused by: java.io.FileNotFoundException: D:\workspace_log\Log_Platform\Log_Api\src\main\webapp\file\logFiledevice_log\AP03\2019\8\mongdbScript.zip\mongdbScript.zip (系统找不到指定的路径。)
	at java.io.FileOutputStream.open0(Native Method)
	at java.io.FileOutputStream.open(Unknown Source)
	at java.io.FileOutputStream.<init>(Unknown Source)
	at java.io.FileOutputStream.<init>(Unknown Source)
	at org.apache.tomcat.util.http.fileupload.disk.DiskFileItem.write(DiskFileItem.java:406)
	at org.apache.catalina.core.ApplicationPart.write(ApplicationPart.java:120)
	... 64 more

2019-08-29 09:41:08,626 INFO (StartupInfoLogger.java:50)- Starting ApiApplication on N9E7I63DAFWHTOH with PID 9012 (D:\workspace_log\Log_Platform\Log_Api\target\classes started by Administrator in D:\workspace_log\Log_Platform\Log_Api)
2019-08-29 09:41:08,630 DEBUG (StartupInfoLogger.java:53)- Running with Spring Boot v2.1.7.RELEASE, Spring v5.1.9.RELEASE
2019-08-29 09:41:08,631 INFO (SpringApplication.java:647)- No active profile set, falling back to default profiles: default
2019-08-29 09:41:12,597 INFO (ElasticsearchConfig.java:55)- Elasticsearch初始化开始。。。。。
2019-08-29 09:41:18,109 INFO (StartupInfoLogger.java:59)- Started ApiApplication in 10.022 seconds (JVM running for 10.759)
2019-08-29 09:41:42,182 DEBUG (BaseJdbcLogger.java:159)- ==>  Preparing: insert into log_file_info ( id, device_name, sn, log_type, file_type, file_name, file_path, file_size, create_time ) values ( ?, ?, ?, ?, ?, ?, ?, ?, ? ) 
2019-08-29 09:41:43,389 DEBUG (BaseJdbcLogger.java:159)- ==> Parameters: null, AP03(String), SN125TEST(String), 1(Integer), 1(Integer), mongdbScript.zip(String), D:\workspace_log\Log_Platform\Log_Api\src\main\webapp\file\logFiledevice_log/AP03/2019/8/mongdbScript.zip(String), 758(Long), 2019-08-29 09:41:41.804(Timestamp)
2019-08-29 09:41:43,428 DEBUG (BaseJdbcLogger.java:159)- <==    Updates: 1
2019-08-29 09:41:44,700 INFO (RabbitMqConfig.java:114)- 发送消息:{"logType":1,"fileName":"mongdbScript.zip","fileIndex":0,"createTime":1567042901804,"fileSize":758,"fileTotal":0,"filePath":"D:\\workspace_log\\Log_Platform\\Log_Api\\src\\main\\webapp\\file\\logFiledevice_log/AP03/2019/8/mongdbScript.zip","id":23,"sn":"SN125TEST","deviceName":"AP03","fileType":1},
2019-08-29 11:03:09,533 INFO (StartupInfoLogger.java:50)- Starting ApiApplication on N9E7I63DAFWHTOH with PID 10548 (D:\workspace_log\Log_Platform\Log_Api\target\classes started by Administrator in D:\workspace_log\Log_Platform\Log_Api)
2019-08-29 11:03:09,536 DEBUG (StartupInfoLogger.java:53)- Running with Spring Boot v2.1.7.RELEASE, Spring v5.1.9.RELEASE
2019-08-29 11:03:09,536 INFO (SpringApplication.java:647)- No active profile set, falling back to default profiles: default
2019-08-29 11:03:13,642 INFO (ElasticsearchConfig.java:55)- Elasticsearch初始化开始。。。。。
2019-08-29 11:03:20,904 INFO (StartupInfoLogger.java:59)- Started ApiApplication in 11.905 seconds (JVM running for 12.593)
2019-08-29 11:03:42,061 DEBUG (BaseJdbcLogger.java:159)- ==>  Preparing: insert into log_file_info ( id, device_name, sn, log_type, file_type, file_name, file_path, file_local_path, file_size, create_time ) values ( ?, ?, ?, ?, ?, ?, ?, ?, ?, ? ) 
2019-08-29 11:03:42,084 DEBUG (BaseJdbcLogger.java:159)- ==> Parameters: null, AP03(String), SN125TEST(String), 1(Integer), 1(Integer), test.zip(String), device_log\AP03\2019\8\test.zip(String), D:\workspace_log\Log_Platform\Log_Api\src\main\webapp\file\logFile\device_log\AP03\2019\8\(String), 2269(Long), 2019-08-29 11:03:42.037(Timestamp)
2019-08-29 11:03:42,126 DEBUG (BaseJdbcLogger.java:159)- <==    Updates: 1
2019-08-29 11:03:50,288 ERROR (RabbitMqConfig.java:120)- null
java.io.IOException: null
	at com.rabbitmq.client.impl.AMQChannel.wrap(AMQChannel.java:126)
	at com.rabbitmq.client.impl.AMQChannel.wrap(AMQChannel.java:122)
	at com.rabbitmq.client.impl.AMQChannel.exnWrappingRpc(AMQChannel.java:144)
	at com.rabbitmq.client.impl.ChannelN.queueDeclare(ChannelN.java:962)
	at com.rabbitmq.client.impl.recovery.AutorecoveringChannel.queueDeclare(AutorecoveringChannel.java:333)
	at snod.com.cn.config.RabbitMqConfig.send(RabbitMqConfig.java:64)
	at snod.com.cn.service.LogFileService.saveFile(LogFileService.java:493)
	at snod.com.cn.controller.LogFileController.logFileUpLoadHttpTest(LogFileController.java:217)
	at sun.reflect.NativeMethodAccessorImpl.invoke0(Native Method)
	at sun.reflect.NativeMethodAccessorImpl.invoke(Unknown Source)
	at sun.reflect.DelegatingMethodAccessorImpl.invoke(Unknown Source)
	at java.lang.reflect.Method.invoke(Unknown Source)
	at org.springframework.web.method.support.InvocableHandlerMethod.doInvoke(InvocableHandlerMethod.java:190)
	at org.springframework.web.method.support.InvocableHandlerMethod.invokeForRequest(InvocableHandlerMethod.java:138)
	at org.springframework.web.servlet.mvc.method.annotation.ServletInvocableHandlerMethod.invokeAndHandle(ServletInvocableHandlerMethod.java:104)
	at org.springframework.web.servlet.mvc.method.annotation.RequestMappingHandlerAdapter.invokeHandlerMethod(RequestMappingHandlerAdapter.java:892)
	at org.springframework.web.servlet.mvc.method.annotation.RequestMappingHandlerAdapter.handleInternal(RequestMappingHandlerAdapter.java:797)
	at org.springframework.web.servlet.mvc.method.AbstractHandlerMethodAdapter.handle(AbstractHandlerMethodAdapter.java:87)
	at org.springframework.web.servlet.DispatcherServlet.doDispatch(DispatcherServlet.java:1039)
	at org.springframework.web.servlet.DispatcherServlet.doService(DispatcherServlet.java:942)
	at org.springframework.web.servlet.FrameworkServlet.processRequest(FrameworkServlet.java:1005)
	at org.springframework.web.servlet.FrameworkServlet.doPost(FrameworkServlet.java:908)
	at javax.servlet.http.HttpServlet.service(HttpServlet.java:660)
	at org.springframework.web.servlet.FrameworkServlet.service(FrameworkServlet.java:882)
	at javax.servlet.http.HttpServlet.service(HttpServlet.java:741)
	at org.apache.catalina.core.ApplicationFilterChain.internalDoFilter(ApplicationFilterChain.java:231)
	at org.apache.catalina.core.ApplicationFilterChain.doFilter(ApplicationFilterChain.java:166)
	at org.apache.tomcat.websocket.server.WsFilter.doFilter(WsFilter.java:53)
	at org.apache.catalina.core.ApplicationFilterChain.internalDoFilter(ApplicationFilterChain.java:193)
	at org.apache.catalina.core.ApplicationFilterChain.doFilter(ApplicationFilterChain.java:166)
	at org.springframework.web.filter.CorsFilter.doFilterInternal(CorsFilter.java:96)
	at org.springframework.web.filter.OncePerRequestFilter.doFilter(OncePerRequestFilter.java:118)
	at org.apache.catalina.core.ApplicationFilterChain.internalDoFilter(ApplicationFilterChain.java:193)
	at org.apache.catalina.core.ApplicationFilterChain.doFilter(ApplicationFilterChain.java:166)
	at org.springframework.web.filter.RequestContextFilter.doFilterInternal(RequestContextFilter.java:99)
	at org.springframework.web.filter.OncePerRequestFilter.doFilter(OncePerRequestFilter.java:118)
	at org.apache.catalina.core.ApplicationFilterChain.internalDoFilter(ApplicationFilterChain.java:193)
	at org.apache.catalina.core.ApplicationFilterChain.doFilter(ApplicationFilterChain.java:166)
	at org.springframework.web.filter.FormContentFilter.doFilterInternal(FormContentFilter.java:92)
	at org.springframework.web.filter.OncePerRequestFilter.doFilter(OncePerRequestFilter.java:118)
	at org.apache.catalina.core.ApplicationFilterChain.internalDoFilter(ApplicationFilterChain.java:193)
	at org.apache.catalina.core.ApplicationFilterChain.doFilter(ApplicationFilterChain.java:166)
	at org.springframework.web.filter.HiddenHttpMethodFilter.doFilterInternal(HiddenHttpMethodFilter.java:93)
	at org.springframework.web.filter.OncePerRequestFilter.doFilter(OncePerRequestFilter.java:118)
	at org.apache.catalina.core.ApplicationFilterChain.internalDoFilter(ApplicationFilterChain.java:193)
	at org.apache.catalina.core.ApplicationFilterChain.doFilter(ApplicationFilterChain.java:166)
	at org.springframework.session.web.http.SessionRepositoryFilter.doFilterInternal(SessionRepositoryFilter.java:151)
	at org.springframework.session.web.http.OncePerRequestFilter.doFilter(OncePerRequestFilter.java:86)
	at org.apache.catalina.core.ApplicationFilterChain.internalDoFilter(ApplicationFilterChain.java:193)
	at org.apache.catalina.core.ApplicationFilterChain.doFilter(ApplicationFilterChain.java:166)
	at org.springframework.web.filter.CharacterEncodingFilter.doFilterInternal(CharacterEncodingFilter.java:200)
	at org.springframework.web.filter.OncePerRequestFilter.doFilter(OncePerRequestFilter.java:118)
	at org.apache.catalina.core.ApplicationFilterChain.internalDoFilter(ApplicationFilterChain.java:193)
	at org.apache.catalina.core.ApplicationFilterChain.doFilter(ApplicationFilterChain.java:166)
	at org.apache.catalina.core.StandardWrapperValve.invoke(StandardWrapperValve.java:202)
	at org.apache.catalina.core.StandardContextValve.invoke(StandardContextValve.java:96)
	at org.apache.catalina.authenticator.AuthenticatorBase.invoke(AuthenticatorBase.java:490)
	at org.apache.catalina.core.StandardHostValve.invoke(StandardHostValve.java:139)
	at org.apache.catalina.valves.ErrorReportValve.invoke(ErrorReportValve.java:92)
	at org.apache.catalina.core.StandardEngineValve.invoke(StandardEngineValve.java:74)
	at org.apache.catalina.connector.CoyoteAdapter.service(CoyoteAdapter.java:343)
	at org.apache.coyote.http11.Http11Processor.service(Http11Processor.java:408)
	at org.apache.coyote.AbstractProcessorLight.process(AbstractProcessorLight.java:66)
	at org.apache.coyote.AbstractProtocol$ConnectionHandler.process(AbstractProtocol.java:853)
	at org.apache.tomcat.util.net.NioEndpoint$SocketProcessor.doRun(NioEndpoint.java:1587)
	at org.apache.tomcat.util.net.SocketProcessorBase.run(SocketProcessorBase.java:49)
	at java.util.concurrent.ThreadPoolExecutor.runWorker(Unknown Source)
	at java.util.concurrent.ThreadPoolExecutor$Worker.run(Unknown Source)
	at org.apache.tomcat.util.threads.TaskThread$WrappingRunnable.run(TaskThread.java:61)
	at java.lang.Thread.run(Unknown Source)
Caused by: com.rabbitmq.client.ShutdownSignalException: channel error; protocol method: #method<channel.close>(reply-code=406, reply-text=PRECONDITION_FAILED - inequivalent arg 'durable' for queue 'log' in vhost '/vh_test': received 'true' but current is 'false', class-id=50, method-id=10)
	at com.rabbitmq.utility.ValueOrException.getValue(ValueOrException.java:66)
	at com.rabbitmq.utility.BlockingValueOrException.uninterruptibleGetValue(BlockingValueOrException.java:36)
	at com.rabbitmq.client.impl.AMQChannel$BlockingRpcContinuation.getReply(AMQChannel.java:494)
	at com.rabbitmq.client.impl.AMQChannel.privateRpc(AMQChannel.java:288)
	at com.rabbitmq.client.impl.AMQChannel.exnWrappingRpc(AMQChannel.java:138)
	... 67 common frames omitted
Caused by: com.rabbitmq.client.ShutdownSignalException: channel error; protocol method: #method<channel.close>(reply-code=406, reply-text=PRECONDITION_FAILED - inequivalent arg 'durable' for queue 'log' in vhost '/vh_test': received 'true' but current is 'false', class-id=50, method-id=10)
	at com.rabbitmq.client.impl.ChannelN.asyncShutdown(ChannelN.java:516)
	at com.rabbitmq.client.impl.ChannelN.processAsync(ChannelN.java:346)
	at com.rabbitmq.client.impl.AMQChannel.handleCompleteInboundCommand(AMQChannel.java:178)
	at com.rabbitmq.client.impl.AMQChannel.handleFrame(AMQChannel.java:111)
	at com.rabbitmq.client.impl.AMQConnection.readFrame(AMQConnection.java:670)
	at com.rabbitmq.client.impl.AMQConnection.access$300(AMQConnection.java:48)
	at com.rabbitmq.client.impl.AMQConnection$MainLoop.run(AMQConnection.java:597)
	... 1 common frames omitted
2019-08-29 11:05:59,408 DEBUG (BaseJdbcLogger.java:159)- ==>  Preparing: insert into log_file_info ( id, device_name, sn, log_type, file_type, file_name, file_path, file_local_path, file_size, create_time ) values ( ?, ?, ?, ?, ?, ?, ?, ?, ?, ? ) 
2019-08-29 11:05:59,408 DEBUG (BaseJdbcLogger.java:159)- ==> Parameters: null, AP03(String), SN125TEST(String), 1(Integer), 1(Integer), test.zip(String), device_log\AP03\2019\8\test.zip(String), D:\workspace_log\Log_Platform\Log_Api\src\main\webapp\file\logFile\device_log\AP03\2019\8\(String), 2269(Long), 2019-08-29 11:05:59.38(Timestamp)
2019-08-29 11:05:59,450 DEBUG (BaseJdbcLogger.java:159)- <==    Updates: 1
2019-08-29 11:06:06,271 ERROR (RabbitMqConfig.java:120)- null
java.io.IOException: null
	at com.rabbitmq.client.impl.AMQChannel.wrap(AMQChannel.java:126)
	at com.rabbitmq.client.impl.AMQChannel.wrap(AMQChannel.java:122)
	at com.rabbitmq.client.impl.AMQChannel.exnWrappingRpc(AMQChannel.java:144)
	at com.rabbitmq.client.impl.ChannelN.queueDeclare(ChannelN.java:962)
	at com.rabbitmq.client.impl.recovery.AutorecoveringChannel.queueDeclare(AutorecoveringChannel.java:333)
	at snod.com.cn.config.RabbitMqConfig.send(RabbitMqConfig.java:64)
	at snod.com.cn.service.LogFileService.saveFile(LogFileService.java:493)
	at snod.com.cn.controller.LogFileController.logFileUpLoadHttpTest(LogFileController.java:217)
	at sun.reflect.NativeMethodAccessorImpl.invoke0(Native Method)
	at sun.reflect.NativeMethodAccessorImpl.invoke(Unknown Source)
	at sun.reflect.DelegatingMethodAccessorImpl.invoke(Unknown Source)
	at java.lang.reflect.Method.invoke(Unknown Source)
	at org.springframework.web.method.support.InvocableHandlerMethod.doInvoke(InvocableHandlerMethod.java:190)
	at org.springframework.web.method.support.InvocableHandlerMethod.invokeForRequest(InvocableHandlerMethod.java:138)
	at org.springframework.web.servlet.mvc.method.annotation.ServletInvocableHandlerMethod.invokeAndHandle(ServletInvocableHandlerMethod.java:104)
	at org.springframework.web.servlet.mvc.method.annotation.RequestMappingHandlerAdapter.invokeHandlerMethod(RequestMappingHandlerAdapter.java:892)
	at org.springframework.web.servlet.mvc.method.annotation.RequestMappingHandlerAdapter.handleInternal(RequestMappingHandlerAdapter.java:797)
	at org.springframework.web.servlet.mvc.method.AbstractHandlerMethodAdapter.handle(AbstractHandlerMethodAdapter.java:87)
	at org.springframework.web.servlet.DispatcherServlet.doDispatch(DispatcherServlet.java:1039)
	at org.springframework.web.servlet.DispatcherServlet.doService(DispatcherServlet.java:942)
	at org.springframework.web.servlet.FrameworkServlet.processRequest(FrameworkServlet.java:1005)
	at org.springframework.web.servlet.FrameworkServlet.doPost(FrameworkServlet.java:908)
	at javax.servlet.http.HttpServlet.service(HttpServlet.java:660)
	at org.springframework.web.servlet.FrameworkServlet.service(FrameworkServlet.java:882)
	at javax.servlet.http.HttpServlet.service(HttpServlet.java:741)
	at org.apache.catalina.core.ApplicationFilterChain.internalDoFilter(ApplicationFilterChain.java:231)
	at org.apache.catalina.core.ApplicationFilterChain.doFilter(ApplicationFilterChain.java:166)
	at org.apache.tomcat.websocket.server.WsFilter.doFilter(WsFilter.java:53)
	at org.apache.catalina.core.ApplicationFilterChain.internalDoFilter(ApplicationFilterChain.java:193)
	at org.apache.catalina.core.ApplicationFilterChain.doFilter(ApplicationFilterChain.java:166)
	at org.springframework.web.filter.CorsFilter.doFilterInternal(CorsFilter.java:96)
	at org.springframework.web.filter.OncePerRequestFilter.doFilter(OncePerRequestFilter.java:118)
	at org.apache.catalina.core.ApplicationFilterChain.internalDoFilter(ApplicationFilterChain.java:193)
	at org.apache.catalina.core.ApplicationFilterChain.doFilter(ApplicationFilterChain.java:166)
	at org.springframework.web.filter.RequestContextFilter.doFilterInternal(RequestContextFilter.java:99)
	at org.springframework.web.filter.OncePerRequestFilter.doFilter(OncePerRequestFilter.java:118)
	at org.apache.catalina.core.ApplicationFilterChain.internalDoFilter(ApplicationFilterChain.java:193)
	at org.apache.catalina.core.ApplicationFilterChain.doFilter(ApplicationFilterChain.java:166)
	at org.springframework.web.filter.FormContentFilter.doFilterInternal(FormContentFilter.java:92)
	at org.springframework.web.filter.OncePerRequestFilter.doFilter(OncePerRequestFilter.java:118)
	at org.apache.catalina.core.ApplicationFilterChain.internalDoFilter(ApplicationFilterChain.java:193)
	at org.apache.catalina.core.ApplicationFilterChain.doFilter(ApplicationFilterChain.java:166)
	at org.springframework.web.filter.HiddenHttpMethodFilter.doFilterInternal(HiddenHttpMethodFilter.java:93)
	at org.springframework.web.filter.OncePerRequestFilter.doFilter(OncePerRequestFilter.java:118)
	at org.apache.catalina.core.ApplicationFilterChain.internalDoFilter(ApplicationFilterChain.java:193)
	at org.apache.catalina.core.ApplicationFilterChain.doFilter(ApplicationFilterChain.java:166)
	at org.springframework.session.web.http.SessionRepositoryFilter.doFilterInternal(SessionRepositoryFilter.java:151)
	at org.springframework.session.web.http.OncePerRequestFilter.doFilter(OncePerRequestFilter.java:86)
	at org.apache.catalina.core.ApplicationFilterChain.internalDoFilter(ApplicationFilterChain.java:193)
	at org.apache.catalina.core.ApplicationFilterChain.doFilter(ApplicationFilterChain.java:166)
	at org.springframework.web.filter.CharacterEncodingFilter.doFilterInternal(CharacterEncodingFilter.java:200)
	at org.springframework.web.filter.OncePerRequestFilter.doFilter(OncePerRequestFilter.java:118)
	at org.apache.catalina.core.ApplicationFilterChain.internalDoFilter(ApplicationFilterChain.java:193)
	at org.apache.catalina.core.ApplicationFilterChain.doFilter(ApplicationFilterChain.java:166)
	at org.apache.catalina.core.StandardWrapperValve.invoke(StandardWrapperValve.java:202)
	at org.apache.catalina.core.StandardContextValve.invoke(StandardContextValve.java:96)
	at org.apache.catalina.authenticator.AuthenticatorBase.invoke(AuthenticatorBase.java:490)
	at org.apache.catalina.core.StandardHostValve.invoke(StandardHostValve.java:139)
	at org.apache.catalina.valves.ErrorReportValve.invoke(ErrorReportValve.java:92)
	at org.apache.catalina.core.StandardEngineValve.invoke(StandardEngineValve.java:74)
	at org.apache.catalina.connector.CoyoteAdapter.service(CoyoteAdapter.java:343)
	at org.apache.coyote.http11.Http11Processor.service(Http11Processor.java:408)
	at org.apache.coyote.AbstractProcessorLight.process(AbstractProcessorLight.java:66)
	at org.apache.coyote.AbstractProtocol$ConnectionHandler.process(AbstractProtocol.java:853)
	at org.apache.tomcat.util.net.NioEndpoint$SocketProcessor.doRun(NioEndpoint.java:1587)
	at org.apache.tomcat.util.net.SocketProcessorBase.run(SocketProcessorBase.java:49)
	at java.util.concurrent.ThreadPoolExecutor.runWorker(Unknown Source)
	at java.util.concurrent.ThreadPoolExecutor$Worker.run(Unknown Source)
	at org.apache.tomcat.util.threads.TaskThread$WrappingRunnable.run(TaskThread.java:61)
	at java.lang.Thread.run(Unknown Source)
Caused by: com.rabbitmq.client.ShutdownSignalException: channel error; protocol method: #method<channel.close>(reply-code=406, reply-text=PRECONDITION_FAILED - inequivalent arg 'durable' for queue 'log' in vhost '/vh_test': received 'true' but current is 'false', class-id=50, method-id=10)
	at com.rabbitmq.utility.ValueOrException.getValue(ValueOrException.java:66)
	at com.rabbitmq.utility.BlockingValueOrException.uninterruptibleGetValue(BlockingValueOrException.java:36)
	at com.rabbitmq.client.impl.AMQChannel$BlockingRpcContinuation.getReply(AMQChannel.java:494)
	at com.rabbitmq.client.impl.AMQChannel.privateRpc(AMQChannel.java:288)
	at com.rabbitmq.client.impl.AMQChannel.exnWrappingRpc(AMQChannel.java:138)
	... 67 common frames omitted
Caused by: com.rabbitmq.client.ShutdownSignalException: channel error; protocol method: #method<channel.close>(reply-code=406, reply-text=PRECONDITION_FAILED - inequivalent arg 'durable' for queue 'log' in vhost '/vh_test': received 'true' but current is 'false', class-id=50, method-id=10)
	at com.rabbitmq.client.impl.ChannelN.asyncShutdown(ChannelN.java:516)
	at com.rabbitmq.client.impl.ChannelN.processAsync(ChannelN.java:346)
	at com.rabbitmq.client.impl.AMQChannel.handleCompleteInboundCommand(AMQChannel.java:178)
	at com.rabbitmq.client.impl.AMQChannel.handleFrame(AMQChannel.java:111)
	at com.rabbitmq.client.impl.AMQConnection.readFrame(AMQConnection.java:670)
	at com.rabbitmq.client.impl.AMQConnection.access$300(AMQConnection.java:48)
	at com.rabbitmq.client.impl.AMQConnection$MainLoop.run(AMQConnection.java:597)
	... 1 common frames omitted
2019-08-29 11:09:59,027 INFO (StartupInfoLogger.java:50)- Starting ApiApplication on N9E7I63DAFWHTOH with PID 10264 (D:\workspace_log\Log_Platform\Log_Api\target\classes started by Administrator in D:\workspace_log\Log_Platform\Log_Api)
2019-08-29 11:09:59,032 DEBUG (StartupInfoLogger.java:53)- Running with Spring Boot v2.1.7.RELEASE, Spring v5.1.9.RELEASE
2019-08-29 11:09:59,032 INFO (SpringApplication.java:647)- No active profile set, falling back to default profiles: default
2019-08-29 11:10:03,079 INFO (ElasticsearchConfig.java:55)- Elasticsearch初始化开始。。。。。
2019-08-29 11:10:08,775 INFO (StartupInfoLogger.java:59)- Started ApiApplication in 10.29 seconds (JVM running for 10.984)
2019-08-29 11:10:43,221 DEBUG (BaseJdbcLogger.java:159)- ==>  Preparing: insert into log_file_info ( id, device_name, sn, log_type, file_type, file_name, file_path, file_local_path, file_size, create_time ) values ( ?, ?, ?, ?, ?, ?, ?, ?, ?, ? ) 
2019-08-29 11:10:43,244 DEBUG (BaseJdbcLogger.java:159)- ==> Parameters: null, AP03(String), SN125TEST(String), 1(Integer), 1(Integer), test.zip(String), device_log\AP03\2019\8\test.zip(String), D:\workspace_log\Log_Platform\Log_Api\src\main\webapp\file\logFile\device_log\AP03\2019\8\(String), 2269(Long), 2019-08-29 11:10:43.191(Timestamp)
2019-08-29 11:10:43,283 DEBUG (BaseJdbcLogger.java:159)- <==    Updates: 1
2019-08-29 11:10:43,408 INFO (RabbitMqConfig.java:118)- 发送消息:{"logType":1,"fileName":"test.zip","fileIndex":0,"fileLocalPath":"D:\\workspace_log\\Log_Platform\\Log_Api\\src\\main\\webapp\\file\\logFile\\device_log\\AP03\\2019\\8\\","createTime":1567048243191,"fileSize":2269,"fileTotal":0,"filePath":"device_log\\AP03\\2019\\8\\test.zip","id":41,"sn":"SN125TEST","deviceName":"AP03","fileType":1},
2019-08-29 11:10:48,701 DEBUG (BaseJdbcLogger.java:159)- ==>  Preparing: insert into log_file_info ( id, device_name, sn, log_type, file_type, file_name, file_path, file_local_path, file_size, create_time ) values ( ?, ?, ?, ?, ?, ?, ?, ?, ?, ? ) 
2019-08-29 11:10:48,702 DEBUG (BaseJdbcLogger.java:159)- ==> Parameters: null, AP03(String), SN125TEST(String), 1(Integer), 1(Integer), test.zip(String), device_log\AP03\2019\8\test.zip(String), D:\workspace_log\Log_Platform\Log_Api\src\main\webapp\file\logFile\device_log\AP03\2019\8\(String), 2269(Long), 2019-08-29 11:10:48.699(Timestamp)
2019-08-29 11:10:48,733 DEBUG (BaseJdbcLogger.java:159)- <==    Updates: 1
2019-08-29 11:10:48,735 ERROR (LogFileController.java:229)- com.rabbitmq.client.AlreadyClosedException: connection is already closed due to clean connection shutdown; protocol method: #method<connection.close>(reply-code=200, reply-text=OK, class-id=0, method-id=0)
	at com.rabbitmq.client.impl.AMQConnection.ensureIsOpen(AMQConnection.java:172)
	at com.rabbitmq.client.impl.AMQConnection.createChannel(AMQConnection.java:550)
	at com.rabbitmq.client.impl.recovery.AutorecoveringConnection.createChannel(AutorecoveringConnection.java:165)
	at snod.com.cn.config.RabbitMqConfig.send(RabbitMqConfig.java:55)
	at snod.com.cn.service.LogFileService.saveFile(LogFileService.java:493)
	at snod.com.cn.controller.LogFileController.logFileUpLoadHttpTest(LogFileController.java:217)
	at sun.reflect.NativeMethodAccessorImpl.invoke0(Native Method)
	at sun.reflect.NativeMethodAccessorImpl.invoke(Unknown Source)
	at sun.reflect.DelegatingMethodAccessorImpl.invoke(Unknown Source)
	at java.lang.reflect.Method.invoke(Unknown Source)
	at org.springframework.web.method.support.InvocableHandlerMethod.doInvoke(InvocableHandlerMethod.java:190)
	at org.springframework.web.method.support.InvocableHandlerMethod.invokeForRequest(InvocableHandlerMethod.java:138)
	at org.springframework.web.servlet.mvc.method.annotation.ServletInvocableHandlerMethod.invokeAndHandle(ServletInvocableHandlerMethod.java:104)
	at org.springframework.web.servlet.mvc.method.annotation.RequestMappingHandlerAdapter.invokeHandlerMethod(RequestMappingHandlerAdapter.java:892)
	at org.springframework.web.servlet.mvc.method.annotation.RequestMappingHandlerAdapter.handleInternal(RequestMappingHandlerAdapter.java:797)
	at org.springframework.web.servlet.mvc.method.AbstractHandlerMethodAdapter.handle(AbstractHandlerMethodAdapter.java:87)
	at org.springframework.web.servlet.DispatcherServlet.doDispatch(DispatcherServlet.java:1039)
	at org.springframework.web.servlet.DispatcherServlet.doService(DispatcherServlet.java:942)
	at org.springframework.web.servlet.FrameworkServlet.processRequest(FrameworkServlet.java:1005)
	at org.springframework.web.servlet.FrameworkServlet.doPost(FrameworkServlet.java:908)
	at javax.servlet.http.HttpServlet.service(HttpServlet.java:660)
	at org.springframework.web.servlet.FrameworkServlet.service(FrameworkServlet.java:882)
	at javax.servlet.http.HttpServlet.service(HttpServlet.java:741)
	at org.apache.catalina.core.ApplicationFilterChain.internalDoFilter(ApplicationFilterChain.java:231)
	at org.apache.catalina.core.ApplicationFilterChain.doFilter(ApplicationFilterChain.java:166)
	at org.apache.tomcat.websocket.server.WsFilter.doFilter(WsFilter.java:53)
	at org.apache.catalina.core.ApplicationFilterChain.internalDoFilter(ApplicationFilterChain.java:193)
	at org.apache.catalina.core.ApplicationFilterChain.doFilter(ApplicationFilterChain.java:166)
	at org.springframework.web.filter.CorsFilter.doFilterInternal(CorsFilter.java:96)
	at org.springframework.web.filter.OncePerRequestFilter.doFilter(OncePerRequestFilter.java:118)
	at org.apache.catalina.core.ApplicationFilterChain.internalDoFilter(ApplicationFilterChain.java:193)
	at org.apache.catalina.core.ApplicationFilterChain.doFilter(ApplicationFilterChain.java:166)
	at org.springframework.web.filter.RequestContextFilter.doFilterInternal(RequestContextFilter.java:99)
	at org.springframework.web.filter.OncePerRequestFilter.doFilter(OncePerRequestFilter.java:118)
	at org.apache.catalina.core.ApplicationFilterChain.internalDoFilter(ApplicationFilterChain.java:193)
	at org.apache.catalina.core.ApplicationFilterChain.doFilter(ApplicationFilterChain.java:166)
	at org.springframework.web.filter.FormContentFilter.doFilterInternal(FormContentFilter.java:92)
	at org.springframework.web.filter.OncePerRequestFilter.doFilter(OncePerRequestFilter.java:118)
	at org.apache.catalina.core.ApplicationFilterChain.internalDoFilter(ApplicationFilterChain.java:193)
	at org.apache.catalina.core.ApplicationFilterChain.doFilter(ApplicationFilterChain.java:166)
	at org.springframework.web.filter.HiddenHttpMethodFilter.doFilterInternal(HiddenHttpMethodFilter.java:93)
	at org.springframework.web.filter.OncePerRequestFilter.doFilter(OncePerRequestFilter.java:118)
	at org.apache.catalina.core.ApplicationFilterChain.internalDoFilter(ApplicationFilterChain.java:193)
	at org.apache.catalina.core.ApplicationFilterChain.doFilter(ApplicationFilterChain.java:166)
	at org.springframework.session.web.http.SessionRepositoryFilter.doFilterInternal(SessionRepositoryFilter.java:151)
	at org.springframework.session.web.http.OncePerRequestFilter.doFilter(OncePerRequestFilter.java:86)
	at org.apache.catalina.core.ApplicationFilterChain.internalDoFilter(ApplicationFilterChain.java:193)
	at org.apache.catalina.core.ApplicationFilterChain.doFilter(ApplicationFilterChain.java:166)
	at org.springframework.web.filter.CharacterEncodingFilter.doFilterInternal(CharacterEncodingFilter.java:200)
	at org.springframework.web.filter.OncePerRequestFilter.doFilter(OncePerRequestFilter.java:118)
	at org.apache.catalina.core.ApplicationFilterChain.internalDoFilter(ApplicationFilterChain.java:193)
	at org.apache.catalina.core.ApplicationFilterChain.doFilter(ApplicationFilterChain.java:166)
	at org.apache.catalina.core.StandardWrapperValve.invoke(StandardWrapperValve.java:202)
	at org.apache.catalina.core.StandardContextValve.invoke(StandardContextValve.java:96)
	at org.apache.catalina.authenticator.AuthenticatorBase.invoke(AuthenticatorBase.java:490)
	at org.apache.catalina.core.StandardHostValve.invoke(StandardHostValve.java:139)
	at org.apache.catalina.valves.ErrorReportValve.invoke(ErrorReportValve.java:92)
	at org.apache.catalina.core.StandardEngineValve.invoke(StandardEngineValve.java:74)
	at org.apache.catalina.connector.CoyoteAdapter.service(CoyoteAdapter.java:343)
	at org.apache.coyote.http11.Http11Processor.service(Http11Processor.java:408)
	at org.apache.coyote.AbstractProcessorLight.process(AbstractProcessorLight.java:66)
	at org.apache.coyote.AbstractProtocol$ConnectionHandler.process(AbstractProtocol.java:853)
	at org.apache.tomcat.util.net.NioEndpoint$SocketProcessor.doRun(NioEndpoint.java:1587)
	at org.apache.tomcat.util.net.SocketProcessorBase.run(SocketProcessorBase.java:49)
	at java.util.concurrent.ThreadPoolExecutor.runWorker(Unknown Source)
	at java.util.concurrent.ThreadPoolExecutor$Worker.run(Unknown Source)
	at org.apache.tomcat.util.threads.TaskThread$WrappingRunnable.run(TaskThread.java:61)
	at java.lang.Thread.run(Unknown Source)

2019-08-29 13:45:29,665 INFO (StartupInfoLogger.java:50)- Starting ApiApplication on N9E7I63DAFWHTOH with PID 10168 (D:\workspace_log\Log_Platform\Log_Api\target\classes started by Administrator in D:\workspace_log\Log_Platform\Log_Api)
2019-08-29 13:45:29,665 DEBUG (StartupInfoLogger.java:53)- Running with Spring Boot v2.1.7.RELEASE, Spring v5.1.9.RELEASE
2019-08-29 13:45:29,665 INFO (SpringApplication.java:647)- No active profile set, falling back to default profiles: default
2019-08-29 13:45:33,804 INFO (ElasticsearchConfig.java:55)- Elasticsearch初始化开始。。。。。
2019-08-29 13:45:39,227 INFO (StartupInfoLogger.java:59)- Started ApiApplication in 10.114 seconds (JVM running for 10.815)
2019-08-29 13:46:27,496 DEBUG (BaseJdbcLogger.java:159)- ==>  Preparing: insert into log_file_info ( id, device_name, sn, log_type, file_type, file_name, file_path, file_local_path, file_size, create_time ) values ( ?, ?, ?, ?, ?, ?, ?, ?, ?, ? ) 
2019-08-29 13:46:27,515 DEBUG (BaseJdbcLogger.java:159)- ==> Parameters: null, AP03(String), SN125TEST(String), 1(Integer), 1(Integer), test.zip(String), device_log\AP03\2019\8\test.zip(String), D:\workspace_log\Log_Platform\Log_Api\src\main\webapp\file\logFile\device_log\AP03\2019\8\(String), 2269(Long), 2019-08-29 13:46:27.47(Timestamp)
2019-08-29 13:46:27,553 DEBUG (BaseJdbcLogger.java:159)- <==    Updates: 1
2019-08-29 13:46:27,651 INFO (RabbitMqConfig.java:111)- 发送消息:{"logType":1,"fileName":"test.zip","fileIndex":0,"fileLocalPath":"D:\\workspace_log\\Log_Platform\\Log_Api\\src\\main\\webapp\\file\\logFile\\device_log\\AP03\\2019\\8\\","createTime":1567057587470,"fileSize":2269,"fileTotal":0,"filePath":"device_log\\AP03\\2019\\8\\test.zip","id":46,"sn":"SN125TEST","deviceName":"AP03","fileType":1},
2019-08-29 13:46:27,652 INFO (RabbitMqConfig.java:102)- 发送成功.deliveryTag:1,multiple:false
2019-08-29 13:50:55,384 DEBUG (BaseJdbcLogger.java:159)- ==>  Preparing: insert into log_file_info ( id, device_name, sn, log_type, file_type, file_name, file_path, file_local_path, file_size, create_time ) values ( ?, ?, ?, ?, ?, ?, ?, ?, ?, ? ) 
2019-08-29 13:50:55,385 DEBUG (BaseJdbcLogger.java:159)- ==> Parameters: null, AP03(String), SN125TEST(String), 1(Integer), 1(Integer), Desktop.zip(String), device_log\AP03\2019\8\Desktop.zip(String), D:\workspace_log\Log_Platform\Log_Api\src\main\webapp\file\logFile\device_log\AP03\2019\8\(String), 1528(Long), 2019-08-29 13:50:55.377(Timestamp)
2019-08-29 13:50:55,421 DEBUG (BaseJdbcLogger.java:159)- <==    Updates: 1
2019-08-29 13:50:55,426 INFO (RabbitMqConfig.java:111)- 发送消息:{"logType":1,"fileName":"Desktop.zip","fileIndex":0,"fileLocalPath":"D:\\workspace_log\\Log_Platform\\Log_Api\\src\\main\\webapp\\file\\logFile\\device_log\\AP03\\2019\\8\\","createTime":1567057855377,"fileSize":1528,"fileTotal":0,"filePath":"device_log\\AP03\\2019\\8\\Desktop.zip","id":47,"sn":"SN125TEST","deviceName":"AP03","fileType":1},
2019-08-29 13:50:55,427 INFO (RabbitMqConfig.java:102)- 发送成功.deliveryTag:1,multiple:false
2019-08-29 13:53:03,171 DEBUG (BaseJdbcLogger.java:159)- ==>  Preparing: insert into log_file_info ( id, device_name, sn, log_type, file_type, file_name, file_path, file_local_path, file_size, create_time ) values ( ?, ?, ?, ?, ?, ?, ?, ?, ?, ? ) 
2019-08-29 13:53:03,172 DEBUG (BaseJdbcLogger.java:159)- ==> Parameters: null, AP03(String), SN125TEST(String), 1(Integer), 1(Integer), Desktop.zip(String), device_log\AP03\2019\8\Desktop.zip(String), D:\workspace_log\Log_Platform\Log_Api\src\main\webapp\file\logFile\device_log\AP03\2019\8\(String), 1528(Long), 2019-08-29 13:53:03.163(Timestamp)
2019-08-29 13:53:03,214 DEBUG (BaseJdbcLogger.java:159)- <==    Updates: 1
2019-08-29 13:53:03,223 INFO (RabbitMqConfig.java:111)- 发送消息:{"logType":1,"fileName":"Desktop.zip","fileIndex":0,"fileLocalPath":"D:\\workspace_log\\Log_Platform\\Log_Api\\src\\main\\webapp\\file\\logFile\\device_log\\AP03\\2019\\8\\","createTime":1567057983163,"fileSize":1528,"fileTotal":0,"filePath":"device_log\\AP03\\2019\\8\\Desktop.zip","id":48,"sn":"SN125TEST","deviceName":"AP03","fileType":1},
2019-08-29 13:53:03,224 INFO (RabbitMqConfig.java:102)- 发送成功.deliveryTag:1,multiple:false
2019-08-29 13:53:27,841 DEBUG (BaseJdbcLogger.java:159)- ==>  Preparing: insert into log_file_info ( id, device_name, sn, log_type, file_type, file_name, file_path, file_local_path, file_size, create_time ) values ( ?, ?, ?, ?, ?, ?, ?, ?, ?, ? ) 
2019-08-29 13:53:27,842 DEBUG (BaseJdbcLogger.java:159)- ==> Parameters: null, AP03(String), SN125TEST(String), 1(Integer), 1(Integer), Desktop.zip(String), device_log\AP03\2019\8\Desktop.zip(String), D:\workspace_log\Log_Platform\Log_Api\src\main\webapp\file\logFile\device_log\AP03\2019\8\(String), 1528(Long), 2019-08-29 13:53:27.84(Timestamp)
2019-08-29 13:53:27,879 DEBUG (BaseJdbcLogger.java:159)- <==    Updates: 1
2019-08-29 13:53:27,883 INFO (RabbitMqConfig.java:111)- 发送消息:{"logType":1,"fileName":"Desktop.zip","fileIndex":0,"fileLocalPath":"D:\\workspace_log\\Log_Platform\\Log_Api\\src\\main\\webapp\\file\\logFile\\device_log\\AP03\\2019\\8\\","createTime":1567058007840,"fileSize":1528,"fileTotal":0,"filePath":"device_log\\AP03\\2019\\8\\Desktop.zip","id":49,"sn":"SN125TEST","deviceName":"AP03","fileType":1},
2019-08-29 13:53:27,884 INFO (RabbitMqConfig.java:102)- 发送成功.deliveryTag:1,multiple:false
2019-08-29 13:54:31,888 DEBUG (BaseJdbcLogger.java:159)- ==>  Preparing: insert into log_file_info ( id, device_name, sn, log_type, file_type, file_name, file_path, file_local_path, file_size, create_time ) values ( ?, ?, ?, ?, ?, ?, ?, ?, ?, ? ) 
2019-08-29 13:54:31,889 DEBUG (BaseJdbcLogger.java:159)- ==> Parameters: null, AP03(String), SN125TEST(String), 1(Integer), 1(Integer), Desktop.zip(String), device_log\AP03\2019\8\Desktop.zip(String), D:\workspace_log\Log_Platform\Log_Api\src\main\webapp\file\logFile\device_log\AP03\2019\8\(String), 1528(Long), 2019-08-29 13:54:31.881(Timestamp)
2019-08-29 13:54:31,933 DEBUG (BaseJdbcLogger.java:159)- <==    Updates: 1
2019-08-29 13:54:31,938 INFO (RabbitMqConfig.java:111)- 发送消息:{"logType":1,"fileName":"Desktop.zip","fileIndex":0,"fileLocalPath":"D:\\workspace_log\\Log_Platform\\Log_Api\\src\\main\\webapp\\file\\logFile\\device_log\\AP03\\2019\\8\\","createTime":1567058071881,"fileSize":1528,"fileTotal":0,"filePath":"device_log\\AP03\\2019\\8\\Desktop.zip","id":50,"sn":"SN125TEST","deviceName":"AP03","fileType":1},
2019-08-29 13:54:31,939 INFO (RabbitMqConfig.java:102)- 发送成功.deliveryTag:1,multiple:false
2019-08-29 13:55:25,489 INFO (StartupInfoLogger.java:50)- Starting ApiApplication on N9E7I63DAFWHTOH with PID 1156 (D:\workspace_log\Log_Platform\Log_Api\target\classes started by Administrator in D:\workspace_log\Log_Platform\Log_Api)
2019-08-29 13:55:25,505 DEBUG (StartupInfoLogger.java:53)- Running with Spring Boot v2.1.7.RELEASE, Spring v5.1.9.RELEASE
2019-08-29 13:55:25,505 INFO (SpringApplication.java:647)- No active profile set, falling back to default profiles: default
2019-08-29 13:55:29,618 INFO (ElasticsearchConfig.java:55)- Elasticsearch初始化开始。。。。。
2019-08-29 13:55:36,326 INFO (StartupInfoLogger.java:59)- Started ApiApplication in 11.372 seconds (JVM running for 12.069)
2019-08-29 13:55:47,000 DEBUG (BaseJdbcLogger.java:159)- ==>  Preparing: insert into log_file_info ( id, device_name, sn, log_type, file_type, file_name, file_path, file_local_path, file_size, create_time ) values ( ?, ?, ?, ?, ?, ?, ?, ?, ?, ? ) 
2019-08-29 13:55:47,019 DEBUG (BaseJdbcLogger.java:159)- ==> Parameters: null, AP03(String), SN125TEST(String), 1(Integer), 1(Integer), Desktop.zip(String), device_log\AP03\2019\8\Desktop.zip(String), D:\workspace_log\Log_Platform\Log_Api\src\main\webapp\file\logFile\device_log\AP03\2019\8\(String), 1528(Long), 2019-08-29 13:55:46.978(Timestamp)
2019-08-29 13:55:47,073 DEBUG (BaseJdbcLogger.java:159)- <==    Updates: 1
2019-08-29 13:55:47,158 INFO (RabbitMqConfig.java:111)- 发送消息:{"logType":1,"fileName":"Desktop.zip","fileIndex":0,"fileLocalPath":"D:\\workspace_log\\Log_Platform\\Log_Api\\src\\main\\webapp\\file\\logFile\\device_log\\AP03\\2019\\8\\","createTime":1567058146978,"fileSize":1528,"fileTotal":0,"filePath":"device_log\\AP03\\2019\\8\\Desktop.zip","id":51,"sn":"SN125TEST","deviceName":"AP03","fileType":1},
2019-08-29 13:55:47,158 INFO (RabbitMqConfig.java:102)- 发送成功.deliveryTag:1,multiple:false
2019-08-29 13:56:59,873 DEBUG (BaseJdbcLogger.java:159)- ==>  Preparing: insert into log_file_info ( id, device_name, sn, log_type, file_type, file_name, file_path, file_local_path, file_size, create_time ) values ( ?, ?, ?, ?, ?, ?, ?, ?, ?, ? ) 
2019-08-29 13:56:59,874 DEBUG (BaseJdbcLogger.java:159)- ==> Parameters: null, AP03(String), SN125TEST(String), 1(Integer), 1(Integer), Desktop.zip(String), device_log\AP03\2019\8\Desktop.zip(String), D:\workspace_log\Log_Platform\Log_Api\src\main\webapp\file\logFile\device_log\AP03\2019\8\(String), 1528(Long), 2019-08-29 13:56:59.865(Timestamp)
2019-08-29 13:56:59,910 DEBUG (BaseJdbcLogger.java:159)- <==    Updates: 1
2019-08-29 13:56:59,916 INFO (RabbitMqConfig.java:111)- 发送消息:{"logType":1,"fileName":"Desktop.zip","fileIndex":0,"fileLocalPath":"D:\\workspace_log\\Log_Platform\\Log_Api\\src\\main\\webapp\\file\\logFile\\device_log\\AP03\\2019\\8\\","createTime":1567058219865,"fileSize":1528,"fileTotal":0,"filePath":"device_log\\AP03\\2019\\8\\Desktop.zip","id":52,"sn":"SN125TEST","deviceName":"AP03","fileType":1},
2019-08-29 13:56:59,917 INFO (RabbitMqConfig.java:102)- 发送成功.deliveryTag:1,multiple:false
2019-08-29 13:59:36,785 DEBUG (BaseJdbcLogger.java:159)- ==>  Preparing: insert into log_file_info ( id, device_name, sn, log_type, file_type, file_name, file_path, file_local_path, file_size, create_time ) values ( ?, ?, ?, ?, ?, ?, ?, ?, ?, ? ) 
2019-08-29 13:59:36,785 DEBUG (BaseJdbcLogger.java:159)- ==> Parameters: null, AP03(String), SN125TEST(String), 1(Integer), 1(Integer), Desktop.zip(String), device_log\AP03\2019\8\Desktop.zip(String), D:\workspace_log\Log_Platform\Log_Api\src\main\webapp\file\logFile\device_log\AP03\2019\8\(String), 1528(Long), 2019-08-29 13:59:36.778(Timestamp)
2019-08-29 13:59:36,824 DEBUG (BaseJdbcLogger.java:159)- <==    Updates: 1
2019-08-29 13:59:36,830 INFO (RabbitMqConfig.java:111)- 发送消息:{"logType":1,"fileName":"Desktop.zip","fileIndex":0,"fileLocalPath":"D:\\workspace_log\\Log_Platform\\Log_Api\\src\\main\\webapp\\file\\logFile\\device_log\\AP03\\2019\\8\\","createTime":1567058376778,"fileSize":1528,"fileTotal":0,"filePath":"device_log\\AP03\\2019\\8\\Desktop.zip","id":53,"sn":"SN125TEST","deviceName":"AP03","fileType":1},
2019-08-29 13:59:36,830 INFO (RabbitMqConfig.java:102)- 发送成功.deliveryTag:1,multiple:false
2019-08-29 14:01:17,145 DEBUG (BaseJdbcLogger.java:159)- ==>  Preparing: insert into log_file_info ( id, device_name, sn, log_type, file_type, file_name, file_path, file_local_path, file_size, create_time ) values ( ?, ?, ?, ?, ?, ?, ?, ?, ?, ? ) 
2019-08-29 14:01:17,146 DEBUG (BaseJdbcLogger.java:159)- ==> Parameters: null, AP03(String), SN125TEST(String), 1(Integer), 1(Integer), Desktop.zip(String), device_log\AP03\2019\8\Desktop.zip(String), D:\workspace_log\Log_Platform\Log_Api\src\main\webapp\file\logFile\device_log\AP03\2019\8\(String), 2051(Long), 2019-08-29 14:01:17.137(Timestamp)
2019-08-29 14:01:17,190 DEBUG (BaseJdbcLogger.java:159)- <==    Updates: 1
2019-08-29 14:01:17,195 INFO (RabbitMqConfig.java:111)- 发送消息:{"logType":1,"fileName":"Desktop.zip","fileIndex":0,"fileLocalPath":"D:\\workspace_log\\Log_Platform\\Log_Api\\src\\main\\webapp\\file\\logFile\\device_log\\AP03\\2019\\8\\","createTime":1567058477137,"fileSize":2051,"fileTotal":0,"filePath":"device_log\\AP03\\2019\\8\\Desktop.zip","id":54,"sn":"SN125TEST","deviceName":"AP03","fileType":1},
2019-08-29 14:01:17,196 INFO (RabbitMqConfig.java:102)- 发送成功.deliveryTag:1,multiple:false
2019-08-29 14:02:03,208 DEBUG (BaseJdbcLogger.java:159)- ==>  Preparing: insert into log_file_info ( id, device_name, sn, log_type, file_type, file_name, file_path, file_local_path, file_size, create_time ) values ( ?, ?, ?, ?, ?, ?, ?, ?, ?, ? ) 
2019-08-29 14:02:03,209 DEBUG (BaseJdbcLogger.java:159)- ==> Parameters: null, AP03(String), SN125TEST(String), 1(Integer), 1(Integer), test.zip(String), device_log\AP03\2019\8\test.zip(String), D:\workspace_log\Log_Platform\Log_Api\src\main\webapp\file\logFile\device_log\AP03\2019\8\(String), 2269(Long), 2019-08-29 14:02:03.201(Timestamp)
2019-08-29 14:02:03,254 DEBUG (BaseJdbcLogger.java:159)- <==    Updates: 1
2019-08-29 14:02:03,259 INFO (RabbitMqConfig.java:111)- 发送消息:{"logType":1,"fileName":"test.zip","fileIndex":0,"fileLocalPath":"D:\\workspace_log\\Log_Platform\\Log_Api\\src\\main\\webapp\\file\\logFile\\device_log\\AP03\\2019\\8\\","createTime":1567058523201,"fileSize":2269,"fileTotal":0,"filePath":"device_log\\AP03\\2019\\8\\test.zip","id":55,"sn":"SN125TEST","deviceName":"AP03","fileType":1},
2019-08-29 14:02:03,260 INFO (RabbitMqConfig.java:102)- 发送成功.deliveryTag:1,multiple:false
2019-08-29 14:11:42,603 DEBUG (BaseJdbcLogger.java:159)- ==>  Preparing: insert into log_file_info ( id, device_name, sn, log_type, file_type, file_name, file_path, file_local_path, file_size, create_time ) values ( ?, ?, ?, ?, ?, ?, ?, ?, ?, ? ) 
2019-08-29 14:11:42,604 DEBUG (BaseJdbcLogger.java:159)- ==> Parameters: null, AP03(String), SN125TEST(String), 1(Integer), 1(Integer), test.zip(String), device_log\AP03\2019\8\test.zip(String), D:\workspace_log\Log_Platform\Log_Api\src\main\webapp\file\logFile\device_log\AP03\2019\8\(String), 3202(Long), 2019-08-29 14:11:42.595(Timestamp)
2019-08-29 14:11:42,646 DEBUG (BaseJdbcLogger.java:159)- <==    Updates: 1
2019-08-29 14:11:42,651 INFO (RabbitMqConfig.java:111)- 发送消息:{"logType":1,"fileName":"test.zip","fileIndex":0,"fileLocalPath":"D:\\workspace_log\\Log_Platform\\Log_Api\\src\\main\\webapp\\file\\logFile\\device_log\\AP03\\2019\\8\\","createTime":1567059102595,"fileSize":3202,"fileTotal":0,"filePath":"device_log\\AP03\\2019\\8\\test.zip","id":56,"sn":"SN125TEST","deviceName":"AP03","fileType":1},
2019-08-29 14:11:42,652 INFO (RabbitMqConfig.java:102)- 发送成功.deliveryTag:1,multiple:false
2019-08-29 14:47:13,956 DEBUG (BaseJdbcLogger.java:159)- ==>  Preparing: insert into log_file_info ( id, device_name, sn, log_type, file_type, file_name, file_path, file_local_path, file_size, create_time ) values ( ?, ?, ?, ?, ?, ?, ?, ?, ?, ? ) 
2019-08-29 14:47:13,957 DEBUG (BaseJdbcLogger.java:159)- ==> Parameters: null, AP03(String), SN125TEST(String), 1(Integer), 1(Integer), test.zip(String), device_log\AP03\2019\8\test.zip(String), D:\workspace_log\Log_Platform\Log_Api\src\main\webapp\file\logFile\device_log\AP03\2019\8\(String), 2702867(Long), 2019-08-29 14:47:13.949(Timestamp)
2019-08-29 14:47:13,993 DEBUG (BaseJdbcLogger.java:159)- <==    Updates: 1
2019-08-29 14:47:13,999 INFO (RabbitMqConfig.java:111)- 发送消息:{"logType":1,"fileName":"test.zip","fileIndex":0,"fileLocalPath":"D:\\workspace_log\\Log_Platform\\Log_Api\\src\\main\\webapp\\file\\logFile\\device_log\\AP03\\2019\\8\\","createTime":1567061233949,"fileSize":2702867,"fileTotal":0,"filePath":"device_log\\AP03\\2019\\8\\test.zip","id":57,"sn":"SN125TEST","deviceName":"AP03","fileType":1},
2019-08-29 14:47:14,000 INFO (RabbitMqConfig.java:102)- 发送成功.deliveryTag:1,multiple:false
2019-08-29 16:08:44,216 INFO (StartupInfoLogger.java:50)- Starting ApiApplication on N9E7I63DAFWHTOH with PID 564 (D:\workspace_log\Log_Platform\Log_Api\target\classes started by Administrator in D:\workspace_log\Log_Platform\Log_Api)
2019-08-29 16:08:44,220 DEBUG (StartupInfoLogger.java:53)- Running with Spring Boot v2.1.7.RELEASE, Spring v5.1.9.RELEASE
2019-08-29 16:08:44,221 INFO (SpringApplication.java:647)- No active profile set, falling back to default profiles: default
2019-08-29 16:08:48,641 INFO (ElasticsearchConfig.java:55)- Elasticsearch初始化开始。。。。。
2019-08-29 16:08:54,534 INFO (StartupInfoLogger.java:59)- Started ApiApplication in 10.869 seconds (JVM running for 11.552)
2019-08-29 16:21:01,870 INFO (StartupInfoLogger.java:50)- Starting ApiApplication on N9E7I63DAFWHTOH with PID 9616 (D:\workspace_log\Log_Platform\Log_Api\target\classes started by Administrator in D:\workspace_log\Log_Platform\Log_Api)
2019-08-29 16:21:01,875 DEBUG (StartupInfoLogger.java:53)- Running with Spring Boot v2.1.7.RELEASE, Spring v5.1.9.RELEASE
2019-08-29 16:21:01,875 INFO (SpringApplication.java:647)- No active profile set, falling back to default profiles: default
2019-08-29 16:21:06,187 INFO (ElasticsearchConfig.java:55)- Elasticsearch初始化开始。。。。。
2019-08-29 16:21:11,797 INFO (StartupInfoLogger.java:59)- Started ApiApplication in 10.453 seconds (JVM running for 11.132)
2019-08-29 16:25:42,367 DEBUG (BaseJdbcLogger.java:159)- ==>  Preparing: insert into log_file_info ( id, device_name, sn, log_type, file_type, file_name, file_path, file_local_path, file_size, create_time ) values ( ?, ?, ?, ?, ?, ?, ?, ?, ?, ? ) 
2019-08-29 16:25:42,389 DEBUG (BaseJdbcLogger.java:159)- ==> Parameters: null, AP03(String), SN125TEST(String), 1(Integer), 1(Integer), test.zip(String), device_log\AP03\2019\8\test.zip(String), D:\workspace_log\Log_Platform\Log_Api\src\main\webapp\file\logFile\device_log\AP03\2019\8\(String), 2702867(Long), 2019-08-29 16:25:42.34(Timestamp)
2019-08-29 16:25:42,448 DEBUG (BaseJdbcLogger.java:159)- <==    Updates: 1
2019-08-29 16:25:42,536 INFO (RabbitMqConfig.java:111)- 发送消息:{"logType":1,"fileName":"test.zip","fileIndex":0,"fileLocalPath":"D:\\workspace_log\\Log_Platform\\Log_Api\\src\\main\\webapp\\file\\logFile\\device_log\\AP03\\2019\\8\\","createTime":1567067142340,"fileSize":2702867,"fileTotal":0,"filePath":"device_log\\AP03\\2019\\8\\test.zip","id":58,"sn":"SN125TEST","deviceName":"AP03","fileType":1},
2019-08-29 16:25:42,536 INFO (RabbitMqConfig.java:102)- 发送成功.deliveryTag:1,multiple:false
2019-08-29 16:39:22,564 DEBUG (BaseJdbcLogger.java:159)- ==>  Preparing: insert into log_file_info ( id, device_name, sn, log_type, file_type, file_name, file_path, file_local_path, file_size, create_time ) values ( ?, ?, ?, ?, ?, ?, ?, ?, ?, ? ) 
2019-08-29 16:39:22,565 DEBUG (BaseJdbcLogger.java:159)- ==> Parameters: null, AP03(String), SN125TEST(String), 1(Integer), 1(Integer), test.zip(String), device_log\AP03\2019\8\test.zip(String), D:\workspace_log\Log_Platform\Log_Api\src\main\webapp\file\logFile\device_log\AP03\2019\8\(String), 2702867(Long), 2019-08-29 16:39:22.557(Timestamp)
2019-08-29 16:39:22,619 DEBUG (BaseJdbcLogger.java:159)- <==    Updates: 1
2019-08-29 16:39:22,628 INFO (RabbitMqConfig.java:111)- 发送消息:{"logType":1,"fileName":"test.zip","fileIndex":0,"fileLocalPath":"D:\\workspace_log\\Log_Platform\\Log_Api\\src\\main\\webapp\\file\\logFile\\device_log\\AP03\\2019\\8\\","createTime":1567067962557,"fileSize":2702867,"fileTotal":0,"filePath":"device_log\\AP03\\2019\\8\\test.zip","id":59,"sn":"SN125TEST","deviceName":"AP03","fileType":1},
2019-08-29 16:39:22,629 INFO (RabbitMqConfig.java:102)- 发送成功.deliveryTag:1,multiple:false
2019-08-29 16:48:59,568 DEBUG (BaseJdbcLogger.java:159)- ==>  Preparing: insert into log_file_info ( id, device_name, sn, log_type, file_type, file_name, file_path, file_local_path, file_size, create_time ) values ( ?, ?, ?, ?, ?, ?, ?, ?, ?, ? ) 
2019-08-29 16:48:59,569 DEBUG (BaseJdbcLogger.java:159)- ==> Parameters: null, AP03(String), SN125TEST(String), 1(Integer), 1(Integer), test.zip(String), device_log\AP03\2019\8\test.zip(String), D:\workspace_log\Log_Platform\Log_Api\src\main\webapp\file\logFile\device_log\AP03\2019\8\(String), 2702867(Long), 2019-08-29 16:48:59.561(Timestamp)
2019-08-29 16:48:59,612 DEBUG (BaseJdbcLogger.java:159)- <==    Updates: 1
2019-08-29 16:48:59,619 INFO (RabbitMqConfig.java:111)- 发送消息:{"logType":1,"fileName":"test.zip","fileIndex":0,"fileLocalPath":"D:\\workspace_log\\Log_Platform\\Log_Api\\src\\main\\webapp\\file\\logFile\\device_log\\AP03\\2019\\8\\","createTime":1567068539561,"fileSize":2702867,"fileTotal":0,"filePath":"device_log\\AP03\\2019\\8\\test.zip","id":60,"sn":"SN125TEST","deviceName":"AP03","fileType":1},
2019-08-29 16:48:59,619 INFO (RabbitMqConfig.java:102)- 发送成功.deliveryTag:1,multiple:false
