2019-06-26 09:27:20,578 INFO (StartupInfoLogger.java:48)- Starting Application on N9E7I63DAFWHTOH with PID 12272 (D:\workspace_log\Log_Platform\Log_tx_System\target\classes started by Administrator in D:\workspace_log\Log_Platform\Log_tx_System)
2019-06-26 09:27:20,588 DEBUG (StartupInfoLogger.java:51)- Running with Spring Boot v1.5.9.RELEASE, Spring v4.3.13.RELEASE
2019-06-26 09:27:20,589 INFO (SpringApplication.java:593)- No active profile set, falling back to default profiles: default
2019-06-26 09:27:26,206 INFO (StartupInfoLogger.java:57)- Started Application in 5.995 seconds (JVM running for 6.611)
2019-06-26 09:30:57,839 INFO (StartupInfoLogger.java:48)- Starting Application on N9E7I63DAFWHTOH with PID 7340 (D:\workspace_log\Log_Platform\Log_tx_System\target\classes started by Administrator in D:\workspace_log\Log_Platform\Log_tx_System)
2019-06-26 09:30:57,855 DEBUG (StartupInfoLogger.java:51)- Running with Spring Boot v1.5.9.RELEASE, Spring v4.3.13.RELEASE
2019-06-26 09:30:57,855 INFO (SpringApplication.java:593)- No active profile set, falling back to default profiles: default
2019-06-26 09:31:03,117 INFO (StartupInfoLogger.java:57)- Started Application in 5.559 seconds (JVM running for 6.109)
2019-06-26 09:53:11,834 INFO (StartupInfoLogger.java:48)- Starting Application on N9E7I63DAFWHTOH with PID 12312 (D:\workspace_log\Log_Platform\Log_tx_System\target\classes started by Administrator in D:\workspace_log\Log_Platform\Log_tx_System)
2019-06-26 09:53:11,835 DEBUG (StartupInfoLogger.java:51)- Running with Spring Boot v1.5.9.RELEASE, Spring v4.3.13.RELEASE
2019-06-26 09:53:11,836 INFO (SpringApplication.java:593)- No active profile set, falling back to default profiles: default
2019-06-26 09:53:18,066 INFO (StartupInfoLogger.java:57)- Started Application in 6.648 seconds (JVM running for 7.275)
2019-06-26 09:57:50,194 INFO (StartupInfoLogger.java:48)- Starting Application on N9E7I63DAFWHTOH with PID 13148 (D:\workspace_log\Log_Platform\Log_tx_System\target\classes started by Administrator in D:\workspace_log\Log_Platform\Log_tx_System)
2019-06-26 09:57:50,195 DEBUG (StartupInfoLogger.java:51)- Running with Spring Boot v1.5.9.RELEASE, Spring v4.3.13.RELEASE
2019-06-26 09:57:50,196 INFO (SpringApplication.java:593)- No active profile set, falling back to default profiles: default
2019-06-26 09:57:55,881 INFO (StartupInfoLogger.java:57)- Started Application in 6.016 seconds (JVM running for 6.584)
2019-06-26 10:44:54,991 INFO (StartupInfoLogger.java:48)- Starting Application on N9E7I63DAFWHTOH with PID 12500 (D:\workspace_log\Log_Platform\Log_tx_System\target\classes started by Administrator in D:\workspace_log\Log_Platform\Log_tx_System)
2019-06-26 10:44:54,993 DEBUG (StartupInfoLogger.java:51)- Running with Spring Boot v1.5.9.RELEASE, Spring v4.3.13.RELEASE
2019-06-26 10:44:54,993 INFO (SpringApplication.java:593)- No active profile set, falling back to default profiles: default
2019-06-26 10:45:54,636 INFO (StartupInfoLogger.java:48)- Starting Application on N9E7I63DAFWHTOH with PID 12080 (D:\workspace_log\Log_Platform\Log_tx_System\target\classes started by Administrator in D:\workspace_log\Log_Platform\Log_tx_System)
2019-06-26 10:45:54,637 DEBUG (StartupInfoLogger.java:51)- Running with Spring Boot v1.5.9.RELEASE, Spring v4.3.13.RELEASE
2019-06-26 10:45:54,637 INFO (SpringApplication.java:593)- No active profile set, falling back to default profiles: default
2019-06-26 10:46:01,039 INFO (StartupInfoLogger.java:57)- Started Application in 6.778 seconds (JVM running for 7.398)
2019-06-26 10:47:22,236 INFO (StartupInfoLogger.java:48)- Starting Application on N9E7I63DAFWHTOH with PID 8016 (D:\workspace_log\Log_Platform\Log_tx_System\target\classes started by Administrator in D:\workspace_log\Log_Platform\Log_tx_System)
2019-06-26 10:47:22,237 DEBUG (StartupInfoLogger.java:51)- Running with Spring Boot v1.5.9.RELEASE, Spring v4.3.13.RELEASE
2019-06-26 10:47:22,237 INFO (SpringApplication.java:593)- No active profile set, falling back to default profiles: default
2019-06-26 10:47:28,570 INFO (StartupInfoLogger.java:57)- Started Application in 6.708 seconds (JVM running for 7.301)
2019-06-26 11:06:45,308 INFO (StartupInfoLogger.java:48)- Starting Application on N9E7I63DAFWHTOH with PID 7216 (D:\workspace_log\Log_Platform\Log_tx_System\target\classes started by Administrator in D:\workspace_log\Log_Platform\Log_tx_System)
2019-06-26 11:06:45,310 DEBUG (StartupInfoLogger.java:51)- Running with Spring Boot v1.5.9.RELEASE, Spring v4.3.13.RELEASE
2019-06-26 11:06:45,311 INFO (SpringApplication.java:593)- No active profile set, falling back to default profiles: default
2019-06-26 11:06:51,929 INFO (StartupInfoLogger.java:57)- Started Application in 7.036 seconds (JVM running for 7.807)
2019-06-26 14:11:36,395 INFO (StartupInfoLogger.java:48)- Starting Application on N9E7I63DAFWHTOH with PID 28340 (D:\workspace_log\Log_Platform\Log_tx_System\target\classes started by Administrator in D:\workspace_log\Log_Platform\Log_tx_System)
2019-06-26 14:11:36,396 DEBUG (StartupInfoLogger.java:51)- Running with Spring Boot v1.5.9.RELEASE, Spring v4.3.13.RELEASE
2019-06-26 14:11:36,397 INFO (SpringApplication.java:593)- No active profile set, falling back to default profiles: default
2019-06-26 14:11:43,964 INFO (StartupInfoLogger.java:57)- Started Application in 8.149 seconds (JVM running for 9.085)
2019-06-26 14:12:08,537 ERROR (Log_tx_Controller.java:372)- Failed to execute phase [dfs], all shards failed; shardFailures {[2GZGEltARxisy8KjtxoThg][tx_logs][0]: RemoteTransportException[[Doppleganger][192.168.113.15:9300][indices:data/read/search[phase/dfs]]]; nested: SearchParseException[failed to parse search source [{"from":0,"size":20,"query":{"bool":{"should":[{"wildcard":{"deviceName":"*tx2086*"}},{"wildcard":{"mac":"*tx2086*"}},{"wildcard":{"sn":"*tx2086*"}},{"wildcard":{"port":"*tx2086*"}},{"wildcard":{"ip":"*tx2086*"}},{"wildcard":{"logFileName":"*tx2086*"}},{"multi_match":{"query":"logType","fields":["tx2086"]}},{"multi_match":{"query":"fileType","fields":["tx2086"]}}]}}}]]; nested: NumberFormatException[For input string: "*tx2086*"]; }{[2GZGEltARxisy8KjtxoThg][tx_logs][1]: RemoteTransportException[[Doppleganger][192.168.113.15:9300][indices:data/read/search[phase/dfs]]]; nested: SearchParseException[failed to parse search source [{"from":0,"size":20,"query":{"bool":{"should":[{"wildcard":{"deviceName":"*tx2086*"}},{"wildcard":{"mac":"*tx2086*"}},{"wildcard":{"sn":"*tx2086*"}},{"wildcard":{"port":"*tx2086*"}},{"wildcard":{"ip":"*tx2086*"}},{"wildcard":{"logFileName":"*tx2086*"}},{"multi_match":{"query":"logType","fields":["tx2086"]}},{"multi_match":{"query":"fileType","fields":["tx2086"]}}]}}}]]; nested: NumberFormatException[For input string: "*tx2086*"]; }{[2GZGEltARxisy8KjtxoThg][tx_logs][2]: RemoteTransportException[[Doppleganger][192.168.113.15:9300][indices:data/read/search[phase/dfs]]]; nested: SearchParseException[failed to parse search source [{"from":0,"size":20,"query":{"bool":{"should":[{"wildcard":{"deviceName":"*tx2086*"}},{"wildcard":{"mac":"*tx2086*"}},{"wildcard":{"sn":"*tx2086*"}},{"wildcard":{"port":"*tx2086*"}},{"wildcard":{"ip":"*tx2086*"}},{"wildcard":{"logFileName":"*tx2086*"}},{"multi_match":{"query":"logType","fields":["tx2086"]}},{"multi_match":{"query":"fileType","fields":["tx2086"]}}]}}}]]; nested: NumberFormatException[For input string: "*tx2086*"]; }{[2GZGEltARxisy8KjtxoThg][tx_logs][3]: RemoteTransportException[[Doppleganger][192.168.113.15:9300][indices:data/read/search[phase/dfs]]]; nested: SearchParseException[failed to parse search source [{"from":0,"size":20,"query":{"bool":{"should":[{"wildcard":{"deviceName":"*tx2086*"}},{"wildcard":{"mac":"*tx2086*"}},{"wildcard":{"sn":"*tx2086*"}},{"wildcard":{"port":"*tx2086*"}},{"wildcard":{"ip":"*tx2086*"}},{"wildcard":{"logFileName":"*tx2086*"}},{"multi_match":{"query":"logType","fields":["tx2086"]}},{"multi_match":{"query":"fileType","fields":["tx2086"]}}]}}}]]; nested: NumberFormatException[For input string: "*tx2086*"]; }{[2GZGEltARxisy8KjtxoThg][tx_logs][4]: RemoteTransportException[[Doppleganger][192.168.113.15:9300][indices:data/read/search[phase/dfs]]]; nested: SearchParseException[failed to parse search source [{"from":0,"size":20,"query":{"bool":{"should":[{"wildcard":{"deviceName":"*tx2086*"}},{"wildcard":{"mac":"*tx2086*"}},{"wildcard":{"sn":"*tx2086*"}},{"wildcard":{"port":"*tx2086*"}},{"wildcard":{"ip":"*tx2086*"}},{"wildcard":{"logFileName":"*tx2086*"}},{"multi_match":{"query":"logType","fields":["tx2086"]}},{"multi_match":{"query":"fileType","fields":["tx2086"]}}]}}}]]; nested: NumberFormatException[For input string: "*tx2086*"]; }
	at org.elasticsearch.action.search.AbstractSearchAsyncAction.onFirstPhaseResult(AbstractSearchAsyncAction.java:206)
	at org.elasticsearch.action.search.AbstractSearchAsyncAction$1.onFailure(AbstractSearchAsyncAction.java:152)
	at org.elasticsearch.action.ActionListenerResponseHandler.handleException(ActionListenerResponseHandler.java:46)
	at org.elasticsearch.transport.TransportService$DirectResponseChannel.processException(TransportService.java:855)
	at org.elasticsearch.transport.TransportService$DirectResponseChannel.sendResponse(TransportService.java:833)
	at org.elasticsearch.transport.TransportService$4.onFailure(TransportService.java:387)
	at org.elasticsearch.common.util.concurrent.AbstractRunnable.run(AbstractRunnable.java:39)
	at java.util.concurrent.ThreadPoolExecutor.runWorker(ThreadPoolExecutor.java:1149)
	at java.util.concurrent.ThreadPoolExecutor$Worker.run(ThreadPoolExecutor.java:624)
	at java.lang.Thread.run(Thread.java:748)
Caused by: NotSerializableExceptionWrapper[: For input string: "*tx2086*"]; nested: NumberFormatException[For input string: "*tx2086*"];
	at org.elasticsearch.ElasticsearchException.guessRootCauses(ElasticsearchException.java:386)
	at org.elasticsearch.action.search.SearchPhaseExecutionException.guessRootCauses(SearchPhaseExecutionException.java:152)
	at org.elasticsearch.action.search.SearchPhaseExecutionException.getCause(SearchPhaseExecutionException.java:99)
	at org.elasticsearch.ElasticsearchException.writeTo(ElasticsearchException.java:226)
	at org.elasticsearch.action.search.SearchPhaseExecutionException.writeTo(SearchPhaseExecutionException.java:64)
	at org.elasticsearch.common.io.stream.StreamOutput.writeThrowable(StreamOutput.java:564)
	at org.elasticsearch.ElasticsearchException.writeTo(ElasticsearchException.java:226)
	at org.elasticsearch.transport.ActionTransportException.writeTo(ActionTransportException.java:64)
	at org.elasticsearch.common.io.stream.StreamOutput.writeThrowable(StreamOutput.java:564)
	at org.elasticsearch.transport.netty.NettyTransportChannel.sendResponse(NettyTransportChannel.java:120)
	at org.elasticsearch.transport.DelegatingTransportChannel.sendResponse(DelegatingTransportChannel.java:68)
	at org.elasticsearch.transport.RequestHandlerRegistry$TransportChannelWrapper.sendResponse(RequestHandlerRegistry.java:146)
	at org.elasticsearch.action.support.HandledTransportAction$TransportHandler$1.onFailure(HandledTransportAction.java:74)
	at org.elasticsearch.action.search.AbstractSearchAsyncAction.raiseEarlyFailure(AbstractSearchAsyncAction.java:294)
	... 10 more
Caused by: java.lang.NumberFormatException: For input string: "*tx2086*"
	at java.lang.NumberFormatException.forInputString(NumberFormatException.java:65)
	at java.lang.Long.parseLong(Long.java:578)
	at java.lang.Long.parseLong(Long.java:631)
	at org.elasticsearch.index.mapper.core.NumberFieldMapper.parseLongValue(NumberFieldMapper.java:296)
	at org.elasticsearch.index.mapper.core.LongFieldMapper$LongFieldType.indexedValueForSearch(LongFieldMapper.java:164)
	at org.elasticsearch.index.query.WildcardQueryParser.parse(WildcardQueryParser.java:99)
	at org.elasticsearch.index.query.QueryParseContext.parseInnerQuery(QueryParseContext.java:250)
	at org.elasticsearch.index.query.BoolQueryParser.parse(BoolQueryParser.java:116)
	at org.elasticsearch.index.query.QueryParseContext.parseInnerQuery(QueryParseContext.java:250)
	at org.elasticsearch.index.query.IndexQueryParserService.innerParse(IndexQueryParserService.java:320)
	at org.elasticsearch.index.query.IndexQueryParserService.parse(IndexQueryParserService.java:223)
	at org.elasticsearch.index.query.IndexQueryParserService.parse(IndexQueryParserService.java:218)
	at org.elasticsearch.search.query.QueryParseElement.parse(QueryParseElement.java:33)
	at org.elasticsearch.search.SearchService.parseSource(SearchService.java:838)
	at org.elasticsearch.search.SearchService.createContext(SearchService.java:654)
	at org.elasticsearch.search.SearchService.createAndPutContext(SearchService.java:620)
	at org.elasticsearch.search.SearchService.executeDfsPhase(SearchService.java:264)
	at org.elasticsearch.search.action.SearchServiceTransportAction$SearchDfsTransportHandler.messageReceived(SearchServiceTransportAction.java:360)
	at org.elasticsearch.search.action.SearchServiceTransportAction$SearchDfsTransportHandler.messageReceived(SearchServiceTransportAction.java:357)
	at org.elasticsearch.transport.TransportRequestHandler.messageReceived(TransportRequestHandler.java:33)
	at org.elasticsearch.transport.RequestHandlerRegistry.processMessageReceived(RequestHandlerRegistry.java:75)
	at org.elasticsearch.transport.TransportService$4.doRun(TransportService.java:376)
	at org.elasticsearch.common.util.concurrent.AbstractRunnable.run(AbstractRunnable.java:37)
	... 3 more

2019-06-26 15:08:26,405 INFO (StartupInfoLogger.java:48)- Starting Application on N9E7I63DAFWHTOH with PID 8604 (D:\workspace_log\Log_Platform\Log_tx_System\target\classes started by Administrator in D:\workspace_log\Log_Platform\Log_tx_System)
2019-06-26 15:08:26,407 DEBUG (StartupInfoLogger.java:51)- Running with Spring Boot v1.5.9.RELEASE, Spring v4.3.13.RELEASE
2019-06-26 15:08:26,407 INFO (SpringApplication.java:593)- No active profile set, falling back to default profiles: default
2019-06-26 15:08:34,609 INFO (StartupInfoLogger.java:57)- Started Application in 8.653 seconds (JVM running for 9.473)
2019-06-26 16:56:10,739 INFO (StartupInfoLogger.java:48)- Starting Application on N9E7I63DAFWHTOH with PID 10628 (D:\workspace_log\Log_Platform\Log_tx_System\target\classes started by Administrator in D:\workspace_log\Log_Platform\Log_tx_System)
2019-06-26 16:56:10,740 DEBUG (StartupInfoLogger.java:51)- Running with Spring Boot v1.5.9.RELEASE, Spring v4.3.13.RELEASE
2019-06-26 16:56:10,741 INFO (SpringApplication.java:593)- No active profile set, falling back to default profiles: default
2019-06-26 16:56:17,733 INFO (StartupInfoLogger.java:57)- Started Application in 7.423 seconds (JVM running for 8.085)
2019-06-26 17:14:50,196 INFO (StartupInfoLogger.java:48)- Starting Application on N9E7I63DAFWHTOH with PID 3756 (D:\workspace_log\Log_Platform\Log_tx_System\target\classes started by Administrator in D:\workspace_log\Log_Platform\Log_tx_System)
2019-06-26 17:14:50,198 DEBUG (StartupInfoLogger.java:51)- Running with Spring Boot v1.5.9.RELEASE, Spring v4.3.13.RELEASE
2019-06-26 17:14:50,198 INFO (SpringApplication.java:593)- No active profile set, falling back to default profiles: default
2019-06-26 17:14:57,143 INFO (StartupInfoLogger.java:57)- Started Application in 7.381 seconds (JVM running for 8.176)
2019-06-26 18:15:50,005 INFO (StartupInfoLogger.java:48)- Starting Application on N9E7I63DAFWHTOH with PID 27504 (D:\workspace_log\Log_Platform\Log_tx_System\target\classes started by Administrator in D:\workspace_log\Log_Platform\Log_tx_System)
2019-06-26 18:15:50,006 DEBUG (StartupInfoLogger.java:51)- Running with Spring Boot v1.5.9.RELEASE, Spring v4.3.13.RELEASE
2019-06-26 18:15:50,007 INFO (SpringApplication.java:593)- No active profile set, falling back to default profiles: default
2019-06-26 18:15:56,463 INFO (StartupInfoLogger.java:57)- Started Application in 6.832 seconds (JVM running for 7.429)
2019-06-26 18:24:16,770 INFO (StartupInfoLogger.java:48)- Starting Application on N9E7I63DAFWHTOH with PID 27040 (D:\workspace_log\Log_Platform\Log_tx_System\target\classes started by Administrator in D:\workspace_log\Log_Platform\Log_tx_System)
2019-06-26 18:24:16,771 DEBUG (StartupInfoLogger.java:51)- Running with Spring Boot v1.5.9.RELEASE, Spring v4.3.13.RELEASE
2019-06-26 18:24:16,772 INFO (SpringApplication.java:593)- No active profile set, falling back to default profiles: default
2019-06-26 18:24:23,477 INFO (StartupInfoLogger.java:57)- Started Application in 7.078 seconds (JVM running for 7.716)
