#
# A fatal error has been detected by the Java Runtime Environment:
#
#  EXCEPTION_ACCESS_VIOLATION (0xc0000005) at pc=0x000000005607a1a0, pid=13492, tid=13308
#
# JRE version: Java(TM) SE Runtime Environment (8.0_51-b16) (build 1.8.0_51-b16)
# Java VM: Java HotSpot(TM) 64-Bit Server VM (25.51-b03 mixed mode windows-amd64 compressed oops)
# Problematic frame:
# V  [jvm.dll+0xfa1a0]
#
# Failed to write core dump. Minidumps are not enabled by default on client versions of Windows
#
# If you would like to submit a bug report, please visit:
#   http://bugreport.java.com/bugreport/crash.jsp
#

---------------  T H R E A D  ---------------

Current thread (0x00000000182ea800):  VMThread [stack: 0x0000000019fd0000,0x000000001a0d0000] [id=13308]

siginfo: ExceptionCode=0xc0000005, reading address 0x000000000000001b

Registers:
RAX=0x000000000000000b, RBX=0x00000000302a6b10, RCX=0x000000001e848100, RDX=0x00000001000e1448
RSP=0x000000001a0cf240, RBP=0x0000000000000001, RSI=0x0000000000000009, RDI=0x00000001000e1448
R8 =0x00000000258defa0, R9 =0x0000000000000009, R10=0x00000000302a7e08, R11=0x0000000000000009
R12=0x00000000258def50, R13=0x00000000302a6b10, R14=0x00000000302a6ae0, R15=0x00000000258defa0
RIP=0x000000005607a1a0, EFLAGS=0x0000000000010206

Top of Stack: (sp=0x000000001a0cf240)
0x000000001a0cf240:   000000001da03b80 000000001a0cf2a0
0x000000001a0cf250:   0000000000000000 000000005606ac2b
0x000000001a0cf260:   00000000302a6848 000000005607a417
0x000000001a0cf270:   0000000100a4bc28 0000000000000000
0x000000001a0cf280:   000000000000000d 000000005608deeb
0x000000001a0cf290:   00000001000e1448 0000000000000000
0x000000001a0cf2a0:   000000001a9cf8e0 00000000302a6848
0x000000001a0cf2b0:   00000000182ea800 000000001a0cf440
0x000000001a0cf2c0:   00000000182ea800 00000000561451ad
0x000000001a0cf2d0:   0000000100a4bc28 00000000258def50
0x000000001a0cf2e0:   00000000182ea800 0000000003261620
0x000000001a0cf2f0:   000000001a0cf3a8 00000000302a9000
0x000000001a0cf300:   00000000182ea800 0000000000000000
0x000000001a0cf310:   0000000100000000 0000000000000000
0x000000001a0cf320:   00000000302d6c48 00000000182ea800
0x000000001a0cf330:   00000000182ea800 00000000181c5960 

Instructions: (pc=0x000000005607a1a0)
0x000000005607a180:   41 18 48 c1 e8 14 a8 01 74 06 48 8b 59 10 eb 1b
0x000000005607a190:   48 8b 41 08 48 85 c0 74 44 48 8b 49 08 48 8b 01
0x000000005607a1a0:   ff 50 10 84 c0 74 36 48 8b 5b 08 48 85 db 74 2d
0x000000005607a1b0:   48 8b 03 48 8b cb ff 50 10 84 c0 74 20 48 85 ff 


Register to memory mapping:

RAX=0x000000000000000b is an unknown value
RBX=0x00000000302a6b10 is pointing into metadata
RCX=0x000000001e848100 is pointing into metadata
RDX=0x00000001000e1448 is pointing into metadata
RSP=0x000000001a0cf240 is an unknown value
RBP=0x0000000000000001 is an unknown value
RSI=0x0000000000000009 is an unknown value
RDI=0x00000001000e1448 is pointing into metadata
R8 =0x00000000258defa0 is an unknown value
R9 =0x0000000000000009 is an unknown value
R10=0x00000000302a7e08 is pointing into metadata
R11=0x0000000000000009 is an unknown value
R12=0x00000000258def50 is an unknown value
R13=0x00000000302a6b10 is pointing into metadata
R14=0x00000000302a6ae0 is pointing into metadata
R15=0x00000000258defa0 is an unknown value


Stack: [0x0000000019fd0000,0x000000001a0d0000],  sp=0x000000001a0cf240,  free space=1020k
Native frames: (J=compiled Java code, j=interpreted, Vv=VM code, C=native code)
V  [jvm.dll+0xfa1a0]
V  [jvm.dll+0xfa417]
V  [jvm.dll+0x1c51ad]
V  [jvm.dll+0x6150b]
V  [jvm.dll+0x1c59ad]
V  [jvm.dll+0x1c5c3b]
V  [jvm.dll+0x247e47]
V  [jvm.dll+0x2470e6]
V  [jvm.dll+0x247581]
V  [jvm.dll+0x24779e]
V  [jvm.dll+0x29846a]
C  [msvcr100.dll+0x21d9f]
C  [msvcr100.dll+0x21e3b]
C  [KERNEL32.DLL+0x8364]
C  [ntdll.dll+0x67091]

VM_Operation (0x000000001a9cf8e0): RedefineClasses, mode: safepoint, requested by thread 0x000000001a374800


---------------  P R O C E S S  ---------------

Java Threads: ( => current thread )
  0x000000001bbfa800 JavaThread "HikariPool-2 connection adder" daemon [_thread_blocked, id=9376, stack(0x0000000032d50000,0x0000000032e50000)]
  0x000000001bbfb000 JavaThread "HikariPool-2 housekeeper" daemon [_thread_blocked, id=12676, stack(0x0000000032c50000,0x0000000032d50000)]
  0x000000001bbf9800 JavaThread "container-0" [_thread_blocked, id=12992, stack(0x0000000032b50000,0x0000000032c50000)]
  0x000000001bbf6800 JavaThread "Catalina-utility-2" [_thread_blocked, id=616, stack(0x0000000032a50000,0x0000000032b50000)]
  0x000000001bbf9000 JavaThread "Catalina-utility-1" [_thread_blocked, id=13580, stack(0x0000000032950000,0x0000000032a50000)]
  0x000000001bbf7800 JavaThread "restartedMain" [_thread_blocked, id=13932, stack(0x0000000032750000,0x0000000032850000)]
  0x000000002ebdb800 JavaThread "Thread-5" [_thread_blocked, id=3768, stack(0x0000000031a50000,0x0000000031b50000)]
  0x000000002ebd2800 JavaThread "DestroyJavaVM" [_thread_blocked, id=13776, stack(0x00000000030a0000,0x00000000031a0000)]
  0x000000001fe17800 JavaThread "Live Reload Server" daemon [_thread_in_native, id=8984, stack(0x0000000029440000,0x0000000029540000)]
  0x0000000027ace000 JavaThread "mysql-cj-abandoned-connection-cleanup" daemon [_thread_blocked, id=13476, stack(0x0000000022ff0000,0x00000000230f0000)]
  0x000000001a428000 JavaThread "Service Thread" daemon [_thread_blocked, id=13564, stack(0x000000001afd0000,0x000000001b0d0000)]
  0x000000001a3a2800 JavaThread "C1 CompilerThread3" daemon [_thread_blocked, id=13868, stack(0x000000001aed0000,0x000000001afd0000)]
  0x000000001a397000 JavaThread "C2 CompilerThread2" daemon [_thread_in_native, id=5716, stack(0x000000001add0000,0x000000001aed0000)]
  0x000000001a396800 JavaThread "C2 CompilerThread1" daemon [_thread_blocked, id=14264, stack(0x000000001acd0000,0x000000001add0000)]
  0x000000001a393000 JavaThread "C2 CompilerThread0" daemon [_thread_blocked, id=13604, stack(0x000000001abd0000,0x000000001acd0000)]
  0x000000001a38c800 JavaThread "JDWP Command Reader" daemon [_thread_in_native, id=664, stack(0x000000001aad0000,0x000000001abd0000)]
  0x000000001a37f800 JavaThread "JDWP Event Helper Thread" daemon [_thread_blocked, id=7392, stack(0x000000001a9d0000,0x000000001aad0000)]
  0x000000001a374800 JavaThread "JDWP Transport Listener: dt_socket" daemon [_thread_blocked, id=12148, stack(0x000000001a8d0000,0x000000001a9d0000)]
  0x000000001a31a800 JavaThread "Attach Listener" daemon [_thread_blocked, id=13844, stack(0x000000001a7d0000,0x000000001a8d0000)]
  0x000000001a319800 JavaThread "Signal Dispatcher" daemon [_thread_blocked, id=13968, stack(0x000000001a6d0000,0x000000001a7d0000)]
  0x00000000182f7800 JavaThread "Finalizer" daemon [_thread_blocked, id=13644, stack(0x000000001a1d0000,0x000000001a2d0000)]
  0x00000000182ef000 JavaThread "Reference Handler" daemon [_thread_blocked, id=7644, stack(0x000000001a0d0000,0x000000001a1d0000)]

Other Threads:
=>0x00000000182ea800 VMThread [stack: 0x0000000019fd0000,0x000000001a0d0000] [id=13308]
  0x000000001a42b800 WatcherThread [stack: 0x000000001b0d0000,0x000000001b1d0000] [id=14060]

VM state:at safepoint (normal execution)

VM Mutex/Monitor currently owned by a thread:  ([mutex/lock_event])
[0x0000000003248b30] Threads_lock - owner thread: 0x00000000182ea800

Heap:
 PSYoungGen      total 374784K, used 165479K [0x00000000d5d00000, 0x00000000ee480000, 0x0000000100000000)
  eden space 354816K, 46% used [0x00000000d5d00000,0x00000000dfe99f48,0x00000000eb780000)
  from space 19968K, 0% used [0x00000000ec280000,0x00000000ec280000,0x00000000ed600000)
  to   space 14848K, 0% used [0x00000000ed600000,0x00000000ed600000,0x00000000ee480000)
 ParOldGen       total 126464K, used 39378K [0x0000000081600000, 0x0000000089180000, 0x00000000d5d00000)
  object space 126464K, 31% used [0x0000000081600000,0x0000000083c749a8,0x0000000089180000)
 Metaspace       used 73678K, capacity 77125K, committed 77312K, reserved 1116160K
  class space    used 10084K, capacity 10676K, committed 10752K, reserved 1048576K

Card table byte_map: [0x0000000012700000,0x0000000012b00000] byte_map_base: 0x00000000122f5000

Marking Bits: (ParMarkBitMap*) 0x0000000056784040
 Begin Bits: [0x00000000135b0000, 0x0000000015558000)
 End Bits:   [0x0000000015558000, 0x0000000017500000)

Polling page: 0x0000000001470000

CodeCache: size=245760Kb used=21278Kb max_used=21308Kb free=224481Kb
 bounds [0x0000000003340000, 0x0000000004830000, 0x0000000012340000]
 total_blobs=6060 nmethods=5473 adapters=506
 compilation: enabled

Compilation events (10 events):
Event: 348.021 Thread 0x000000001a3a2800 6601       3       java.util.stream.Stream::concat (73 bytes)
Event: 348.022 Thread 0x000000001a3a2800 nmethod 6601 0x00000000041b0e50 code [0x00000000041b10e0, 0x00000000041b20f8]
Event: 348.023 Thread 0x000000001a3a2800 6608       3       net.bytebuddy.description.type.TypeDescription$Generic$Visitor$ForRawType::onNonGenericType (6 bytes)
Event: 348.023 Thread 0x000000001a3a2800 nmethod 6608 0x0000000003685710 code [0x0000000003685860, 0x0000000003685a10]
Event: 348.024 Thread 0x000000001a3a2800 6606       3       net.bytebuddy.matcher.ElementMatcher$Junction$Conjunction::matches (32 bytes)
Event: 348.024 Thread 0x000000001a3a2800 nmethod 6606 0x00000000047d9d50 code [0x00000000047d9ee0, 0x00000000047da278]
Event: 348.024 Thread 0x000000001a3a2800 6609       3       net.bytebuddy.description.type.TypeDescription$Generic$Visitor$ForRawType::onNonGenericType (2 bytes)
Event: 348.025 Thread 0x000000001a3a2800 nmethod 6609 0x00000000037617d0 code [0x0000000003761920, 0x0000000003761a70]
Event: 348.025 Thread 0x000000001a3a2800 6605       3       net.bytebuddy.description.method.MethodDescription$AbstractBase::<init> (5 bytes)
Event: 348.025 Thread 0x000000001a3a2800 nmethod 6605 0x00000000047d97d0 code [0x00000000047d9940, 0x00000000047d9bb0]

GC Heap History (10 events):
Event: 6.702 GC heap before
{Heap before GC invocations=13 (full 2):
 PSYoungGen      total 292352K, used 192623K [0x00000000d5d00000, 0x00000000e9000000, 0x0000000100000000)
  eden space 284672K, 65% used [0x00000000d5d00000,0x00000000e11b5588,0x00000000e7300000)
  from space 7680K, 98% used [0x00000000e8880000,0x00000000e8fe6688,0x00000000e9000000)
  to   space 12800K, 0% used [0x00000000e7700000,0x00000000e7700000,0x00000000e8380000)
 ParOldGen       total 80896K, used 15563K [0x0000000081600000, 0x0000000086500000, 0x00000000d5d00000)
  object space 80896K, 19% used [0x0000000081600000,0x0000000082532c60,0x0000000086500000)
 Metaspace       used 56646K, capacity 58907K, committed 59028K, reserved 1099776K
  class space    used 7743K, capacity 8164K, committed 8192K, reserved 1048576K
Event: 6.717 GC heap after
Heap after GC invocations=13 (full 2):
 PSYoungGen      total 301568K, used 12788K [0x00000000d5d00000, 0x00000000eec80000, 0x0000000100000000)
  eden space 288768K, 0% used [0x00000000d5d00000,0x00000000d5d00000,0x00000000e7700000)
  from space 12800K, 99% used [0x00000000e7700000,0x00000000e837d2d0,0x00000000e8380000)
  to   space 18432K, 0% used [0x00000000eda80000,0x00000000eda80000,0x00000000eec80000)
 ParOldGen       total 80896K, used 26710K [0x0000000081600000, 0x0000000086500000, 0x00000000d5d00000)
  object space 80896K, 33% used [0x0000000081600000,0x0000000083015a18,0x0000000086500000)
 Metaspace       used 56646K, capacity 58907K, committed 59028K, reserved 1099776K
  class space    used 7743K, capacity 8164K, committed 8192K, reserved 1048576K
}
Event: 6.717 GC heap before
{Heap before GC invocations=14 (full 3):
 PSYoungGen      total 301568K, used 12788K [0x00000000d5d00000, 0x00000000eec80000, 0x0000000100000000)
  eden space 288768K, 0% used [0x00000000d5d00000,0x00000000d5d00000,0x00000000e7700000)
  from space 12800K, 99% used [0x00000000e7700000,0x00000000e837d2d0,0x00000000e8380000)
  to   space 18432K, 0% used [0x00000000eda80000,0x00000000eda80000,0x00000000eec80000)
 ParOldGen       total 80896K, used 26710K [0x0000000081600000, 0x0000000086500000, 0x00000000d5d00000)
  object space 80896K, 33% used [0x0000000081600000,0x0000000083015a18,0x0000000086500000)
 Metaspace       used 56646K, capacity 58907K, committed 59028K, reserved 1099776K
  class space    used 7743K, capacity 8164K, committed 8192K, reserved 1048576K
Event: 6.825 GC heap after
Heap after GC invocations=14 (full 3):
 PSYoungGen      total 301568K, used 0K [0x00000000d5d00000, 0x00000000eec80000, 0x0000000100000000)
  eden space 288768K, 0% used [0x00000000d5d00000,0x00000000d5d00000,0x00000000e7700000)
  from space 12800K, 0% used [0x00000000e7700000,0x00000000e7700000,0x00000000e8380000)
  to   space 18432K, 0% used [0x00000000eda80000,0x00000000eda80000,0x00000000eec80000)
 ParOldGen       total 126464K, used 36270K [0x0000000081600000, 0x0000000089180000, 0x00000000d5d00000)
  object space 126464K, 28% used [0x0000000081600000,0x000000008396bac8,0x0000000089180000)
 Metaspace       used 56646K, capacity 58907K, committed 59028K, reserved 1099776K
  class space    used 7743K, capacity 8164K, committed 8192K, reserved 1048576K
}
Event: 8.682 GC heap before
{Heap before GC invocations=15 (full 3):
 PSYoungGen      total 301568K, used 288768K [0x00000000d5d00000, 0x00000000eec80000, 0x0000000100000000)
  eden space 288768K, 100% used [0x00000000d5d00000,0x00000000e7700000,0x00000000e7700000)
  from space 12800K, 0% used [0x00000000e7700000,0x00000000e7700000,0x00000000e8380000)
  to   space 18432K, 0% used [0x00000000eda80000,0x00000000eda80000,0x00000000eec80000)
 ParOldGen       total 126464K, used 36270K [0x0000000081600000, 0x0000000089180000, 0x00000000d5d00000)
  object space 126464K, 28% used [0x0000000081600000,0x000000008396bac8,0x0000000089180000)
 Metaspace       used 65768K, capacity 68731K, committed 68992K, reserved 1107968K
  class space    used 9011K, capacity 9560K, committed 9600K, reserved 1048576K
Event: 8.696 GC heap after
Heap after GC invocations=15 (full 3):
 PSYoungGen      total 370176K, used 15277K [0x00000000d5d00000, 0x00000000ee980000, 0x0000000100000000)
  eden space 354816K, 0% used [0x00000000d5d00000,0x00000000d5d00000,0x00000000eb780000)
  from space 15360K, 99% used [0x00000000eda80000,0x00000000ee96b5c0,0x00000000ee980000)
  to   space 19968K, 0% used [0x00000000ec280000,0x00000000ec280000,0x00000000ed600000)
 ParOldGen       total 126464K, used 36278K [0x0000000081600000, 0x0000000089180000, 0x00000000d5d00000)
  object space 126464K, 28% used [0x0000000081600000,0x000000008396dac8,0x0000000089180000)
 Metaspace       used 65768K, capacity 68731K, committed 68992K, reserved 1107968K
  class space    used 9011K, capacity 9560K, committed 9600K, reserved 1048576K
}
Event: 346.770 GC heap before
{Heap before GC invocations=16 (full 3):
 PSYoungGen      total 370176K, used 370093K [0x00000000d5d00000, 0x00000000ee980000, 0x0000000100000000)
  eden space 354816K, 100% used [0x00000000d5d00000,0x00000000eb780000,0x00000000eb780000)
  from space 15360K, 99% used [0x00000000eda80000,0x00000000ee96b5c0,0x00000000ee980000)
  to   space 19968K, 0% used [0x00000000ec280000,0x00000000ec280000,0x00000000ed600000)
 ParOldGen       total 126464K, used 36278K [0x0000000081600000, 0x0000000089180000, 0x00000000d5d00000)
  object space 126464K, 28% used [0x0000000081600000,0x000000008396dac8,0x0000000089180000)
 Metaspace       used 73398K, capacity 76819K, committed 77056K, reserved 1116160K
  class space    used 10075K, capacity 10667K, committed 10752K, reserved 1048576K
Event: 346.783 GC heap after
Heap after GC invocations=16 (full 3):
 PSYoungGen      total 374784K, used 19966K [0x00000000d5d00000, 0x00000000ee480000, 0x0000000100000000)
  eden space 354816K, 0% used [0x00000000d5d00000,0x00000000d5d00000,0x00000000eb780000)
  from space 19968K, 99% used [0x00000000ec280000,0x00000000ed5ffa58,0x00000000ed600000)
  to   space 14848K, 0% used [0x00000000ed600000,0x00000000ed600000,0x00000000ee480000)
 ParOldGen       total 126464K, used 37628K [0x0000000081600000, 0x0000000089180000, 0x00000000d5d00000)
  object space 126464K, 29% used [0x0000000081600000,0x0000000083abf3e8,0x0000000089180000)
 Metaspace       used 73398K, capacity 76819K, committed 77056K, reserved 1116160K
  class space    used 10075K, capacity 10667K, committed 10752K, reserved 1048576K
}
Event: 346.783 GC heap before
{Heap before GC invocations=17 (full 4):
 PSYoungGen      total 374784K, used 19966K [0x00000000d5d00000, 0x00000000ee480000, 0x0000000100000000)
  eden space 354816K, 0% used [0x00000000d5d00000,0x00000000d5d00000,0x00000000eb780000)
  from space 19968K, 99% used [0x00000000ec280000,0x00000000ed5ffa58,0x00000000ed600000)
  to   space 14848K, 0% used [0x00000000ed600000,0x00000000ed600000,0x00000000ee480000)
 ParOldGen       total 126464K, used 37628K [0x0000000081600000, 0x0000000089180000, 0x00000000d5d00000)
  object space 126464K, 29% used [0x0000000081600000,0x0000000083abf3e8,0x0000000089180000)
 Metaspace       used 73398K, capacity 76819K, committed 77056K, reserved 1116160K
  class space    used 10075K, capacity 10667K, committed 10752K, reserved 1048576K
Event: 346.928 GC heap after
Heap after GC invocations=17 (full 4):
 PSYoungGen      total 374784K, used 0K [0x00000000d5d00000, 0x00000000ee480000, 0x0000000100000000)
  eden space 354816K, 0% used [0x00000000d5d00000,0x00000000d5d00000,0x00000000eb780000)
  from space 19968K, 0% used [0x00000000ec280000,0x00000000ec280000,0x00000000ed600000)
  to   space 14848K, 0% used [0x00000000ed600000,0x00000000ed600000,0x00000000ee480000)
 ParOldGen       total 126464K, used 39378K [0x0000000081600000, 0x0000000089180000, 0x00000000d5d00000)
  object space 126464K, 31% used [0x0000000081600000,0x0000000083c749a8,0x0000000089180000)
 Metaspace       used 73398K, capacity 76819K, committed 77056K, reserved 1116160K
  class space    used 10075K, capacity 10667K, committed 10752K, reserved 1048576K
}

Deoptimization events (10 events):
Event: 348.007 Thread 0x000000001bbf7800 Uncommon trap: reason=unhandled action=none pc=0x0000000003df2830 method=java.net.URLClassLoader.findClass(Ljava/lang/String;)Ljava/lang/Class; @ 44
Event: 348.007 Thread 0x000000001bbf7800 Uncommon trap: reason=unhandled action=none pc=0x0000000003df2830 method=java.net.URLClassLoader.findClass(Ljava/lang/String;)Ljava/lang/Class; @ 44
Event: 348.008 Thread 0x000000001bbf7800 Uncommon trap: reason=unhandled action=none pc=0x0000000003df2830 method=java.net.URLClassLoader.findClass(Ljava/lang/String;)Ljava/lang/Class; @ 44
Event: 348.008 Thread 0x000000001bbf7800 Uncommon trap: reason=unhandled action=none pc=0x0000000003df2830 method=java.net.URLClassLoader.findClass(Ljava/lang/String;)Ljava/lang/Class; @ 44
Event: 348.009 Thread 0x000000001bbf7800 Uncommon trap: reason=unhandled action=none pc=0x0000000003df2830 method=java.net.URLClassLoader.findClass(Ljava/lang/String;)Ljava/lang/Class; @ 44
Event: 348.010 Thread 0x000000001bbf7800 Uncommon trap: reason=unhandled action=none pc=0x0000000003df2830 method=java.net.URLClassLoader.findClass(Ljava/lang/String;)Ljava/lang/Class; @ 44
Event: 348.011 Thread 0x000000001bbf7800 Uncommon trap: reason=unhandled action=none pc=0x0000000003df2830 method=java.net.URLClassLoader.findClass(Ljava/lang/String;)Ljava/lang/Class; @ 44
Event: 348.011 Thread 0x000000001bbf7800 Uncommon trap: reason=unhandled action=none pc=0x0000000003df2830 method=java.net.URLClassLoader.findClass(Ljava/lang/String;)Ljava/lang/Class; @ 44
Event: 348.016 Thread 0x000000001bbf7800 Uncommon trap: reason=unhandled action=none pc=0x0000000003df2830 method=java.net.URLClassLoader.findClass(Ljava/lang/String;)Ljava/lang/Class; @ 44
Event: 348.017 Thread 0x000000001bbf7800 Uncommon trap: reason=range_check action=none pc=0x00000000036ae61c method=sun.reflect.generics.parser.SignatureParser.current()C @ 34

Internal exceptions (10 events):
Event: 347.847 Thread 0x000000001bbf7800 Exception <a 'java/lang/NullPointerException'> (0x00000000deebc678) thrown at [C:\re\workspace\8-2-build-windows-amd64-cygwin\jdk8u51\3951\hotspot\src\share\vm\runtime\sharedRuntime.cpp, line 605]
Event: 347.848 Thread 0x000000001bbf7800 Implicit null exception at 0x0000000003cac19a to 0x0000000003cac704
Event: 347.848 Thread 0x000000001bbf7800 Exception <a 'java/lang/NullPointerException'> (0x00000000deebd378) thrown at [C:\re\workspace\8-2-build-windows-amd64-cygwin\jdk8u51\3951\hotspot\src\share\vm\runtime\sharedRuntime.cpp, line 605]
Event: 347.848 Thread 0x000000001bbf7800 Implicit null exception at 0x0000000003cac19a to 0x0000000003cac704
Event: 347.848 Thread 0x000000001bbf7800 Exception <a 'java/lang/NullPointerException'> (0x00000000deebe088) thrown at [C:\re\workspace\8-2-build-windows-amd64-cygwin\jdk8u51\3951\hotspot\src\share\vm\runtime\sharedRuntime.cpp, line 605]
Event: 347.857 Thread 0x000000001bbf7800 Exception <a 'java/lang/ArrayIndexOutOfBoundsException': 191> (0x00000000def7f700) thrown at [C:\re\workspace\8-2-build-windows-amd64-cygwin\jdk8u51\3951\hotspot\src\share\vm\interpreter\interpreterRuntime.cpp, line 366]
Event: 347.865 Thread 0x000000001bbf7800 Exception <a 'java/lang/ArrayIndexOutOfBoundsException': 1075> (0x00000000deff2228) thrown at [C:\re\workspace\8-2-build-windows-amd64-cygwin\jdk8u51\3951\hotspot\src\share\vm\interpreter\interpreterRuntime.cpp, line 366]
Event: 347.870 Thread 0x000000001bbf7800 Exception <a 'java/lang/ArrayIndexOutOfBoundsException': 56> (0x00000000df00d960) thrown at [C:\re\workspace\8-2-build-windows-amd64-cygwin\jdk8u51\3951\hotspot\src\share\vm\interpreter\interpreterRuntime.cpp, line 366]
Event: 347.870 Thread 0x000000001bbf7800 Exception <a 'java/lang/ArrayIndexOutOfBoundsException': 38> (0x00000000df012718) thrown at [C:\re\workspace\8-2-build-windows-amd64-cygwin\jdk8u51\3951\hotspot\src\share\vm\interpreter\interpreterRuntime.cpp, line 366]
Event: 348.017 Thread 0x000000001bbf7800 Exception <a 'java/lang/ArrayIndexOutOfBoundsException': 22> (0x00000000dfa75618) thrown at [C:\re\workspace\8-2-build-windows-amd64-cygwin\jdk8u51\3951\hotspot\src\share\vm\interpreter\interpreterRuntime.cpp, line 366]

Events (10 events):
Event: 348.018 Thread 0x000000001bbf7800 DEOPT PACKING pc=0x0000000003c45d5c sp=0x000000003284c2d0
Event: 348.018 Thread 0x000000001bbf7800 DEOPT UNPACKING pc=0x000000000338787f sp=0x000000003284c088 mode 1
Event: 348.020 Executing VM operation: RevokeBias
Event: 348.020 Executing VM operation: RevokeBias done
Event: 348.021 Thread 0x000000001a3a2800 flushing nmethod 0x00000000034dc410
Event: 348.023 Thread 0x000000001a3a2800 flushing nmethod 0x00000000036855d0
Event: 348.024 Thread 0x000000001a3a2800 flushing nmethod 0x0000000003761690
Event: 348.024 Thread 0x000000001a3a2800 flushing nmethod 0x00000000037a47d0
Event: 348.026 Thread 0x000000001a3a2800 flushing nmethod 0x000000000398f910
Event: 348.026 Executing VM operation: RedefineClasses


Dynamic libraries:
0x00007ff7e6340000 - 0x00007ff7e6377000 	C:\Program Files\Java\jdk1.8.0_51\bin\javaw.exe
0x00007fffd7ce0000 - 0x00007fffd7eb2000 	C:\Windows\SYSTEM32\ntdll.dll
0x00007fffd56c0000 - 0x00007fffd576c000 	C:\Windows\System32\KERNEL32.DLL
0x00007fffd4140000 - 0x00007fffd435d000 	C:\Windows\System32\KERNELBASE.dll
0x00007fffd7ad0000 - 0x00007fffd7b72000 	C:\Windows\System32\ADVAPI32.dll
0x00007fffd50b0000 - 0x00007fffd514e000 	C:\Windows\System32\msvcrt.dll
0x00007fffd5280000 - 0x00007fffd52d9000 	C:\Windows\System32\sechost.dll
0x00007fffd5150000 - 0x00007fffd5271000 	C:\Windows\System32\RPCRT4.dll
0x00007fffd5770000 - 0x00007fffd58d5000 	C:\Windows\System32\USER32.dll
0x00007fffd46c0000 - 0x00007fffd46de000 	C:\Windows\System32\win32u.dll
0x00007fffd5420000 - 0x00007fffd5454000 	C:\Windows\System32\GDI32.dll
0x00007fffd4360000 - 0x00007fffd44e0000 	C:\Windows\System32\gdi32full.dll
0x00007fffc8d80000 - 0x00007fffc8ffa000 	C:\Windows\WinSxS\amd64_microsoft.windows.common-controls_6595b64144ccf1df_6.0.14393.953_none_42151e83c686086b\COMCTL32.dll
0x00007fffd5ea0000 - 0x00007fffd6168000 	C:\Windows\System32\combase.dll
0x00007fffd3f90000 - 0x00007fffd4085000 	C:\Windows\System32\ucrtbase.dll
0x00007fffd44e0000 - 0x00007fffd454a000 	C:\Windows\System32\bcryptPrimitives.dll
0x00007fffd54c0000 - 0x00007fffd54ee000 	C:\Windows\System32\IMM32.DLL
0x0000000056810000 - 0x00000000568e2000 	C:\Program Files\Java\jdk1.8.0_51\jre\bin\msvcr100.dll
0x0000000055f80000 - 0x0000000056803000 	C:\Program Files\Java\jdk1.8.0_51\jre\bin\server\jvm.dll
0x00007fffd46e0000 - 0x00007fffd4703000 	C:\Windows\System32\WINMM.dll
0x00007fffd3f30000 - 0x00007fffd3f5b000 	C:\Windows\System32\WINMMBASE.dll
0x00007fffd4670000 - 0x00007fffd46b2000 	C:\Windows\System32\cfgmgr32.dll
0x00007fffd56a0000 - 0x00007fffd56a8000 	C:\Windows\System32\PSAPI.DLL
0x00007fffcf5b0000 - 0x00007fffcf5b9000 	C:\Windows\SYSTEM32\WSOCK32.dll
0x00007fffd08e0000 - 0x00007fffd08ea000 	C:\Windows\SYSTEM32\VERSION.dll
0x00007fffd5b10000 - 0x00007fffd5b7a000 	C:\Windows\System32\WS2_32.dll
0x0000000055f70000 - 0x0000000055f7f000 	C:\Program Files\Java\jdk1.8.0_51\jre\bin\verify.dll
0x0000000055f40000 - 0x0000000055f69000 	C:\Program Files\Java\jdk1.8.0_51\jre\bin\java.dll
0x0000000055f00000 - 0x0000000055f35000 	C:\Program Files\Java\jdk1.8.0_51\jre\bin\jdwp.dll
0x0000000055ef0000 - 0x0000000055ef8000 	C:\Program Files\Java\jdk1.8.0_51\jre\bin\npt.dll
0x0000000055ed0000 - 0x0000000055ee6000 	C:\Program Files\Java\jdk1.8.0_51\jre\bin\zip.dll
0x00007fffd65c0000 - 0x00007fffd7ac8000 	C:\Windows\System32\SHELL32.dll
0x00007fffd48e0000 - 0x00007fffd4fba000 	C:\Windows\System32\windows.storage.dll
0x00007fffd4fc0000 - 0x00007fffd500c000 	C:\Windows\System32\powrprof.dll
0x00007fffd7b80000 - 0x00007fffd7bd2000 	C:\Windows\System32\shlwapi.dll
0x00007fffd3f80000 - 0x00007fffd3f8f000 	C:\Windows\System32\kernel.appcore.dll
0x00007fffd45c0000 - 0x00007fffd4669000 	C:\Windows\System32\shcore.dll
0x00007fffd3f60000 - 0x00007fffd3f74000 	C:\Windows\System32\profapi.dll
0x0000000055ec0000 - 0x0000000055ec9000 	C:\Program Files\Java\jdk1.8.0_51\jre\bin\dt_socket.dll
0x00007fffc3bb0000 - 0x00007fffc3bc6000 	C:\Windows\system32\napinsp.dll
0x00007fffc3b90000 - 0x00007fffc3baa000 	C:\Windows\system32\pnrpnsp.dll
0x00007fffd1c40000 - 0x00007fffd1c58000 	C:\Windows\system32\NLAapi.dll
0x00007fffd3850000 - 0x00007fffd38ac000 	C:\Windows\System32\mswsock.dll
0x00007fffd35b0000 - 0x00007fffd3651000 	C:\Windows\SYSTEM32\DNSAPI.dll
0x00007fffd5690000 - 0x00007fffd5698000 	C:\Windows\System32\NSI.dll
0x00007fffd3570000 - 0x00007fffd35a8000 	C:\Windows\SYSTEM32\IPHLPAPI.DLL
0x00007fffc3b80000 - 0x00007fffc3b8e000 	C:\Windows\System32\winrnr.dll
0x00007fffcb8f0000 - 0x00007fffcb95a000 	C:\Windows\System32\fwpuclnt.dll
0x00007fffd3b00000 - 0x00007fffd3b2b000 	C:\Windows\SYSTEM32\bcrypt.dll
0x00007fffcb5b0000 - 0x00007fffcb5ba000 	C:\Windows\System32\rasadhlp.dll
0x0000000055eb0000 - 0x0000000055ebd000 	C:\Program Files\Java\jdk1.8.0_51\jre\bin\management.dll
0x0000000055e90000 - 0x0000000055eaa000 	C:\Program Files\Java\jdk1.8.0_51\jre\bin\net.dll
0x0000000055e70000 - 0x0000000055e81000 	C:\Program Files\Java\jdk1.8.0_51\jre\bin\nio.dll
0x00007fffd3a00000 - 0x00007fffd3a17000 	C:\Windows\SYSTEM32\CRYPTSP.dll
0x00007fffd33f0000 - 0x00007fffd3423000 	C:\Windows\system32\rsaenh.dll
0x00007fffd3670000 - 0x00007fffd368f000 	C:\Windows\SYSTEM32\USERENV.dll
0x00007fffd39f0000 - 0x00007fffd39fb000 	C:\Windows\SYSTEM32\CRYPTBASE.dll
0x00007fffcf370000 - 0x00007fffcf386000 	C:\Windows\SYSTEM32\dhcpcsvc6.DLL
0x00007fffcfd90000 - 0x00007fffcfdaa000 	C:\Windows\SYSTEM32\dhcpcsvc.DLL
0x0000000055e40000 - 0x0000000055e64000 	C:\Program Files\Java\jdk1.8.0_51\jre\bin\sunec.dll
0x00007fffc3fe0000 - 0x00007fffc4172000 	C:\Windows\SYSTEM32\dbghelp.dll

VM Arguments:
jvm_args: -agentlib:jdwp=transport=dt_socket,suspend=y,address=localhost:5673 -Dfile.encoding=UTF-8 -Xbootclasspath:C:\Program Files\Java\jre1.8.0_51\lib\resources.jar;C:\Program Files\Java\jre1.8.0_51\lib\rt.jar;C:\Program Files\Java\jre1.8.0_51\lib\jsse.jar;C:\Program Files\Java\jre1.8.0_51\lib\jce.jar;C:\Program Files\Java\jre1.8.0_51\lib\charsets.jar;C:\Program Files\Java\jre1.8.0_51\lib\jfr.jar;C:\Program Files\Java\jre1.8.0_51\lib\ext\access-bridge-64.jar;C:\Program Files\Java\jre1.8.0_51\lib\ext\cldrdata.jar;C:\Program Files\Java\jre1.8.0_51\lib\ext\dnsns.jar;C:\Program Files\Java\jre1.8.0_51\lib\ext\jaccess.jar;C:\Program Files\Java\jre1.8.0_51\lib\ext\jfxrt.jar;C:\Program Files\Java\jre1.8.0_51\lib\ext\localedata.jar;C:\Program Files\Java\jre1.8.0_51\lib\ext\nashorn.jar;C:\Program Files\Java\jre1.8.0_51\lib\ext\sunec.jar;C:\Program Files\Java\jre1.8.0_51\lib\ext\sunjce_provider.jar;C:\Program Files\Java\jre1.8.0_51\lib\ext\sunmscapi.jar;C:\Program Files\Java\jre1.8.0_51\lib\ext\sunpkcs11.jar;C:\Program Files\Java\jre1.8.0_51\lib\ext\zipfs.jar 
java_command: snod.com.cn.JpaApplication
java_class_path (initial): C:\Program Files\Java\jre1.8.0_51\lib\resources.jar;C:\Program Files\Java\jre1.8.0_51\lib\rt.jar;C:\Program Files\Java\jre1.8.0_51\lib\jsse.jar;C:\Program Files\Java\jre1.8.0_51\lib\jce.jar;C:\Program Files\Java\jre1.8.0_51\lib\charsets.jar;C:\Program Files\Java\jre1.8.0_51\lib\jfr.jar;C:\Program Files\Java\jre1.8.0_51\lib\ext\access-bridge-64.jar;C:\Program Files\Java\jre1.8.0_51\lib\ext\cldrdata.jar;C:\Program Files\Java\jre1.8.0_51\lib\ext\dnsns.jar;C:\Program Files\Java\jre1.8.0_51\lib\ext\jaccess.jar;C:\Program Files\Java\jre1.8.0_51\lib\ext\jfxrt.jar;C:\Program Files\Java\jre1.8.0_51\lib\ext\localedata.jar;C:\Program Files\Java\jre1.8.0_51\lib\ext\nashorn.jar;C:\Program Files\Java\jre1.8.0_51\lib\ext\sunec.jar;C:\Program Files\Java\jre1.8.0_51\lib\ext\sunjce_provider.jar;C:\Program Files\Java\jre1.8.0_51\lib\ext\sunmscapi.jar;C:\Program Files\Java\jre1.8.0_51\lib\ext\sunpkcs11.jar;C:\Program Files\Java\jre1.8.0_51\lib\ext\zipfs.jar;D:\workspace_log\Log_Platform\Log_JPA\target\classes;C:\Users\Administrator\.m2\repository\org\springframework\boot\spring-boot-starter-data-jpa\2.1.7.RELEASE\spring-boot-starter-data-jpa-2.1.7.RELEASE.jar;C:\Users\Administrator\.m2\repository\javax\transaction\javax.transaction-api\1.3\javax.transaction-api-1.3.jar;C:\Users\Administrator\.m2\repository\javax\xml\bind\jaxb-api\2.3.1\jaxb-api-2.3.1.jar;C:\Users\Administrator\.m2\repository\javax\activation\javax.activation-api\1.2.0\javax.activation-api-1.2.0.jar;C:\Users\Administrator\.m2\repository\org\hibernate\hibernate-core\5.3.10.Final\hibernate-core-5.3.10.Final.jar;C:\Users\Administrator\.m2\repository\org\jboss\logging\jboss-logging\3.3.2.Final\jboss-logging-3.3.2.Final.jar;C:\Users\Administrator\.m2\repository\javax\persistence\javax.persistence-api\2.2\javax.persistence-api-2.2.jar;C:\Users\Administrator\.m2\repository\org\javassist\javassist\3.23.2-GA\javassist-3.23.2-GA.jar;C:\Users\Administrator\.m2\repository\net\bytebuddy\byte-buddy\1.9.16
Launcher Type: SUN_STANDARD

Environment Variables:
JAVA_HOME=C:\Program Files\Java\jdk1.8.0_51
CLASSPATH=.;C:\Program Files\Java\jdk1.8.0_51\lib;C:\Program Files\Java\jdk1.8.0_51\lib\dt.jar;C:\Program Files\Java\jdk1.8.0_51\lib\tools.jar
PATH=C:/Program Files/Java/jre1.8.0_51/bin/server;C:/Program Files/Java/jre1.8.0_51/bin;C:/Program Files/Java/jre1.8.0_51/lib/amd64;C:\Program Files (x86)\NetSarang\Xshell 6\;C:\Program Files\Python37\Scripts\;C:\Program Files\Python37\;C:\ProgramData\Oracle\Java\javapath;C:\Windows\system32;C:\Windows;C:\Windows\System32\Wbem;C:\Windows\System32\WindowsPowerShell\v1.0\;C:\Program Files (x86)\NVIDIA Corporation\PhysX\Common;D:\apache-maven-3.3.1\bin;C:\Program Files\Java\jdk1.8.0_51\bin;C:\Program Files\Java\jdk1.8.0_51\jre\bin;C:\Program Files\TortoiseSVN\bin;C:\Program Files\TortoiseGit\bin;C:\Program Files\nodejs\;C:\Program Files\Git\cmd;C:\Users\Administrator\AppData\Local\Microsoft\WindowsApps;C:\Users\Administrator\AppData\Local\BypassRuntm;C:\Users\Administrator\AppData\Roaming\npm;c:\program files\esafenet\cobra docguard client;E:\Program Files\JetBrains\WebStorm 2019.1.3\bin;;D:\eclipse;
USERNAME=Administrator
OS=Windows_NT
PROCESSOR_IDENTIFIER=Intel64 Family 6 Model 158 Stepping 9, GenuineIntel



---------------  S Y S T E M  ---------------

OS: Windows 10.0 , 64 bit Build 14393 (10.0.14393.1198)

CPU:total 8 (4 cores per cpu, 2 threads per core) family 6 model 158 stepping 9, cmov, cx8, fxsr, mmx, sse, sse2, sse3, ssse3, sse4.1, sse4.2, popcnt, avx, avx2, aes, clmul, erms, rtm, 3dnowpref, lzcnt, ht, tsc, tscinvbit, bmi1, bmi2, adx

Memory: 4k page, physical 8293544k(2709804k free), swap 17206440k(9934996k free)

vm_info: Java HotSpot(TM) 64-Bit Server VM (25.51-b03) for windows-amd64 JRE (1.8.0_51-b16), built on Jun  8 2015 18:03:07 by "java_re" with MS VC++ 10.0 (VS2010)

time: Tue Nov 26 10:23:27 2019
elapsed time: 348 seconds (0d 0h 5m 48s)

